2024-03-16 19:37:04,991 - No messages received
2024-03-16 19:37:26,998 - No messages received
2024-03-16 19:37:49,005 - No messages received
2024-03-16 19:38:11,012 - No messages received
2024-03-16 19:40:00,520 - No messages received
2024-03-16 19:40:22,529 - No messages received
2024-03-16 19:40:44,537 - No messages received
2024-03-16 19:41:06,547 - No messages received
2024-03-16 19:41:28,554 - No messages received
2024-03-16 19:41:50,561 - No messages received
2024-03-16 19:42:12,569 - No messages received
2024-03-16 19:42:34,576 - No messages received
2024-03-16 19:42:56,629 - No messages received
2024-03-16 19:43:18,636 - No messages received
2024-03-16 19:43:40,643 - No messages received
2024-03-16 19:44:02,731 - No messages received
2024-03-16 19:44:24,739 - No messages received
2024-03-16 19:44:46,745 - No messages received
2024-03-16 19:45:08,752 - No messages received
2024-03-16 19:45:30,759 - No messages received
2024-03-16 19:45:52,766 - No messages received
2024-03-16 19:46:14,774 - No messages received
2024-03-16 19:46:36,782 - No messages received
2024-03-16 19:46:58,790 - No messages received
2024-03-16 19:47:20,798 - No messages received
2024-03-16 19:47:42,807 - No messages received
2024-03-16 19:48:04,896 - No messages received
2024-03-16 19:48:26,903 - No messages received
2024-03-16 19:48:48,910 - No messages received
2024-03-16 19:49:10,917 - No messages received
2024-03-16 19:49:32,926 - No messages received
2024-03-16 19:49:54,933 - No messages received
2024-03-16 19:50:16,939 - No messages received
2024-03-16 19:50:38,946 - No messages received
2024-03-16 19:51:00,953 - No messages received
2024-03-16 19:51:22,960 - No messages received
2024-03-16 19:51:44,967 - No messages received
2024-03-16 19:52:07,052 - No messages received
2024-03-16 19:52:29,060 - No messages received
2024-03-16 19:52:51,068 - No messages received
2024-03-16 19:53:13,076 - No messages received
2024-03-16 19:53:35,084 - No messages received
2024-03-16 19:53:57,090 - No messages received
2024-03-18 04:38:13,278 - No messages received
2024-03-18 04:38:35,287 - No messages received
2024-03-18 04:38:57,296 - No messages received
2024-03-18 04:39:19,305 - No messages received
2024-03-18 04:39:41,314 - No messages received
2024-03-18 04:40:03,322 - No messages received
2024-03-18 04:41:41,298 - No messages received
2024-03-18 04:42:03,309 - No messages received
2024-03-18 04:42:25,318 - No messages received
2024-03-18 04:42:47,327 - No messages received
2024-03-18 04:43:09,335 - No messages received
2024-03-18 04:43:31,344 - No messages received
2024-03-18 04:43:53,353 - No messages received
2024-03-18 04:44:15,362 - No messages received
2024-03-18 04:44:37,371 - No messages received
2024-03-18 04:44:59,379 - No messages received
2024-03-18 04:45:21,389 - No messages received
2024-03-18 04:45:43,478 - No messages received
2024-03-18 04:46:05,485 - No messages received
2024-03-18 04:46:27,493 - No messages received
2024-03-18 04:46:48,721 - Message received:
2024-03-18 04:46:48,722 - Deleting this message
2024-03-18 04:46:48,891 - Running the face recog scrit for:test_588.jpg
2024-03-18 04:46:56,308 - Obtained the results for test_588.jpg is Bill
2024-03-18 04:46:56,421 - write_to_output_queue result: test_588:Bill
2024-03-18 04:46:56,446 - Done writing: test_588:Bill
2024-03-18 04:47:18,452 - No messages received
2024-03-18 04:47:40,460 - No messages received
2024-03-18 04:48:02,468 - No messages received
2024-03-18 04:48:24,477 - No messages received
2024-03-18 04:48:46,483 - No messages received
2024-03-18 04:49:08,491 - No messages received
2024-03-18 04:49:10,518 - Message received:
2024-03-18 04:49:10,519 - Deleting this message
2024-03-18 04:49:10,641 - Running the face recog scrit for:test_588.jpg
2024-03-18 04:49:17,232 - Obtained the results for test_588.jpg is Bill
2024-03-18 04:49:17,338 - write_to_output_queue result: test_588:Bill
2024-03-18 04:49:17,352 - Done writing: test_588:Bill
2024-03-18 04:49:39,440 - No messages received
2024-03-18 04:50:01,446 - No messages received
2024-03-18 04:50:23,453 - No messages received
2024-03-18 04:50:45,460 - No messages received
2024-03-18 04:51:07,467 - No messages received
2024-03-18 04:51:29,473 - No messages received
2024-03-18 04:51:37,429 - Message received:
2024-03-18 04:51:37,429 - Deleting this message
2024-03-18 04:51:37,562 - Running the face recog scrit for:test_588.jpg
2024-03-18 04:51:43,611 - Obtained the results for test_588.jpg is Bill
2024-03-18 04:51:43,707 - write_to_output_queue result: test_588:Bill
2024-03-18 04:51:43,729 - Done writing: test_588:Bill
2024-03-18 04:52:05,736 - No messages received
2024-03-18 04:52:27,742 - No messages received
2024-03-18 04:52:49,749 - No messages received
2024-03-18 04:53:11,757 - No messages received
2024-03-18 04:53:33,848 - No messages received
2024-03-18 04:53:55,856 - No messages received
2024-03-18 04:54:17,863 - No messages received
2024-03-18 04:54:39,871 - No messages received
2024-03-18 04:55:01,879 - No messages received
2024-03-18 04:55:23,887 - No messages received
2024-03-18 04:55:45,895 - No messages received
2024-03-18 04:56:07,902 - No messages received
2024-03-18 04:56:29,911 - No messages received
2024-03-18 04:56:51,919 - No messages received
2024-03-18 04:57:13,927 - No messages received
2024-03-18 04:57:36,021 - No messages received
2024-03-18 04:57:58,031 - No messages received
2024-03-18 04:58:20,041 - No messages received
2024-03-18 04:58:36,411 - Message received:
2024-03-18 04:58:36,412 - Deleting this message
2024-03-18 04:58:36,608 - Running the face recog scrit for:test_588.jpg
2024-03-18 04:58:42,623 - Obtained the results for test_588.jpg is Bill
2024-03-18 04:58:42,739 - write_to_output_queue result: test_588:Bill
2024-03-18 04:58:42,760 - Done writing: test_588:Bill
2024-03-18 04:59:04,768 - No messages received
2024-03-18 04:59:26,778 - No messages received
2024-03-18 04:59:31,382 - Message received:
2024-03-18 04:59:31,382 - Deleting this message
2024-03-18 04:59:31,501 - Running the face recog scrit for:test_588.jpg
2024-03-18 04:59:38,141 - Obtained the results for test_588.jpg is Bill
2024-03-18 04:59:38,242 - write_to_output_queue result: test_588:Bill
2024-03-18 04:59:38,262 - Done writing: test_588:Bill
2024-03-18 05:00:00,271 - No messages received
2024-03-18 05:00:22,280 - No messages received
2024-03-18 05:00:44,290 - No messages received
2024-03-18 05:01:06,300 - No messages received
2024-03-18 05:01:25,385 - Message received:
2024-03-18 05:01:25,385 - Deleting this message
2024-03-18 05:01:25,502 - Running the face recog scrit for:test_588.jpg
2024-03-18 05:01:31,322 - Obtained the results for test_588.jpg is Bill
2024-03-18 05:01:31,422 - write_to_output_queue result: test_588:Bill
2024-03-18 05:01:31,430 - Done writing: test_588:Bill
2024-03-18 05:01:53,437 - No messages received
2024-03-18 05:02:15,446 - No messages received
2024-03-18 05:02:37,454 - No messages received
2024-03-18 05:02:59,489 - No messages received
2024-03-18 05:03:21,498 - No messages received
2024-03-18 05:03:43,505 - No messages received
2024-03-18 05:04:05,512 - No messages received
2024-03-18 05:04:20,404 - Message received:
2024-03-18 05:04:20,404 - Deleting this message
2024-03-18 05:04:20,525 - Running the face recog scrit for:test_588.jpg
2024-03-18 05:04:26,794 - Obtained the results for test_588.jpg is Bill
2024-03-18 05:04:26,915 - write_to_output_queue result: test_588:Bill
2024-03-18 05:04:26,936 - Done writing: test_588:Bill
2024-03-18 05:04:48,943 - No messages received
2024-03-18 05:05:10,952 - No messages received
2024-03-18 05:05:33,041 - No messages received
2024-03-18 05:05:55,049 - No messages received
2024-03-18 05:05:59,048 - Message received:
2024-03-18 05:05:59,048 - Deleting this message
2024-03-18 05:05:59,156 - Running the face recog scrit for:test_946.jpg
2024-03-18 05:06:06,157 - Obtained the results for test_946.jpg is Gerry
2024-03-18 05:06:06,271 - write_to_output_queue result: test_946:Gerry
2024-03-18 05:06:06,292 - Done writing: test_946:Gerry
2024-03-18 05:06:28,299 - No messages received
2024-03-18 05:06:50,306 - No messages received
2024-03-18 05:06:59,400 - Message received:
2024-03-18 05:06:59,400 - Deleting this message
2024-03-18 05:06:59,527 - Running the face recog scrit for:test_577.jpg
2024-03-18 05:07:05,445 - Obtained the results for test_577.jpg is Ranil
2024-03-18 05:07:05,610 - write_to_output_queue result: test_577:Ranil
2024-03-18 05:07:05,620 - Done writing: test_577:Ranil
2024-03-18 05:07:27,627 - No messages received
2024-03-18 05:07:29,665 - Message received:
2024-03-18 05:07:29,665 - Deleting this message
2024-03-18 05:07:29,778 - Running the face recog scrit for:test_205.jpg
2024-03-18 05:07:34,907 - Obtained the results for test_205.jpg is Gerry
2024-03-18 05:07:35,007 - write_to_output_queue result: test_205:Gerry
2024-03-18 05:07:35,018 - Done writing: test_205:Gerry
2024-03-18 05:07:57,025 - No messages received
2024-03-18 05:07:59,872 - Message received:
2024-03-18 05:07:59,872 - Deleting this message
2024-03-18 05:07:59,982 - Running the face recog scrit for:test_211.jpg
2024-03-18 05:08:05,412 - Obtained the results for test_211.jpg is Emily
2024-03-18 05:08:05,545 - write_to_output_queue result: test_211:Emily
2024-03-18 05:08:05,553 - Done writing: test_211:Emily
2024-03-18 05:08:07,566 - Message received:
2024-03-18 05:08:07,566 - Deleting this message
2024-03-18 05:08:07,682 - Running the face recog scrit for:test_239.jpg
2024-03-18 05:08:12,595 - Obtained the results for test_239.jpg is Wang
2024-03-18 05:08:12,694 - write_to_output_queue result: test_239:Wang
2024-03-18 05:08:12,701 - Done writing: test_239:Wang
2024-03-18 05:08:34,707 - No messages received
2024-03-18 05:08:56,714 - No messages received
2024-03-18 05:09:05,904 - Message received:
2024-03-18 05:09:05,904 - Deleting this message
2024-03-18 05:09:06,103 - Running the face recog scrit for:test_749.jpg
2024-03-18 05:09:12,221 - Obtained the results for test_749.jpg is Wang
2024-03-18 05:09:12,321 - write_to_output_queue result: test_749:Wang
2024-03-18 05:09:12,328 - Done writing: test_749:Wang
2024-03-18 05:09:34,335 - No messages received
2024-03-18 05:09:36,347 - Message received:
2024-03-18 05:09:36,347 - Deleting this message
2024-03-18 05:09:36,459 - Running the face recog scrit for:test_991.jpg
2024-03-18 05:09:41,319 - Obtained the results for test_991.jpg is Emily
2024-03-18 05:09:41,425 - write_to_output_queue result: test_991:Emily
2024-03-18 05:09:41,433 - Done writing: test_991:Emily
2024-03-18 05:10:03,439 - No messages received
2024-03-18 05:10:25,446 - No messages received
2024-03-18 05:10:36,489 - Message received:
2024-03-18 05:10:36,489 - Deleting this message
2024-03-18 05:10:36,603 - Running the face recog scrit for:test_588.jpg
2024-03-18 05:10:43,296 - Obtained the results for test_588.jpg is Bill
2024-03-18 05:10:43,407 - write_to_output_queue result: test_588:Bill
2024-03-18 05:10:43,419 - Done writing: test_588:Bill
2024-03-18 05:11:05,425 - No messages received
2024-03-18 05:11:07,447 - Message received:
2024-03-18 05:11:07,447 - Deleting this message
2024-03-18 05:11:07,572 - Running the face recog scrit for:test_952.jpg
2024-03-18 05:11:12,462 - Obtained the results for test_952.jpg is Bob
2024-03-18 05:11:12,571 - write_to_output_queue result: test_952:Bob
2024-03-18 05:11:12,578 - Done writing: test_952:Bob
2024-03-18 05:11:34,585 - No messages received
2024-03-18 05:11:56,592 - No messages received
2024-03-18 05:12:06,954 - Message received:
2024-03-18 05:12:06,954 - Deleting this message
2024-03-18 05:12:07,072 - Running the face recog scrit for:test_563.jpg
2024-03-18 05:12:13,526 - Obtained the results for test_563.jpg is German
2024-03-18 05:12:13,635 - write_to_output_queue result: test_563:German
2024-03-18 05:12:13,644 - Done writing: test_563:German
2024-03-18 05:12:35,651 - No messages received
2024-03-18 05:12:57,658 - No messages received
2024-03-18 05:13:19,748 - No messages received
2024-03-18 05:13:41,756 - No messages received
2024-03-18 05:14:03,764 - No messages received
2024-03-18 05:14:25,774 - No messages received
2024-03-18 05:14:47,782 - No messages received
2024-03-18 05:15:09,789 - No messages received
2024-03-18 05:15:31,795 - No messages received
2024-03-18 05:15:53,802 - No messages received
2024-03-18 05:16:15,809 - No messages received
2024-03-18 05:16:37,817 - No messages received
2024-03-18 05:16:59,825 - No messages received
2024-03-18 05:17:21,961 - No messages received
2024-03-18 05:17:43,974 - No messages received
2024-03-18 05:18:05,981 - No messages received
2024-03-18 05:18:27,989 - No messages received
2024-03-18 05:18:49,996 - No messages received
2024-03-18 05:19:12,003 - No messages received
2024-03-18 05:19:17,659 - Message received:
2024-03-18 05:19:17,660 - Deleting this message
2024-03-18 05:19:17,773 - Running the face recog scrit for:test_952.jpg
2024-03-18 05:19:23,627 - Obtained the results for test_952.jpg is Bob
2024-03-18 05:19:23,740 - write_to_output_queue result: test_952:Bob
2024-03-18 05:19:23,748 - Done writing: test_952:Bob
2024-03-18 05:19:45,755 - No messages received
2024-03-18 05:20:07,763 - No messages received
2024-03-18 05:20:29,770 - No messages received
2024-03-18 05:20:51,777 - No messages received
2024-03-18 05:21:13,784 - No messages received
2024-03-18 05:21:35,875 - No messages received
2024-03-18 05:21:57,883 - No messages received
2024-03-18 05:22:19,890 - No messages received
2024-03-18 05:22:41,898 - No messages received
2024-03-18 05:23:03,905 - No messages received
2024-03-18 05:23:25,913 - No messages received
2024-03-18 05:23:47,920 - No messages received
2024-03-18 05:24:09,928 - No messages received
2024-03-18 05:24:31,936 - No messages received
2024-03-18 05:24:53,943 - No messages received
2024-03-18 05:25:15,950 - No messages received
2024-03-18 05:25:38,043 - No messages received
2024-03-18 05:26:00,050 - No messages received
2024-03-18 05:26:05,809 - Message received:
2024-03-18 05:26:05,810 - Deleting this message
2024-03-18 05:26:05,934 - Running the face recog scrit for:test_588.jpg
2024-03-18 05:26:11,888 - Obtained the results for test_588.jpg is Bill
2024-03-18 05:26:12,005 - write_to_output_queue result: test_588:Bill
2024-03-18 05:26:12,022 - Done writing: test_588:Bill
2024-03-18 05:26:34,029 - No messages received
2024-03-18 05:26:56,036 - No messages received
2024-03-18 05:27:18,044 - No messages received
2024-03-18 05:27:40,053 - No messages received
2024-03-18 05:28:02,060 - No messages received
2024-03-18 05:28:24,067 - No messages received
2024-03-18 05:28:46,074 - No messages received
2024-03-18 05:29:08,082 - No messages received
2024-03-18 05:29:13,222 - Message received:
2024-03-18 05:29:13,223 - Deleting this message
2024-03-18 05:29:13,339 - Running the face recog scrit for:test_588.jpg
2024-03-18 05:29:19,487 - Obtained the results for test_588.jpg is Bill
2024-03-18 05:29:19,606 - write_to_output_queue result: test_588:Bill
2024-03-18 05:29:19,616 - Done writing: test_588:Bill
2024-03-18 05:29:41,624 - No messages received
2024-03-18 05:30:03,632 - No messages received
2024-03-18 05:30:13,498 - Message received:
2024-03-18 05:30:13,498 - Deleting this message
2024-03-18 05:30:13,614 - Running the face recog scrit for:test_588.jpg
2024-03-18 05:30:20,755 - Obtained the results for test_588.jpg is Bill
2024-03-18 05:30:20,867 - write_to_output_queue result: test_588:Bill
2024-03-18 05:30:20,880 - Done writing: test_588:Bill
2024-03-18 05:30:42,888 - No messages received
2024-03-18 05:31:04,896 - No messages received
2024-03-18 05:31:09,566 - Message received:
2024-03-18 05:31:09,566 - Deleting this message
2024-03-18 05:31:09,679 - Running the face recog scrit for:test_588.jpg
2024-03-18 05:31:16,349 - Obtained the results for test_588.jpg is Bill
2024-03-18 05:31:16,464 - write_to_output_queue result: test_588:Bill
2024-03-18 05:31:16,476 - Done writing: test_588:Bill
2024-03-18 05:31:19,728 - Message received:
2024-03-18 05:31:19,728 - Deleting this message
2024-03-18 05:31:19,838 - Running the face recog scrit for:test_239.jpg
2024-03-18 05:31:24,971 - Obtained the results for test_239.jpg is Wang
2024-03-18 05:31:25,090 - write_to_output_queue result: test_239:Wang
2024-03-18 05:31:25,097 - Done writing: test_239:Wang
2024-03-18 05:31:29,880 - Message received:
2024-03-18 05:31:29,881 - Deleting this message
2024-03-18 05:31:29,992 - Running the face recog scrit for:test_563.jpg
2024-03-18 05:31:35,219 - Obtained the results for test_563.jpg is German
2024-03-18 05:31:35,321 - write_to_output_queue result: test_563:German
2024-03-18 05:31:35,329 - Done writing: test_563:German
2024-03-18 05:31:40,030 - Message received:
2024-03-18 05:31:40,031 - Deleting this message
2024-03-18 05:31:40,147 - Running the face recog scrit for:test_211.jpg
2024-03-18 05:31:45,048 - Obtained the results for test_211.jpg is Emily
2024-03-18 05:31:45,149 - write_to_output_queue result: test_211:Emily
2024-03-18 05:31:45,156 - Done writing: test_211:Emily
2024-03-18 05:31:50,189 - Message received:
2024-03-18 05:31:50,189 - Deleting this message
2024-03-18 05:31:50,303 - Running the face recog scrit for:test_577.jpg
2024-03-18 05:31:55,288 - Obtained the results for test_577.jpg is Ranil
2024-03-18 05:31:55,393 - write_to_output_queue result: test_577:Ranil
2024-03-18 05:31:55,404 - Done writing: test_577:Ranil
2024-03-18 05:32:17,414 - No messages received
2024-03-18 05:32:39,424 - No messages received
2024-03-18 05:33:01,433 - No messages received
2024-03-18 05:33:23,520 - No messages received
2024-03-18 05:33:45,528 - No messages received
2024-03-18 05:34:04,271 - Message received:
2024-03-18 05:34:04,272 - Deleting this message
2024-03-18 05:34:04,386 - Running the face recog scrit for:test_211.jpg
2024-03-18 05:34:10,614 - Obtained the results for test_211.jpg is Emily
2024-03-18 05:34:10,714 - write_to_output_queue result: test_211:Emily
2024-03-18 05:34:10,725 - Done writing: test_211:Emily
2024-03-18 05:34:14,416 - Message received:
2024-03-18 05:34:14,416 - Deleting this message
2024-03-18 05:34:14,525 - Running the face recog scrit for:test_577.jpg
2024-03-18 05:34:19,477 - Obtained the results for test_577.jpg is Ranil
2024-03-18 05:34:19,585 - write_to_output_queue result: test_577:Ranil
2024-03-18 05:34:19,590 - Done writing: test_577:Ranil
2024-03-18 05:34:24,567 - Message received:
2024-03-18 05:34:24,568 - Deleting this message
2024-03-18 05:34:24,676 - Running the face recog scrit for:test_239.jpg
2024-03-18 05:34:29,615 - Obtained the results for test_239.jpg is Wang
2024-03-18 05:34:29,724 - write_to_output_queue result: test_239:Wang
2024-03-18 05:34:29,729 - Done writing: test_239:Wang
2024-03-18 05:34:34,714 - Message received:
2024-03-18 05:34:34,715 - Deleting this message
2024-03-18 05:34:34,852 - Running the face recog scrit for:test_588.jpg
2024-03-18 05:34:39,707 - Obtained the results for test_588.jpg is Bill
2024-03-18 05:34:39,838 - write_to_output_queue result: test_588:Bill
2024-03-18 05:34:39,845 - Done writing: test_588:Bill
2024-03-18 05:34:44,903 - Message received:
2024-03-18 05:34:44,904 - Deleting this message
2024-03-18 05:34:45,016 - Running the face recog scrit for:test_563.jpg
2024-03-18 05:34:49,813 - Obtained the results for test_563.jpg is German
2024-03-18 05:34:49,913 - write_to_output_queue result: test_563:German
2024-03-18 05:34:49,927 - Done writing: test_563:German
2024-03-18 05:35:11,933 - No messages received
2024-03-18 12:44:31,053 - No messages received
2024-03-18 12:44:53,062 - No messages received
2024-03-18 12:45:15,070 - No messages received
2024-03-18 12:45:37,078 - No messages received
2024-03-18 12:45:59,086 - No messages received
2024-03-18 12:46:21,093 - No messages received
2024-03-18 12:46:43,101 - No messages received
2024-03-18 12:47:05,109 - No messages received
2024-03-18 12:47:27,117 - No messages received
2024-03-18 12:47:49,125 - No messages received
2024-03-18 12:48:11,133 - No messages received
2024-03-18 12:48:33,220 - No messages received
2024-03-18 12:48:55,228 - No messages received
2024-03-18 12:49:17,235 - No messages received
2024-03-18 12:49:39,242 - No messages received
2024-03-18 12:50:01,250 - No messages received
2024-03-18 12:50:23,258 - No messages received
2024-03-18 12:50:27,152 - Message received:
2024-03-18 12:50:27,152 - Deleting this message
2024-03-18 12:50:27,363 - Running the face recog scrit for:test_370.jpg
2024-03-18 12:50:34,243 - Obtained the results for test_370.jpg is Paul
2024-03-18 12:50:34,356 - write_to_output_queue result: test_370:Paul
2024-03-18 12:50:34,366 - Done writing: test_370:Paul
2024-03-18 12:50:36,380 - Message received:
2024-03-18 12:50:36,381 - Deleting this message
2024-03-18 12:50:36,494 - Running the face recog scrit for:test_403.jpg
2024-03-18 12:50:41,583 - Obtained the results for test_403.jpg is German
2024-03-18 12:50:41,689 - write_to_output_queue result: test_403:German
2024-03-18 12:50:41,695 - Done writing: test_403:German
2024-03-18 12:50:43,702 - Message received:
2024-03-18 12:50:43,702 - Deleting this message
2024-03-18 12:50:43,823 - Running the face recog scrit for:test_946.jpg
2024-03-18 12:50:48,742 - Obtained the results for test_946.jpg is Gerry
2024-03-18 12:50:48,847 - write_to_output_queue result: test_946:Gerry
2024-03-18 12:50:48,858 - Done writing: test_946:Gerry
2024-03-18 12:50:50,866 - Message received:
2024-03-18 12:50:50,866 - Deleting this message
2024-03-18 12:50:50,983 - Running the face recog scrit for:test_985.jpg
2024-03-18 12:50:55,806 - Obtained the results for test_985.jpg is Gerry
2024-03-18 12:50:55,914 - write_to_output_queue result: test_985:Gerry
2024-03-18 12:50:55,919 - Done writing: test_985:Gerry
2024-03-18 12:50:57,927 - Message received:
2024-03-18 12:50:57,927 - Deleting this message
2024-03-18 12:50:58,040 - Running the face recog scrit for:test_749.jpg
2024-03-18 12:51:03,053 - Obtained the results for test_749.jpg is Wang
2024-03-18 12:51:03,155 - write_to_output_queue result: test_749:Wang
2024-03-18 12:51:03,162 - Done writing: test_749:Wang
2024-03-18 12:51:05,176 - Message received:
2024-03-18 12:51:05,176 - Deleting this message
2024-03-18 12:51:05,294 - Running the face recog scrit for:test_991.jpg
2024-03-18 12:51:10,379 - Obtained the results for test_991.jpg is Emily
2024-03-18 12:51:10,478 - write_to_output_queue result: test_991:Emily
2024-03-18 12:51:10,484 - Done writing: test_991:Emily
2024-03-18 12:51:12,491 - Message received:
2024-03-18 12:51:12,491 - Deleting this message
2024-03-18 12:51:12,603 - Running the face recog scrit for:test_826.jpg
2024-03-18 12:51:17,525 - Obtained the results for test_826.jpg is Gerry
2024-03-18 12:51:17,623 - write_to_output_queue result: test_826:Gerry
2024-03-18 12:51:17,630 - Done writing: test_826:Gerry
2024-03-18 12:51:19,638 - Message received:
2024-03-18 12:51:19,638 - Deleting this message
2024-03-18 12:51:19,770 - Running the face recog scrit for:test_629.jpg
2024-03-18 12:51:24,555 - Obtained the results for test_629.jpg is Wang
2024-03-18 12:51:24,662 - write_to_output_queue result: test_629:Wang
2024-03-18 12:51:24,668 - Done writing: test_629:Wang
2024-03-18 12:51:26,675 - Message received:
2024-03-18 12:51:26,675 - Deleting this message
2024-03-18 12:51:26,786 - Running the face recog scrit for:test_172.jpg
2024-03-18 12:51:31,576 - Obtained the results for test_172.jpg is Bob
2024-03-18 12:51:31,675 - write_to_output_queue result: test_172:Bob
2024-03-18 12:51:31,681 - Done writing: test_172:Bob
2024-03-18 12:51:33,689 - Message received:
2024-03-18 12:51:33,689 - Deleting this message
2024-03-18 12:51:33,802 - Running the face recog scrit for:test_832.jpg
2024-03-18 12:51:38,659 - Obtained the results for test_832.jpg is Bob
2024-03-18 12:51:38,759 - write_to_output_queue result: test_832:Bob
2024-03-18 12:51:38,765 - Done writing: test_832:Bob
2024-03-18 12:51:40,777 - Message received:
2024-03-18 12:51:40,777 - Deleting this message
2024-03-18 12:51:40,929 - Running the face recog scrit for:test_007.jpg
2024-03-18 12:51:45,744 - Obtained the results for test_007.jpg is Ranil
2024-03-18 12:51:45,844 - write_to_output_queue result: test_007:Ranil
2024-03-18 12:51:45,850 - Done writing: test_007:Ranil
2024-03-18 12:51:47,859 - Message received:
2024-03-18 12:51:47,859 - Deleting this message
2024-03-18 12:51:47,970 - Running the face recog scrit for:test_365.jpg
2024-03-18 12:51:52,751 - Obtained the results for test_365.jpg is Gerry
2024-03-18 12:51:52,855 - write_to_output_queue result: test_365:Gerry
2024-03-18 12:51:52,861 - Done writing: test_365:Gerry
2024-03-18 12:51:54,869 - Message received:
2024-03-18 12:51:54,869 - Deleting this message
2024-03-18 12:51:54,985 - Running the face recog scrit for:test_601.jpg
2024-03-18 12:51:59,755 - Obtained the results for test_601.jpg is Emily
2024-03-18 12:51:59,858 - write_to_output_queue result: test_601:Emily
2024-03-18 12:51:59,864 - Done writing: test_601:Emily
2024-03-18 12:52:01,873 - Message received:
2024-03-18 12:52:01,873 - Deleting this message
2024-03-18 12:52:01,983 - Running the face recog scrit for:test_827.jpg
2024-03-18 12:52:06,900 - Obtained the results for test_827.jpg is Ranil
2024-03-18 12:52:07,011 - write_to_output_queue result: test_827:Ranil
2024-03-18 12:52:07,017 - Done writing: test_827:Ranil
2024-03-18 12:52:09,104 - Message received:
2024-03-18 12:52:09,104 - Deleting this message
2024-03-18 12:52:09,224 - Running the face recog scrit for:test_359.jpg
2024-03-18 12:52:14,029 - Obtained the results for test_359.jpg is Wang
2024-03-18 12:52:14,132 - write_to_output_queue result: test_359:Wang
2024-03-18 12:52:14,140 - Done writing: test_359:Wang
2024-03-18 12:52:16,147 - Message received:
2024-03-18 12:52:16,148 - Deleting this message
2024-03-18 12:52:16,268 - Running the face recog scrit for:test_371.jpg
2024-03-18 12:52:21,033 - Obtained the results for test_371.jpg is Emily
2024-03-18 12:52:21,140 - write_to_output_queue result: test_371:Emily
2024-03-18 12:52:21,146 - Done writing: test_371:Emily
2024-03-18 12:52:23,159 - Message received:
2024-03-18 12:52:23,159 - Deleting this message
2024-03-18 12:52:23,288 - Running the face recog scrit for:test_417.jpg
2024-03-18 12:52:28,151 - Obtained the results for test_417.jpg is Ranil
2024-03-18 12:52:28,254 - write_to_output_queue result: test_417:Ranil
2024-03-18 12:52:28,260 - Done writing: test_417:Ranil
2024-03-18 12:52:30,267 - Message received:
2024-03-18 12:52:30,267 - Deleting this message
2024-03-18 12:52:30,374 - Running the face recog scrit for:test_416.jpg
2024-03-18 12:52:35,210 - Obtained the results for test_416.jpg is Gerry
2024-03-18 12:52:35,316 - write_to_output_queue result: test_416:Gerry
2024-03-18 12:52:35,321 - Done writing: test_416:Gerry
2024-03-18 12:52:37,333 - Message received:
2024-03-18 12:52:37,333 - Deleting this message
2024-03-18 12:52:37,444 - Running the face recog scrit for:test_760.jpg
2024-03-18 12:52:42,298 - Obtained the results for test_760.jpg is Paul
2024-03-18 12:52:42,397 - write_to_output_queue result: test_760:Paul
2024-03-18 12:52:42,405 - Done writing: test_760:Paul
2024-03-18 12:52:44,412 - Message received:
2024-03-18 12:52:44,412 - Deleting this message
2024-03-18 12:52:44,520 - Running the face recog scrit for:test_947.jpg
2024-03-18 12:52:49,312 - Obtained the results for test_947.jpg is Ranil
2024-03-18 12:52:49,417 - write_to_output_queue result: test_947:Ranil
2024-03-18 12:52:49,423 - Done writing: test_947:Ranil
2024-03-18 12:52:51,430 - Message received:
2024-03-18 12:52:51,430 - Deleting this message
2024-03-18 12:52:51,546 - Running the face recog scrit for:test_563.jpg
2024-03-18 12:52:56,285 - Obtained the results for test_563.jpg is German
2024-03-18 12:52:56,390 - write_to_output_queue result: test_563:German
2024-03-18 12:52:56,395 - Done writing: test_563:German
2024-03-18 12:52:58,402 - Message received:
2024-03-18 12:52:58,402 - Deleting this message
2024-03-18 12:52:58,515 - Running the face recog scrit for:test_402.jpg
2024-03-18 12:53:03,338 - Obtained the results for test_402.jpg is Bob
2024-03-18 12:53:03,443 - write_to_output_queue result: test_402:Bob
2024-03-18 12:53:03,448 - Done writing: test_402:Bob
2024-03-18 12:53:05,466 - Message received:
2024-03-18 12:53:05,466 - Deleting this message
2024-03-18 12:53:05,579 - Running the face recog scrit for:test_012.jpg
2024-03-18 12:53:10,395 - Obtained the results for test_012.jpg is Bob
2024-03-18 12:53:10,506 - write_to_output_queue result: test_012:Bob
2024-03-18 12:53:10,511 - Done writing: test_012:Bob
2024-03-18 12:53:12,539 - Message received:
2024-03-18 12:53:12,539 - Deleting this message
2024-03-18 12:53:12,652 - Running the face recog scrit for:test_952.jpg
2024-03-18 12:53:17,373 - Obtained the results for test_952.jpg is Bob
2024-03-18 12:53:17,481 - write_to_output_queue result: test_952:Bob
2024-03-18 12:53:17,487 - Done writing: test_952:Bob
2024-03-18 12:53:19,520 - Message received:
2024-03-18 12:53:19,520 - Deleting this message
2024-03-18 12:53:19,639 - Running the face recog scrit for:test_358.jpg
2024-03-18 12:53:24,461 - Obtained the results for test_358.jpg is Bill
2024-03-18 12:53:24,565 - write_to_output_queue result: test_358:Bill
2024-03-18 12:53:24,571 - Done writing: test_358:Bill
2024-03-18 12:53:26,596 - Message received:
2024-03-18 12:53:26,596 - Deleting this message
2024-03-18 12:53:26,711 - Running the face recog scrit for:test_748.jpg
2024-03-18 12:53:31,504 - Obtained the results for test_748.jpg is Bill
2024-03-18 12:53:31,607 - write_to_output_queue result: test_748:Bill
2024-03-18 12:53:31,613 - Done writing: test_748:Bill
2024-03-18 12:53:35,398 - Message received:
2024-03-18 12:53:35,398 - Deleting this message
2024-03-18 12:53:35,517 - Running the face recog scrit for:test_990.jpg
2024-03-18 12:53:40,342 - Obtained the results for test_990.jpg is Paul
2024-03-18 12:53:40,447 - write_to_output_queue result: test_990:Paul
2024-03-18 12:53:40,452 - Done writing: test_990:Paul
2024-03-18 12:54:02,459 - No messages received
2024-03-18 12:54:24,466 - No messages received
2024-03-18 14:22:38,783 - Message received:
2024-03-18 14:22:38,784 - Deleting this message
2024-03-18 14:22:38,903 - Running the face recog scrit for:test_588.jpg
2024-03-18 14:22:45,616 - Obtained the results for test_588.jpg is Bill
2024-03-18 14:22:45,723 - write_to_output_queue result: test_588:Bill
2024-03-18 14:22:45,739 - Done writing: test_588:Bill
2024-03-18 14:22:56,656 - Message received:
2024-03-18 14:22:56,656 - Deleting this message
2024-03-18 14:22:56,790 - Running the face recog scrit for:test_588.jpg
2024-03-18 14:23:01,599 - Obtained the results for test_588.jpg is Bill
2024-03-18 14:23:01,703 - write_to_output_queue result: test_588:Bill
2024-03-18 14:23:01,716 - Done writing: test_588:Bill
2024-03-18 14:23:03,743 - Message received:
2024-03-18 14:23:03,743 - Deleting this message
2024-03-18 14:23:03,874 - Running the face recog scrit for:test_239.jpg
2024-03-18 14:23:08,765 - Obtained the results for test_239.jpg is Wang
2024-03-18 14:23:08,866 - write_to_output_queue result: test_239:Wang
2024-03-18 14:23:08,872 - Done writing: test_239:Wang
2024-03-18 14:23:30,878 - No messages received
2024-03-18 14:23:52,886 - No messages received
2024-03-18 14:24:14,894 - No messages received
2024-03-18 14:24:36,900 - No messages received
2024-03-18 14:24:58,908 - No messages received
2024-03-18 14:25:20,916 - No messages received
2024-03-18 14:25:42,923 - No messages received
2024-03-18 14:26:04,931 - No messages received
2024-03-18 14:26:26,939 - No messages received
2024-03-18 14:26:49,029 - No messages received
2024-03-18 14:26:56,003 - Message received:
2024-03-18 14:26:56,003 - Deleting this message
2024-03-18 14:26:56,118 - Running the face recog scrit for:test_588.jpg
2024-03-18 14:27:02,808 - Obtained the results for test_588.jpg is Bill
2024-03-18 14:27:03,012 - write_to_output_queue result: test_588:Bill
2024-03-18 14:27:03,025 - Done writing: test_588:Bill
2024-03-18 14:27:05,037 - Message received:
2024-03-18 14:27:05,037 - Deleting this message
2024-03-18 14:27:05,149 - Running the face recog scrit for:test_239.jpg
2024-03-18 14:27:12,608 - Obtained the results for test_239.jpg is Wang
2024-03-18 14:27:12,750 - write_to_output_queue result: test_239:Wang
2024-03-18 14:27:12,756 - Done writing: test_239:Wang
2024-03-18 14:27:14,764 - Message received:
2024-03-18 14:27:14,764 - Deleting this message
2024-03-18 14:27:14,880 - Running the face recog scrit for:test_952.jpg
2024-03-18 14:27:19,879 - Obtained the results for test_952.jpg is Bob
2024-03-18 14:27:19,983 - write_to_output_queue result: test_952:Bob
2024-03-18 14:27:19,988 - Done writing: test_952:Bob
2024-03-18 14:27:21,996 - Message received:
2024-03-18 14:27:21,996 - Deleting this message
2024-03-18 14:27:22,112 - Running the face recog scrit for:test_211.jpg
2024-03-18 14:27:26,896 - Obtained the results for test_211.jpg is Emily
2024-03-18 14:27:26,998 - write_to_output_queue result: test_211:Emily
2024-03-18 14:27:27,012 - Done writing: test_211:Emily
2024-03-18 14:27:29,032 - Message received:
2024-03-18 14:27:29,032 - Deleting this message
2024-03-18 14:27:29,145 - Running the face recog scrit for:test_991.jpg
2024-03-18 14:27:34,344 - Obtained the results for test_991.jpg is Emily
2024-03-18 14:27:34,491 - write_to_output_queue result: test_991:Emily
2024-03-18 14:27:34,502 - Done writing: test_991:Emily
2024-03-18 14:27:36,516 - Message received:
2024-03-18 14:27:36,517 - Deleting this message
2024-03-18 14:27:36,630 - Running the face recog scrit for:test_577.jpg
2024-03-18 14:27:41,532 - Obtained the results for test_577.jpg is Ranil
2024-03-18 14:27:41,639 - write_to_output_queue result: test_577:Ranil
2024-03-18 14:27:41,645 - Done writing: test_577:Ranil
2024-03-18 14:27:43,652 - Message received:
2024-03-18 14:27:43,652 - Deleting this message
2024-03-18 14:27:43,792 - Running the face recog scrit for:test_749.jpg
2024-03-18 14:27:48,934 - Obtained the results for test_749.jpg is Wang
2024-03-18 14:27:49,038 - write_to_output_queue result: test_749:Wang
2024-03-18 14:27:49,044 - Done writing: test_749:Wang
2024-03-18 14:27:51,056 - Message received:
2024-03-18 14:27:51,056 - Deleting this message
2024-03-18 14:27:51,181 - Running the face recog scrit for:test_588.jpg
2024-03-18 14:27:56,404 - Obtained the results for test_588.jpg is Bill
2024-03-18 14:27:56,504 - write_to_output_queue result: test_588:Bill
2024-03-18 14:27:56,510 - Done writing: test_588:Bill
2024-03-18 14:27:58,518 - Message received:
2024-03-18 14:27:58,518 - Deleting this message
2024-03-18 14:27:58,632 - Running the face recog scrit for:test_205.jpg
2024-03-18 14:28:03,955 - Obtained the results for test_205.jpg is Gerry
2024-03-18 14:28:04,056 - write_to_output_queue result: test_205:Gerry
2024-03-18 14:28:04,063 - Done writing: test_205:Gerry
2024-03-18 14:28:06,092 - Message received:
2024-03-18 14:28:06,092 - Deleting this message
2024-03-18 14:28:06,209 - Running the face recog scrit for:test_946.jpg
2024-03-18 14:28:11,060 - Obtained the results for test_946.jpg is Gerry
2024-03-18 14:28:11,168 - write_to_output_queue result: test_946:Gerry
2024-03-18 14:28:11,174 - Done writing: test_946:Gerry
2024-03-18 14:28:13,181 - Message received:
2024-03-18 14:28:13,181 - Deleting this message
2024-03-18 14:28:13,339 - Running the face recog scrit for:test_239.jpg
2024-03-18 14:28:18,236 - Obtained the results for test_239.jpg is Wang
2024-03-18 14:28:18,343 - write_to_output_queue result: test_239:Wang
2024-03-18 14:28:18,348 - Done writing: test_239:Wang
2024-03-18 14:28:20,366 - Message received:
2024-03-18 14:28:20,366 - Deleting this message
2024-03-18 14:28:20,481 - Running the face recog scrit for:test_563.jpg
2024-03-18 14:28:25,327 - Obtained the results for test_563.jpg is German
2024-03-18 14:28:25,351 - write_to_output_queue result: test_563:German
2024-03-18 14:28:25,357 - Done writing: test_563:German
2024-03-18 14:28:47,364 - No messages received
2024-06-20 10:49:03,961 - No messages received
2024-06-20 10:49:25,971 - No messages received
2024-06-20 10:49:47,979 - No messages received
2024-06-20 10:50:09,987 - No messages received
2024-06-20 10:50:31,995 - No messages received
2024-06-20 10:50:54,002 - No messages received
2024-06-20 10:51:16,010 - No messages received
2024-06-20 10:51:38,018 - No messages received
2024-06-20 10:52:00,029 - No messages received
2024-06-20 10:52:22,037 - No messages received
2024-06-20 10:52:44,045 - No messages received
2024-06-20 10:53:06,135 - No messages received
2024-06-20 10:53:28,165 - No messages received
2024-06-20 10:53:50,172 - No messages received
2024-06-20 10:54:12,179 - No messages received
2024-06-20 10:54:34,185 - No messages received
2024-06-20 10:54:56,194 - No messages received
2024-06-20 10:55:18,201 - No messages received
2024-06-20 10:55:40,208 - No messages received
2024-06-20 10:56:02,216 - No messages received
2024-06-20 10:56:24,223 - No messages received
2024-06-20 10:56:46,230 - No messages received
2024-06-20 10:57:08,320 - No messages received
2024-06-20 10:57:30,327 - No messages received
2024-06-20 10:57:52,334 - No messages received
2024-06-20 10:58:14,340 - No messages received
2024-06-20 10:58:36,346 - No messages received
2024-06-20 10:58:58,353 - No messages received
2024-06-20 10:59:20,359 - No messages received
2024-06-20 10:59:42,367 - No messages received
2024-06-20 11:00:04,375 - No messages received
2024-06-20 11:00:26,383 - No messages received
2024-06-20 11:00:48,391 - No messages received
2024-06-20 11:01:10,478 - No messages received
2024-06-20 11:01:32,487 - No messages received
2024-06-20 11:01:54,496 - No messages received
2024-06-20 11:02:16,503 - No messages received
2024-06-20 11:02:38,510 - No messages received
2024-06-20 11:03:00,517 - No messages received
2024-06-20 11:03:22,524 - No messages received
2024-06-20 11:03:44,533 - No messages received
2024-06-20 11:04:06,542 - No messages received
2024-06-20 11:04:28,551 - No messages received
2024-06-20 11:04:50,560 - No messages received
2024-06-20 11:05:12,649 - No messages received
2024-06-20 11:05:34,659 - No messages received
2024-06-20 11:05:56,668 - No messages received
2024-06-20 11:06:18,677 - No messages received
2024-06-20 11:06:40,686 - No messages received
2024-06-20 11:07:02,694 - No messages received
2024-06-20 11:07:24,703 - No messages received
2024-06-20 11:07:46,713 - No messages received
2024-06-20 11:08:08,722 - No messages received
2024-06-20 11:08:30,731 - No messages received
2024-06-20 11:08:52,740 - No messages received
2024-06-20 11:09:14,824 - No messages received
2024-06-20 11:09:36,832 - No messages received
2024-06-20 11:09:58,839 - No messages received
2024-06-20 11:10:20,847 - No messages received
2024-06-20 11:10:42,855 - No messages received
2024-06-20 11:11:04,863 - No messages received
2024-06-20 11:11:26,871 - No messages received
2024-06-20 11:11:48,879 - No messages received
2024-06-20 11:12:10,887 - No messages received
2024-06-20 11:12:32,894 - No messages received
2024-06-20 11:12:54,902 - No messages received
2024-06-20 11:13:16,988 - No messages received
2024-06-20 11:13:38,994 - No messages received
2024-06-20 11:14:01,001 - No messages received
2024-06-20 11:14:23,008 - No messages received
2024-06-20 11:14:45,014 - No messages received
2024-06-20 11:15:07,021 - No messages received
2024-06-20 11:15:29,028 - No messages received
2024-06-20 11:15:51,034 - No messages received
2024-06-20 11:16:13,041 - No messages received
2024-06-20 11:16:35,048 - No messages received
2024-06-20 11:16:57,054 - No messages received
2024-06-20 11:17:19,273 - No messages received
2024-06-20 11:17:41,281 - No messages received
2024-06-20 11:18:03,289 - No messages received
2024-06-20 11:18:25,297 - No messages received
2024-06-20 11:18:47,305 - No messages received
2024-06-20 11:19:09,313 - No messages received
2024-06-20 11:19:31,321 - No messages received
2024-06-20 11:19:53,329 - No messages received
2024-06-20 11:20:15,337 - No messages received
2024-06-20 11:20:37,344 - No messages received
2024-06-20 11:20:59,352 - No messages received
2024-06-20 11:21:21,441 - No messages received
2024-06-20 11:21:43,448 - No messages received
2024-06-20 11:22:05,459 - No messages received
2024-06-20 11:22:27,469 - No messages received
2024-06-20 11:22:49,478 - No messages received
2024-06-20 11:23:11,486 - No messages received
2024-06-20 11:23:33,493 - No messages received
2024-06-20 11:23:55,500 - No messages received
2024-06-20 11:24:17,508 - No messages received
2024-06-20 11:24:39,515 - No messages received
2024-06-20 11:25:01,523 - No messages received
2024-06-20 11:25:23,609 - No messages received
2024-06-20 11:25:45,617 - No messages received
2024-06-20 11:26:07,625 - No messages received
2024-06-20 11:26:29,633 - No messages received
2024-06-20 11:26:51,641 - No messages received
2024-06-20 11:27:13,649 - No messages received
2024-06-20 11:27:35,658 - No messages received
2024-06-20 11:27:57,665 - No messages received
2024-06-20 11:28:19,673 - No messages received
2024-06-20 11:28:41,681 - No messages received
2024-06-20 11:29:03,689 - No messages received
2024-06-20 11:29:25,777 - No messages received
2024-06-20 11:29:47,786 - No messages received
2024-06-20 11:30:09,795 - No messages received
2024-06-20 11:30:31,804 - No messages received
2024-06-20 11:30:53,813 - No messages received
2024-06-20 11:31:15,822 - No messages received
2024-06-20 11:31:37,832 - No messages received
2024-06-20 11:31:59,841 - No messages received
2024-06-20 11:32:21,850 - No messages received
2024-06-20 11:32:43,859 - No messages received
2024-06-20 11:33:05,868 - No messages received
2024-06-20 11:33:27,999 - No messages received
2024-06-20 11:33:50,006 - No messages received
2024-06-20 11:34:12,014 - No messages received
2024-06-20 11:34:34,022 - No messages received
2024-06-20 11:34:56,030 - No messages received
2024-06-20 11:35:18,036 - No messages received
2024-06-20 11:35:40,044 - No messages received
2024-06-20 11:36:02,053 - No messages received
2024-06-20 11:36:24,061 - No messages received
2024-06-20 11:36:46,069 - No messages received
2024-06-20 11:37:08,076 - No messages received
2024-06-20 11:37:30,158 - No messages received
2024-06-20 11:37:52,166 - No messages received
2024-06-20 11:38:14,174 - No messages received
2024-06-20 11:38:36,182 - No messages received
2024-06-20 11:38:58,189 - No messages received
2024-06-20 11:39:20,198 - No messages received
2024-06-20 11:39:42,206 - No messages received
2024-06-20 11:40:04,214 - No messages received
2024-06-20 11:40:26,222 - No messages received
2024-06-20 11:40:48,229 - No messages received
2024-06-20 11:41:10,238 - No messages received
2024-06-20 11:41:32,361 - No messages received
2024-06-20 11:41:54,368 - No messages received
2024-06-20 11:42:16,377 - No messages received
2024-06-20 11:42:38,385 - No messages received
2024-06-20 11:43:00,393 - No messages received
2024-06-20 11:43:22,416 - No messages received
2024-06-20 11:43:44,424 - No messages received
2024-06-20 11:44:06,432 - No messages received
2024-06-20 11:44:28,439 - No messages received
2024-06-20 11:44:50,447 - No messages received
2024-06-20 11:45:12,455 - No messages received
2024-06-20 11:45:34,542 - No messages received
2024-06-20 11:45:56,549 - No messages received
2024-06-20 11:46:18,556 - No messages received
2024-06-20 11:46:40,562 - No messages received
2024-06-20 11:47:02,569 - No messages received
2024-06-20 11:47:24,576 - No messages received
2024-06-20 11:47:46,583 - No messages received
2024-06-20 11:48:08,589 - No messages received
2024-06-20 11:48:30,596 - No messages received
2024-06-20 11:48:52,602 - No messages received
2024-06-20 11:49:14,609 - No messages received
2024-06-20 11:49:36,697 - No messages received
2024-06-20 11:49:58,706 - No messages received
2024-06-20 11:50:20,713 - No messages received
2024-06-20 11:50:42,722 - No messages received
2024-06-20 11:51:04,729 - No messages received
2024-06-20 11:51:26,738 - No messages received
2024-06-20 11:51:48,745 - No messages received
2024-06-20 11:52:10,754 - No messages received
2024-06-20 11:52:32,761 - No messages received
2024-06-20 11:52:54,770 - No messages received
2024-06-20 11:53:16,777 - No messages received
2024-06-20 11:53:38,861 - No messages received
2024-06-20 11:54:00,868 - No messages received
2024-06-20 11:54:22,875 - No messages received
2024-06-20 11:54:44,881 - No messages received
2024-06-20 11:55:06,888 - No messages received
2024-06-20 11:55:28,895 - No messages received
2024-06-20 11:55:50,901 - No messages received
2024-06-20 11:56:12,908 - No messages received
2024-06-20 11:56:34,915 - No messages received
2024-06-20 11:56:56,921 - No messages received
2024-06-20 11:57:18,928 - No messages received
2024-06-20 11:57:41,016 - No messages received
2024-06-20 11:58:03,025 - No messages received
2024-06-20 11:58:25,034 - No messages received
2024-06-20 11:58:47,043 - No messages received
2024-06-20 11:59:09,052 - No messages received
2024-06-20 11:59:31,061 - No messages received
2024-06-20 11:59:53,070 - No messages received
2024-06-20 12:00:15,080 - No messages received
2024-06-20 12:00:37,089 - No messages received
2024-06-20 12:00:59,099 - No messages received
2024-06-20 12:01:21,113 - No messages received
2024-06-20 12:01:43,202 - No messages received
2024-06-20 12:02:05,209 - No messages received
2024-06-20 12:02:27,216 - No messages received
2024-06-20 12:02:49,224 - No messages received
2024-06-20 12:03:11,231 - No messages received
2024-06-20 12:03:33,238 - No messages received
2024-06-20 12:03:55,245 - No messages received
2024-06-20 12:04:17,252 - No messages received
2024-06-20 12:04:39,260 - No messages received
2024-06-20 12:05:01,267 - No messages received
2024-06-20 12:05:23,274 - No messages received
2024-06-20 12:05:45,358 - No messages received
2024-06-20 12:06:07,367 - No messages received
2024-06-20 12:06:29,375 - No messages received
2024-06-20 12:06:51,383 - No messages received
2024-06-20 12:07:13,391 - No messages received
2024-06-20 12:07:35,399 - No messages received
2024-06-20 12:07:57,407 - No messages received
2024-06-20 12:08:19,415 - No messages received
2024-06-20 12:08:41,423 - No messages received
2024-06-20 12:09:03,450 - No messages received
2024-06-20 12:09:25,458 - No messages received
2024-06-20 12:09:47,540 - No messages received
2024-06-20 12:10:09,548 - No messages received
2024-06-20 12:10:31,556 - No messages received
2024-06-20 12:10:53,563 - No messages received
2024-06-20 12:11:15,571 - No messages received
2024-06-20 12:11:37,579 - No messages received
2024-06-20 12:11:59,587 - No messages received
2024-06-20 12:12:21,595 - No messages received
2024-06-20 12:12:43,603 - No messages received
2024-06-20 12:13:05,611 - No messages received
2024-06-20 12:13:27,619 - No messages received
2024-06-20 12:13:49,704 - No messages received
2024-06-20 12:14:11,712 - No messages received
2024-06-20 12:14:33,720 - No messages received
2024-06-20 12:14:55,728 - No messages received
2024-06-20 12:15:17,735 - No messages received
2024-06-20 12:15:39,743 - No messages received
2024-06-20 12:16:01,751 - No messages received
2024-06-20 12:16:23,759 - No messages received
2024-06-20 12:16:45,767 - No messages received
2024-06-20 12:17:07,774 - No messages received
2024-06-20 12:17:29,782 - No messages received
2024-06-20 12:17:51,866 - No messages received
2024-06-20 12:18:13,873 - No messages received
2024-06-20 12:18:35,882 - No messages received
2024-06-20 12:18:57,890 - No messages received
2024-06-20 12:19:19,897 - No messages received
2024-06-20 12:19:41,905 - No messages received
2024-06-20 12:20:03,913 - No messages received
2024-06-20 12:20:25,922 - No messages received
2024-06-20 12:20:47,930 - No messages received
2024-06-20 12:21:09,938 - No messages received
2024-06-20 12:21:31,946 - No messages received
2024-06-20 12:21:54,031 - No messages received
2024-06-20 12:22:16,041 - No messages received
2024-06-20 12:22:38,049 - No messages received
2024-06-20 12:23:00,057 - No messages received
2024-06-20 12:23:22,065 - No messages received
2024-06-20 12:23:44,073 - No messages received
2024-06-20 12:24:06,082 - No messages received
2024-06-20 12:24:28,090 - No messages received
2024-06-20 12:24:50,098 - No messages received
2024-06-20 12:25:12,106 - No messages received
2024-06-20 12:25:34,114 - No messages received
2024-06-20 12:25:56,198 - No messages received
2024-06-20 12:26:18,206 - No messages received
2024-06-20 12:26:40,213 - No messages received
2024-06-20 12:27:02,223 - No messages received
2024-06-20 12:27:24,231 - No messages received
2024-06-20 12:27:46,239 - No messages received
2024-06-20 12:28:08,247 - No messages received
2024-06-20 12:28:30,255 - No messages received
2024-06-20 12:28:52,263 - No messages received
2024-06-20 12:29:14,270 - No messages received
2024-06-20 12:29:36,278 - No messages received
2024-06-20 12:29:58,365 - No messages received
2024-06-20 12:30:20,373 - No messages received
2024-06-20 12:30:42,381 - No messages received
2024-06-20 12:31:04,389 - No messages received
2024-06-20 12:31:26,397 - No messages received
2024-06-20 12:31:48,405 - No messages received
2024-06-20 12:32:10,413 - No messages received
2024-06-20 12:32:32,421 - No messages received
2024-06-20 12:32:54,429 - No messages received
2024-06-20 12:33:16,436 - No messages received
2024-06-20 12:33:38,445 - No messages received
2024-06-20 12:34:00,533 - No messages received
2024-06-20 12:34:22,540 - No messages received
2024-06-20 12:34:44,549 - No messages received
2024-06-20 12:35:06,557 - No messages received
2024-06-20 12:35:28,565 - No messages received
2024-06-20 12:35:50,573 - No messages received
2024-06-20 12:36:12,581 - No messages received
2024-06-20 12:36:34,589 - No messages received
2024-06-20 12:36:56,597 - No messages received
2024-06-20 12:37:18,605 - No messages received
2024-06-20 12:37:40,614 - No messages received
2024-06-20 12:38:02,700 - No messages received
2024-06-20 12:38:24,709 - No messages received
2024-06-20 12:38:46,717 - No messages received
2024-06-20 12:39:08,725 - No messages received
2024-06-20 12:39:30,733 - No messages received
2024-06-20 12:39:52,740 - No messages received
2024-06-20 12:40:14,749 - No messages received
2024-06-20 12:40:36,757 - No messages received
2024-06-20 12:40:58,765 - No messages received
2024-06-20 12:41:20,773 - No messages received
2024-06-20 12:41:42,781 - No messages received
2024-06-20 12:42:04,869 - No messages received
2024-06-20 12:42:26,878 - No messages received
2024-06-20 12:42:48,885 - No messages received
2024-06-20 12:43:10,894 - No messages received
2024-06-20 12:43:32,902 - No messages received
2024-06-20 12:43:54,909 - No messages received
2024-06-20 12:44:16,918 - No messages received
2024-06-20 12:44:38,926 - No messages received
2024-06-20 12:45:00,934 - No messages received
2024-06-20 12:45:22,942 - No messages received
2024-06-20 12:45:44,950 - No messages received
2024-06-20 12:46:07,038 - No messages received
2024-06-20 12:46:29,047 - No messages received
2024-06-20 12:46:51,055 - No messages received
2024-06-20 12:47:13,064 - No messages received
2024-06-20 12:47:35,072 - No messages received
2024-06-20 12:47:57,081 - No messages received
2024-06-20 12:48:19,090 - No messages received
2024-06-20 12:48:41,099 - No messages received
2024-06-20 12:49:03,107 - No messages received
2024-06-20 12:49:25,116 - No messages received
2024-06-20 12:49:47,125 - No messages received
2024-06-20 12:50:09,210 - No messages received
2024-06-20 12:50:31,218 - No messages received
2024-06-20 12:50:53,226 - No messages received
2024-06-20 12:51:15,234 - No messages received
2024-06-20 12:51:37,241 - No messages received
2024-06-20 12:51:59,249 - No messages received
2024-06-20 12:52:21,258 - No messages received
2024-06-20 12:52:43,266 - No messages received
2024-06-20 12:53:05,274 - No messages received
2024-06-20 12:53:27,281 - No messages received
2024-06-20 12:53:49,289 - No messages received
2024-06-20 12:54:11,375 - No messages received
2024-06-20 12:54:33,383 - No messages received
2024-06-20 12:54:55,392 - No messages received
2024-06-20 12:55:17,400 - No messages received
2024-06-20 12:55:39,408 - No messages received
2024-06-20 12:56:01,415 - No messages received
2024-06-20 12:56:23,423 - No messages received
2024-06-20 12:56:45,431 - No messages received
2024-06-20 12:57:07,439 - No messages received
2024-06-20 12:57:29,447 - No messages received
2024-06-20 12:57:51,456 - No messages received
2024-06-20 12:58:13,538 - No messages received
2024-06-20 12:58:35,547 - No messages received
2024-06-20 12:58:57,555 - No messages received
2024-06-20 12:59:19,563 - No messages received
2024-06-20 12:59:41,571 - No messages received
2024-06-20 13:00:03,578 - No messages received
2024-06-20 13:00:25,586 - No messages received
2024-06-20 13:00:47,594 - No messages received
2024-06-20 13:01:09,602 - No messages received
2024-06-20 13:01:31,609 - No messages received
2024-06-20 13:01:53,617 - No messages received
2024-06-20 13:02:15,706 - No messages received
2024-06-20 13:02:37,715 - No messages received
2024-06-20 13:02:59,730 - No messages received
2024-06-20 13:03:21,738 - No messages received
2024-06-20 13:03:43,747 - No messages received
2024-06-20 13:04:05,756 - No messages received
2024-06-20 13:04:27,765 - No messages received
2024-06-20 13:04:49,773 - No messages received
2024-06-20 13:05:11,782 - No messages received
2024-06-20 13:05:33,791 - No messages received
2024-06-20 13:05:55,800 - No messages received
2024-06-20 13:06:17,888 - No messages received
2024-06-20 13:06:39,897 - No messages received
2024-06-20 13:07:01,905 - No messages received
2024-06-20 13:07:23,915 - No messages received
2024-06-20 13:07:45,923 - No messages received
2024-06-20 13:08:07,932 - No messages received
2024-06-20 13:08:29,941 - No messages received
2024-06-20 13:08:51,950 - No messages received
2024-06-20 13:09:13,984 - No messages received
2024-06-20 13:09:35,993 - No messages received
2024-06-20 13:09:58,002 - No messages received
2024-06-20 13:10:20,091 - No messages received
2024-06-20 13:10:42,099 - No messages received
2024-06-20 13:11:04,107 - No messages received
2024-06-20 13:11:26,114 - No messages received
2024-06-20 13:11:48,122 - No messages received
2024-06-20 13:12:10,130 - No messages received
2024-06-20 13:12:32,138 - No messages received
2024-06-20 13:12:54,145 - No messages received
2024-06-20 13:13:16,153 - No messages received
2024-06-20 13:13:38,161 - No messages received
2024-06-20 13:14:00,168 - No messages received
2024-06-20 13:14:22,252 - No messages received
2024-06-20 13:14:44,260 - No messages received
2024-06-20 13:15:06,268 - No messages received
2024-06-20 13:15:28,276 - No messages received
2024-06-20 13:15:50,283 - No messages received
2024-06-20 13:16:12,291 - No messages received
2024-06-20 13:16:34,299 - No messages received
2024-06-20 13:16:56,309 - No messages received
2024-06-20 13:17:18,316 - No messages received
2024-06-20 13:17:40,324 - No messages received
2024-06-20 13:18:02,330 - No messages received
2024-06-20 13:18:24,414 - No messages received
2024-06-20 13:18:46,421 - No messages received
2024-06-20 13:19:08,429 - No messages received
2024-06-20 13:19:30,448 - No messages received
2024-06-20 13:19:52,455 - No messages received
2024-06-20 13:20:14,463 - No messages received
2024-06-20 13:20:36,471 - No messages received
2024-06-20 13:20:58,478 - No messages received
2024-06-20 13:21:20,486 - No messages received
2024-06-20 13:21:42,494 - No messages received
2024-06-20 13:22:04,502 - No messages received
2024-06-20 13:22:26,589 - No messages received
2024-06-20 13:22:48,598 - No messages received
2024-06-20 13:23:10,607 - No messages received
2024-06-20 13:23:32,616 - No messages received
2024-06-20 13:23:54,625 - No messages received
2024-06-20 13:24:16,634 - No messages received
2024-06-20 13:24:38,643 - No messages received
2024-06-20 13:25:00,652 - No messages received
2024-06-20 13:25:22,661 - No messages received
2024-06-20 13:25:44,670 - No messages received
2024-06-20 13:26:06,679 - No messages received
2024-06-20 13:26:28,762 - No messages received
2024-06-20 13:26:50,770 - No messages received
2024-06-20 13:27:12,779 - No messages received
2024-06-20 13:27:34,786 - No messages received
2024-06-20 13:27:56,794 - No messages received
2024-06-20 13:28:18,803 - No messages received
2024-06-20 13:28:40,811 - No messages received
2024-06-20 13:29:02,819 - No messages received
2024-06-20 13:29:24,826 - No messages received
2024-06-20 13:29:46,834 - No messages received
2024-06-20 13:30:08,842 - No messages received
2024-06-20 13:30:30,930 - No messages received
2024-06-20 13:30:52,939 - No messages received
2024-06-20 13:31:14,949 - No messages received
2024-06-20 13:31:36,959 - No messages received
2024-06-20 13:31:58,968 - No messages received
2024-06-20 13:32:20,977 - No messages received
2024-06-20 13:32:42,987 - No messages received
2024-06-20 13:33:04,997 - No messages received
2024-06-20 13:33:27,006 - No messages received
2024-06-20 13:33:49,015 - No messages received
2024-06-20 13:34:11,025 - No messages received
2024-06-20 13:34:33,110 - No messages received
2024-06-20 13:34:55,117 - No messages received
2024-06-20 13:35:17,125 - No messages received
2024-06-20 13:35:39,133 - No messages received
2024-06-20 13:36:01,140 - No messages received
2024-06-20 13:36:23,148 - No messages received
2024-06-20 13:36:45,156 - No messages received
2024-06-20 13:37:07,164 - No messages received
2024-06-20 13:37:29,171 - No messages received
2024-06-20 13:37:51,179 - No messages received
2024-06-20 13:38:13,186 - No messages received
2024-06-20 13:38:35,272 - No messages received
2024-06-20 13:38:57,280 - No messages received
2024-06-20 13:39:19,288 - No messages received
2024-06-20 13:39:41,296 - No messages received
2024-06-20 13:40:03,304 - No messages received
2024-06-20 13:40:25,312 - No messages received
2024-06-20 13:40:47,321 - No messages received
2024-06-20 13:41:09,329 - No messages received
2024-06-20 13:41:31,337 - No messages received
2024-06-20 13:41:53,359 - No messages received
2024-06-20 13:42:15,367 - No messages received
2024-06-20 13:42:37,454 - No messages received
2024-06-20 13:42:59,461 - No messages received
2024-06-20 13:43:21,476 - No messages received
2024-06-20 13:43:43,484 - No messages received
2024-06-20 13:44:05,490 - No messages received
2024-06-20 13:44:27,498 - No messages received
2024-06-20 13:44:49,506 - No messages received
2024-06-20 13:45:11,514 - No messages received
2024-06-20 13:45:33,522 - No messages received
2024-06-20 13:45:55,530 - No messages received
2024-06-20 13:46:17,538 - No messages received
2024-06-20 13:46:39,621 - No messages received
2024-06-20 13:47:01,628 - No messages received
2024-06-20 13:47:23,636 - No messages received
2024-06-20 13:47:45,644 - No messages received
2024-06-20 13:48:07,651 - No messages received
2024-06-20 13:48:29,659 - No messages received
2024-06-20 13:48:51,667 - No messages received
2024-06-20 13:49:13,675 - No messages received
2024-06-20 13:49:35,684 - No messages received
2024-06-20 13:49:57,692 - No messages received
2024-06-20 13:50:19,699 - No messages received
2024-06-20 13:50:41,788 - No messages received
2024-06-20 13:51:03,797 - No messages received
2024-06-20 13:51:25,807 - No messages received
2024-06-20 13:51:47,816 - No messages received
2024-06-20 13:52:09,836 - No messages received
2024-06-20 13:52:31,846 - No messages received
2024-06-20 13:52:53,855 - No messages received
2024-06-20 13:53:15,865 - No messages received
2024-06-20 13:53:37,874 - No messages received
2024-06-20 13:53:59,883 - No messages received
2024-06-20 13:54:21,893 - No messages received
2024-06-20 13:54:43,975 - No messages received
2024-06-20 13:55:05,982 - No messages received
2024-06-20 13:55:27,990 - No messages received
2024-06-20 13:55:49,997 - No messages received
2024-06-20 13:56:12,005 - No messages received
2024-06-20 13:56:34,013 - No messages received
2024-06-20 13:56:56,020 - No messages received
2024-06-20 13:57:18,028 - No messages received
2024-06-20 13:57:40,036 - No messages received
2024-06-20 13:58:02,042 - No messages received
2024-06-20 13:58:24,050 - No messages received
2024-06-20 13:58:46,135 - No messages received
2024-06-20 13:59:08,142 - No messages received
2024-06-20 13:59:30,150 - No messages received
2024-06-20 13:59:52,157 - No messages received
2024-06-20 14:00:14,165 - No messages received
2024-06-20 14:00:36,172 - No messages received
2024-06-20 14:00:58,180 - No messages received
2024-06-20 14:01:20,185 - No messages received
2024-06-20 14:01:42,193 - No messages received
2024-06-20 14:02:04,200 - No messages received
2024-06-20 14:02:26,215 - No messages received
2024-06-20 14:02:48,304 - No messages received
2024-06-20 14:03:10,311 - No messages received
2024-06-20 14:03:32,320 - No messages received
2024-06-20 14:03:54,328 - No messages received
2024-06-20 14:04:16,336 - No messages received
2024-06-20 14:04:38,344 - No messages received
2024-06-20 14:05:00,352 - No messages received
2024-06-20 14:05:22,360 - No messages received
2024-06-20 14:05:44,368 - No messages received
2024-06-20 14:06:06,376 - No messages received
2024-06-20 14:06:28,384 - No messages received
2024-06-20 14:06:50,471 - No messages received
2024-06-20 14:07:12,479 - No messages received
2024-06-20 14:07:34,487 - No messages received
2024-06-20 14:07:56,495 - No messages received
2024-06-20 14:08:18,503 - No messages received
2024-06-20 14:08:40,511 - No messages received
2024-06-20 14:09:02,519 - No messages received
2024-06-20 14:09:24,527 - No messages received
2024-06-20 14:09:46,536 - No messages received
2024-06-20 14:10:08,545 - No messages received
2024-06-20 14:10:30,553 - No messages received
2024-06-20 14:10:52,641 - No messages received
2024-06-20 14:11:14,649 - No messages received
2024-06-20 14:11:36,657 - No messages received
2024-06-20 14:11:58,665 - No messages received
2024-06-20 14:12:20,673 - No messages received
2024-06-20 14:12:42,681 - No messages received
2024-06-20 14:13:04,689 - No messages received
2024-06-20 14:13:26,699 - No messages received
2024-06-20 14:13:48,710 - No messages received
2024-06-20 14:14:10,718 - No messages received
2024-06-20 14:14:32,726 - No messages received
2024-06-20 14:14:54,813 - No messages received
2024-06-20 14:15:16,821 - No messages received
2024-06-20 14:15:38,829 - No messages received
2024-06-20 14:16:00,837 - No messages received
2024-06-20 14:16:22,846 - No messages received
2024-06-20 14:16:44,854 - No messages received
2024-06-20 14:17:06,862 - No messages received
2024-06-20 14:17:28,871 - No messages received
2024-06-20 14:17:50,880 - No messages received
2024-06-20 14:18:12,888 - No messages received
2024-06-20 14:18:34,896 - No messages received
2024-06-20 14:18:56,985 - No messages received
2024-06-20 14:19:18,994 - No messages received
2024-06-20 14:19:41,003 - No messages received
2024-06-20 14:20:03,013 - No messages received
2024-06-20 14:20:25,022 - No messages received
2024-06-20 14:20:47,031 - No messages received
2024-06-20 14:21:09,043 - No messages received
2024-06-20 14:21:31,052 - No messages received
2024-06-20 14:21:53,061 - No messages received
2024-06-20 14:22:15,070 - No messages received
2024-06-20 14:22:37,079 - No messages received
2024-06-20 14:22:59,166 - No messages received
2024-06-20 14:23:21,174 - No messages received
2024-06-20 14:23:43,182 - No messages received
2024-06-20 14:24:05,190 - No messages received
2024-06-20 14:24:27,197 - No messages received
2024-06-20 14:24:49,205 - No messages received
2024-06-20 14:25:11,213 - No messages received
2024-06-20 14:25:33,221 - No messages received
2024-06-20 14:25:55,229 - No messages received
2024-06-20 14:26:17,236 - No messages received
2024-06-20 14:26:39,244 - No messages received
2024-06-20 14:27:01,328 - No messages received
2024-06-20 14:27:23,335 - No messages received
2024-06-20 14:27:45,342 - No messages received
2024-06-20 14:28:07,349 - No messages received
2024-06-20 14:28:29,355 - No messages received
2024-06-20 14:28:51,362 - No messages received
2024-06-20 14:29:13,369 - No messages received
2024-06-20 14:29:35,375 - No messages received
2024-06-20 14:29:57,382 - No messages received
2024-06-20 14:30:19,388 - No messages received
2024-06-20 14:30:41,395 - No messages received
2024-06-20 14:31:03,543 - No messages received
2024-06-20 14:31:25,550 - No messages received
2024-06-20 14:31:47,558 - No messages received
2024-06-20 14:32:09,566 - No messages received
2024-06-20 14:32:31,573 - No messages received
2024-06-20 14:32:53,581 - No messages received
2024-06-20 14:33:15,589 - No messages received
2024-06-20 14:33:37,597 - No messages received
2024-06-20 14:33:59,604 - No messages received
2024-06-20 14:34:21,612 - No messages received
2024-06-20 14:34:43,620 - No messages received
2024-06-20 14:35:05,713 - No messages received
2024-06-20 14:35:27,722 - No messages received
2024-06-20 14:35:49,731 - No messages received
2024-06-20 14:36:11,740 - No messages received
2024-06-20 14:36:33,749 - No messages received
2024-06-20 14:36:55,760 - No messages received
2024-06-20 14:37:17,768 - No messages received
2024-06-20 14:37:39,778 - No messages received
2024-06-20 14:38:01,787 - No messages received
2024-06-20 14:38:23,796 - No messages received
2024-06-20 14:38:45,805 - No messages received
2024-06-20 14:39:07,892 - No messages received
2024-06-20 14:39:29,900 - No messages received
2024-06-20 14:39:51,908 - No messages received
2024-06-20 14:40:13,916 - No messages received
2024-06-20 14:40:35,923 - No messages received
2024-06-20 14:40:57,931 - No messages received
2024-06-20 14:41:19,939 - No messages received
2024-06-20 14:41:41,946 - No messages received
2024-06-20 14:42:03,954 - No messages received
2024-06-20 14:42:25,962 - No messages received
2024-06-20 14:42:47,970 - No messages received
2024-06-20 14:43:10,056 - No messages received
2024-06-20 14:43:32,064 - No messages received
2024-06-20 14:43:54,072 - No messages received
2024-06-20 14:44:16,079 - No messages received
2024-06-20 14:44:38,087 - No messages received
2024-06-20 14:45:00,094 - No messages received
2024-06-20 14:45:22,101 - No messages received
2024-06-20 14:45:44,109 - No messages received
2024-06-20 14:46:06,117 - No messages received
2024-06-20 14:46:28,125 - No messages received
2024-06-20 14:46:50,133 - No messages received
2024-06-20 14:47:12,221 - No messages received
2024-06-20 14:47:34,229 - No messages received
2024-06-20 14:47:56,237 - No messages received
2024-06-20 14:48:18,245 - No messages received
2024-06-20 14:48:40,253 - No messages received
2024-06-20 14:49:02,260 - No messages received
2024-06-20 14:49:24,268 - No messages received
2024-06-20 14:49:46,276 - No messages received
2024-06-20 14:50:08,284 - No messages received
2024-06-20 14:50:30,291 - No messages received
2024-06-20 14:50:52,299 - No messages received
2024-06-20 14:51:14,387 - No messages received
2024-06-20 14:51:36,396 - No messages received
2024-06-20 14:51:58,405 - No messages received
2024-06-20 14:52:20,414 - No messages received
2024-06-20 14:52:42,424 - No messages received
2024-06-20 14:53:04,433 - No messages received
2024-06-20 14:53:26,446 - No messages received
2024-06-20 14:53:48,455 - No messages received
2024-06-20 14:54:10,464 - No messages received
2024-06-20 14:54:32,473 - No messages received
2024-06-20 14:54:54,482 - No messages received
2024-06-20 14:55:16,571 - No messages received
2024-06-20 14:55:38,581 - No messages received
2024-06-20 14:56:00,590 - No messages received
2024-06-20 14:56:22,599 - No messages received
2024-06-20 14:56:44,607 - No messages received
2024-06-20 14:57:06,616 - No messages received
2024-06-20 14:57:28,626 - No messages received
2024-06-20 14:57:50,635 - No messages received
2024-06-20 14:58:12,687 - No messages received
2024-06-20 14:58:34,696 - No messages received
2024-06-20 14:58:56,705 - No messages received
2024-06-20 14:59:18,792 - No messages received
2024-06-20 14:59:40,801 - No messages received
2024-06-20 15:00:02,810 - No messages received
2024-06-20 15:00:24,818 - No messages received
2024-06-20 15:00:46,827 - No messages received
2024-06-20 15:01:08,836 - No messages received
2024-06-20 15:01:30,843 - No messages received
2024-06-20 15:01:52,852 - No messages received
2024-06-20 15:02:14,862 - No messages received
2024-06-20 15:02:36,871 - No messages received
2024-06-20 15:02:58,880 - No messages received
2024-06-20 15:03:20,966 - No messages received
2024-06-20 15:03:42,974 - No messages received
2024-06-20 15:04:04,982 - No messages received
2024-06-20 15:04:26,990 - No messages received
2024-06-20 15:04:48,998 - No messages received
2024-06-20 15:05:11,007 - No messages received
2024-06-20 15:05:33,015 - No messages received
2024-06-20 15:05:55,023 - No messages received
2024-06-20 15:06:17,031 - No messages received
2024-06-20 15:06:39,039 - No messages received
2024-06-20 15:07:01,047 - No messages received
2024-06-20 15:07:23,133 - No messages received
2024-06-20 15:07:45,141 - No messages received
2024-06-20 15:08:07,148 - No messages received
2024-06-20 15:08:29,156 - No messages received
2024-06-20 15:08:51,164 - No messages received
2024-06-20 15:09:13,172 - No messages received
2024-06-20 15:09:35,179 - No messages received
2024-06-20 15:09:57,213 - No messages received
2024-06-20 15:10:19,221 - No messages received
2024-06-20 15:10:41,229 - No messages received
2024-06-20 15:11:03,237 - No messages received
2024-06-20 15:11:25,322 - No messages received
2024-06-20 15:11:47,329 - No messages received
2024-06-20 15:12:09,338 - No messages received
2024-06-20 15:12:31,346 - No messages received
2024-06-20 15:12:53,354 - No messages received
2024-06-20 15:13:15,362 - No messages received
2024-06-20 15:13:37,370 - No messages received
2024-06-20 15:13:59,377 - No messages received
2024-06-20 15:14:21,386 - No messages received
2024-06-20 15:14:43,394 - No messages received
2024-06-20 15:15:05,402 - No messages received
2024-06-20 15:15:27,486 - No messages received
2024-06-20 15:15:49,494 - No messages received
2024-06-20 15:16:11,501 - No messages received
2024-06-20 15:16:33,509 - No messages received
2024-06-20 15:16:55,516 - No messages received
2024-06-20 15:17:17,526 - No messages received
2024-06-20 15:17:39,534 - No messages received
2024-06-20 15:18:01,542 - No messages received
2024-06-20 15:18:23,550 - No messages received
2024-06-20 15:18:45,584 - No messages received
2024-06-20 15:19:07,592 - No messages received
2024-06-20 15:19:29,678 - No messages received
2024-06-20 15:19:51,686 - No messages received
2024-06-20 15:20:13,693 - No messages received
2024-06-20 15:20:35,701 - No messages received
2024-06-20 15:20:57,709 - No messages received
2024-06-20 15:21:19,717 - No messages received
2024-06-20 15:21:41,725 - No messages received
2024-06-20 15:22:03,733 - No messages received
2024-06-20 15:22:25,740 - No messages received
2024-06-20 15:22:47,748 - No messages received
2024-06-20 15:23:09,756 - No messages received
2024-06-20 15:23:31,842 - No messages received
2024-06-20 15:23:53,850 - No messages received
2024-06-20 15:24:15,857 - No messages received
2024-06-20 15:24:37,865 - No messages received
2024-06-20 15:24:59,873 - No messages received
2024-06-20 15:25:21,881 - No messages received
2024-06-20 15:25:43,889 - No messages received
2024-06-20 15:26:05,896 - No messages received
2024-06-20 15:26:27,904 - No messages received
2024-06-20 15:26:49,912 - No messages received
2024-06-20 15:27:11,920 - No messages received
2024-06-20 15:27:34,006 - No messages received
2024-06-20 15:27:56,014 - No messages received
2024-06-20 15:28:18,022 - No messages received
2024-06-20 15:28:40,030 - No messages received
2024-06-20 15:29:02,039 - No messages received
2024-06-20 15:29:24,047 - No messages received
2024-06-20 15:29:46,055 - No messages received
2024-06-20 15:30:08,066 - No messages received
2024-06-20 15:30:30,074 - No messages received
2024-06-20 15:30:52,082 - No messages received
2024-06-20 15:31:14,090 - No messages received
2024-06-20 15:31:36,178 - No messages received
2024-06-20 15:31:58,186 - No messages received
2024-06-20 15:32:20,194 - No messages received
2024-06-20 15:32:42,203 - No messages received
2024-06-20 15:33:04,211 - No messages received
2024-06-20 15:33:26,219 - No messages received
2024-06-20 15:33:48,227 - No messages received
2024-06-20 15:34:10,234 - No messages received
2024-06-20 15:34:32,243 - No messages received
2024-06-20 15:34:54,251 - No messages received
2024-06-20 15:35:16,259 - No messages received
2024-06-20 15:35:38,346 - No messages received
2024-06-20 15:36:00,355 - No messages received
2024-06-20 15:36:22,364 - No messages received
2024-06-20 15:36:44,373 - No messages received
2024-06-20 15:37:06,382 - No messages received
2024-06-20 15:37:28,391 - No messages received
2024-06-20 15:37:50,399 - No messages received
2024-06-20 15:38:12,408 - No messages received
2024-06-20 15:38:34,417 - No messages received
2024-06-20 15:38:56,426 - No messages received
2024-06-20 15:39:18,435 - No messages received
2024-06-20 15:39:40,522 - No messages received
2024-06-20 15:40:02,532 - No messages received
2024-06-20 15:40:24,541 - No messages received
2024-06-20 15:40:46,549 - No messages received
2024-06-20 15:41:08,558 - No messages received
2024-06-20 15:41:30,567 - No messages received
2024-06-20 15:41:52,576 - No messages received
2024-06-20 15:42:14,584 - No messages received
2024-06-20 15:42:36,593 - No messages received
2024-06-20 15:42:58,602 - No messages received
2024-06-20 15:43:20,611 - No messages received
2024-06-20 15:43:42,696 - No messages received
2024-06-20 15:44:04,706 - No messages received
2024-06-20 15:44:26,715 - No messages received
2024-06-20 15:44:48,724 - No messages received
2024-06-20 15:45:10,732 - No messages received
2024-06-20 15:45:32,741 - No messages received
2024-06-20 15:45:54,750 - No messages received
2024-06-20 15:46:16,759 - No messages received
2024-06-20 15:46:38,768 - No messages received
2024-06-20 15:47:00,777 - No messages received
2024-06-20 15:47:22,786 - No messages received
2024-06-20 15:47:44,877 - No messages received
2024-06-20 15:48:06,886 - No messages received
2024-06-20 15:48:28,895 - No messages received
2024-06-20 15:48:50,905 - No messages received
2024-06-20 15:49:12,914 - No messages received
2024-06-20 15:49:34,923 - No messages received
2024-06-20 15:49:56,933 - No messages received
2024-06-20 15:50:18,943 - No messages received
2024-06-20 15:50:40,957 - No messages received
2024-06-20 15:51:02,966 - No messages received
2024-06-20 15:51:24,976 - No messages received
2024-06-20 15:51:47,060 - No messages received
2024-06-20 15:52:09,066 - No messages received
2024-06-20 15:52:31,075 - No messages received
2024-06-20 15:52:53,081 - No messages received
2024-06-20 15:53:15,088 - No messages received
2024-06-20 15:53:37,099 - No messages received
2024-06-20 15:53:59,108 - No messages received
2024-06-20 15:54:21,113 - No messages received
2024-06-20 15:54:43,120 - No messages received
2024-06-20 15:55:05,127 - No messages received
2024-06-20 15:55:27,133 - No messages received
2024-06-20 15:55:49,218 - No messages received
2024-06-20 15:56:11,226 - No messages received
2024-06-20 15:56:33,234 - No messages received
2024-06-20 15:56:55,242 - No messages received
2024-06-20 15:57:17,249 - No messages received
2024-06-20 15:57:39,257 - No messages received
2024-06-20 15:58:01,265 - No messages received
2024-06-20 15:58:23,273 - No messages received
2024-06-20 15:58:45,281 - No messages received
2024-06-20 15:59:07,289 - No messages received
2024-06-20 15:59:29,297 - No messages received
2024-06-20 15:59:51,382 - No messages received
2024-06-20 16:00:13,389 - No messages received
2024-06-20 16:00:35,396 - No messages received
2024-06-20 16:00:57,401 - No messages received
2024-06-20 16:01:19,408 - No messages received
2024-06-20 16:01:41,415 - No messages received
2024-06-20 16:02:03,421 - No messages received
2024-06-20 16:02:25,428 - No messages received
2024-06-20 16:02:47,435 - No messages received
2024-06-20 16:03:09,440 - No messages received
2024-06-20 16:03:31,447 - No messages received
2024-06-20 16:03:53,532 - No messages received
2024-06-20 16:04:15,540 - No messages received
2024-06-20 16:04:37,548 - No messages received
2024-06-20 16:04:59,556 - No messages received
2024-06-20 16:05:21,562 - No messages received
2024-06-20 16:05:43,570 - No messages received
2024-06-20 16:06:05,577 - No messages received
2024-06-20 16:06:27,585 - No messages received
2024-06-20 16:06:49,593 - No messages received
2024-06-20 16:07:11,601 - No messages received
2024-06-20 16:07:33,608 - No messages received
2024-06-20 16:07:55,692 - No messages received
2024-06-20 16:08:17,700 - No messages received
2024-06-20 16:08:39,708 - No messages received
2024-06-20 16:09:01,719 - No messages received
2024-06-20 16:09:23,727 - No messages received
2024-06-20 16:09:45,736 - No messages received
2024-06-20 16:10:07,745 - No messages received
2024-06-20 16:10:29,753 - No messages received
2024-06-20 16:10:51,761 - No messages received
2024-06-20 16:11:13,769 - No messages received
2024-06-20 16:11:35,777 - No messages received
2024-06-20 16:11:57,862 - No messages received
2024-06-20 16:12:19,870 - No messages received
2024-06-20 16:12:41,878 - No messages received
2024-06-20 16:13:03,886 - No messages received
2024-06-20 16:13:25,894 - No messages received
2024-06-20 16:13:47,902 - No messages received
2024-06-20 16:14:09,910 - No messages received
2024-06-20 16:14:31,956 - No messages received
2024-06-20 16:14:53,964 - No messages received
2024-06-20 16:15:15,973 - No messages received
2024-06-20 16:15:37,981 - No messages received
2024-06-20 16:16:00,068 - No messages received
2024-06-20 16:16:22,077 - No messages received
2024-06-20 16:16:44,086 - No messages received
2024-06-20 16:17:06,095 - No messages received
2024-06-20 16:17:28,103 - No messages received
2024-06-20 16:17:50,112 - No messages received
2024-06-20 16:18:12,121 - No messages received
2024-06-20 16:18:34,130 - No messages received
2024-06-20 16:18:56,139 - No messages received
2024-06-20 16:19:18,147 - No messages received
2024-06-20 16:19:40,156 - No messages received
2024-06-20 16:20:02,244 - No messages received
2024-06-20 16:20:24,250 - No messages received
2024-06-20 16:20:46,258 - No messages received
2024-06-20 16:21:08,266 - No messages received
2024-06-20 16:21:30,274 - No messages received
2024-06-20 16:21:52,282 - No messages received
2024-06-20 16:22:14,292 - No messages received
2024-06-20 16:22:36,300 - No messages received
2024-06-20 16:22:58,308 - No messages received
2024-06-20 16:23:20,316 - No messages received
2024-06-20 16:23:42,324 - No messages received
2024-06-20 16:24:04,411 - No messages received
2024-06-20 16:24:26,419 - No messages received
2024-06-20 16:24:48,427 - No messages received
2024-06-20 16:25:10,435 - No messages received
2024-06-20 16:25:32,441 - No messages received
2024-06-20 16:25:54,452 - No messages received
2024-06-20 16:26:16,459 - No messages received
2024-06-20 16:26:38,467 - No messages received
2024-06-20 16:27:00,475 - No messages received
2024-06-20 16:27:22,483 - No messages received
2024-06-20 16:27:44,491 - No messages received
2024-06-20 16:28:06,577 - No messages received
2024-06-20 16:28:28,584 - No messages received
2024-06-20 16:28:50,592 - No messages received
2024-06-20 16:29:12,600 - No messages received
2024-06-20 16:29:34,608 - No messages received
2024-06-20 16:29:56,615 - No messages received
2024-06-20 16:30:18,623 - No messages received
2024-06-20 16:30:40,631 - No messages received
2024-06-20 16:31:02,639 - No messages received
2024-06-20 16:31:24,646 - No messages received
2024-06-20 16:31:46,654 - No messages received
2024-06-20 16:32:08,742 - No messages received
2024-06-20 16:32:30,751 - No messages received
2024-06-20 16:32:52,761 - No messages received
2024-06-20 16:33:14,770 - No messages received
2024-06-20 16:33:36,780 - No messages received
2024-06-20 16:33:58,789 - No messages received
2024-06-20 16:34:20,798 - No messages received
2024-06-20 16:34:42,808 - No messages received
2024-06-20 16:35:04,817 - No messages received
2024-06-20 16:35:26,827 - No messages received
2024-06-20 16:35:48,836 - No messages received
2024-06-20 16:36:10,925 - No messages received
2024-06-20 16:36:32,933 - No messages received
2024-06-20 16:36:54,941 - No messages received
2024-06-20 16:37:16,949 - No messages received
2024-06-20 16:37:39,012 - No messages received
2024-06-20 16:38:01,055 - No messages received
2024-06-20 16:38:23,063 - No messages received
2024-06-20 16:38:45,070 - No messages received
2024-06-20 16:39:07,078 - No messages received
2024-06-20 16:39:29,086 - No messages received
2024-06-20 16:39:51,094 - No messages received
2024-06-20 16:40:13,181 - No messages received
2024-06-20 16:40:35,189 - No messages received
2024-06-20 16:40:57,197 - No messages received
2024-06-20 16:41:19,205 - No messages received
2024-06-20 16:41:41,213 - No messages received
2024-06-20 16:42:03,221 - No messages received
2024-06-20 16:42:25,229 - No messages received
2024-06-20 16:42:47,236 - No messages received
2024-06-20 16:43:09,244 - No messages received
2024-06-20 16:43:31,252 - No messages received
2024-06-20 16:43:53,260 - No messages received
2024-06-20 16:44:15,348 - No messages received
2024-06-20 16:44:37,357 - No messages received
2024-06-20 16:44:59,366 - No messages received
2024-06-20 16:45:21,376 - No messages received
2024-06-20 16:45:43,385 - No messages received
2024-06-20 16:46:05,394 - No messages received
2024-06-20 16:46:27,403 - No messages received
2024-06-20 16:46:49,412 - No messages received
2024-06-20 16:47:11,419 - No messages received
2024-06-20 16:47:33,429 - No messages received
2024-06-20 16:47:55,438 - No messages received
2024-06-20 16:48:17,529 - No messages received
2024-06-20 16:48:39,538 - No messages received
2024-06-20 16:49:01,547 - No messages received
2024-06-20 16:49:23,562 - No messages received
2024-06-20 16:49:45,571 - No messages received
2024-06-20 16:50:07,580 - No messages received
2024-06-20 16:50:29,590 - No messages received
2024-06-20 16:50:51,598 - No messages received
2024-06-20 16:51:13,608 - No messages received
2024-06-20 16:51:35,617 - No messages received
2024-06-20 16:51:57,627 - No messages received
2024-06-20 16:52:19,714 - No messages received
2024-06-20 16:52:41,722 - No messages received
2024-06-20 16:53:03,731 - No messages received
2024-06-20 16:53:25,740 - No messages received
2024-06-20 16:53:47,749 - No messages received
2024-06-20 16:54:09,758 - No messages received
2024-06-20 16:54:31,767 - No messages received
2024-06-20 16:54:53,776 - No messages received
2024-06-20 16:55:15,785 - No messages received
2024-06-20 16:55:37,794 - No messages received
2024-06-20 16:55:59,803 - No messages received
2024-06-20 16:56:21,893 - No messages received
2024-06-20 16:56:43,903 - No messages received
2024-06-20 16:57:05,912 - No messages received
2024-06-20 16:57:27,921 - No messages received
2024-06-20 16:57:49,930 - No messages received
2024-06-20 16:58:11,939 - No messages received
2024-06-20 16:58:33,948 - No messages received
2024-06-20 16:58:55,957 - No messages received
2024-06-20 16:59:17,968 - No messages received
2024-06-20 16:59:39,977 - No messages received
2024-06-20 17:00:01,987 - No messages received
2024-06-20 17:00:24,072 - No messages received
2024-06-20 17:00:46,081 - No messages received
2024-06-20 17:01:08,088 - No messages received
2024-06-20 17:01:30,096 - No messages received
2024-06-20 17:01:52,104 - No messages received
2024-06-20 17:02:14,112 - No messages received
2024-06-20 17:02:36,120 - No messages received
2024-06-20 17:02:58,127 - No messages received
2024-06-20 17:03:20,135 - No messages received
2024-06-20 17:03:42,142 - No messages received
2024-06-20 17:04:04,150 - No messages received
2024-06-20 17:04:26,239 - No messages received
2024-06-20 17:04:48,247 - No messages received
2024-06-20 17:05:10,254 - No messages received
2024-06-20 17:05:32,262 - No messages received
2024-06-20 17:05:54,270 - No messages received
2024-06-20 17:06:16,277 - No messages received
2024-06-20 17:06:38,285 - No messages received
2024-06-20 17:07:00,293 - No messages received
2024-06-20 17:07:22,301 - No messages received
2024-06-20 17:07:44,309 - No messages received
2024-06-20 17:08:06,316 - No messages received
2024-06-20 17:08:28,404 - No messages received
2024-06-20 17:08:50,412 - No messages received
2024-06-20 17:09:12,421 - No messages received
2024-06-20 17:09:34,428 - No messages received
2024-06-20 17:09:56,437 - No messages received
2024-06-20 17:10:18,446 - No messages received
2024-06-20 17:10:40,509 - No messages received
2024-06-20 17:11:02,517 - No messages received
2024-06-20 17:11:24,591 - No messages received
2024-06-20 17:11:46,599 - No messages received
2024-06-20 17:12:08,607 - No messages received
2024-06-20 17:12:30,696 - No messages received
2024-06-20 17:12:52,704 - No messages received
2024-06-20 17:13:14,712 - No messages received
2024-06-20 17:13:36,719 - No messages received
2024-06-20 17:13:58,726 - No messages received
2024-06-20 17:14:20,734 - No messages received
2024-06-20 17:14:42,741 - No messages received
2024-06-20 17:15:04,748 - No messages received
2024-06-20 17:15:26,756 - No messages received
2024-06-20 17:15:48,763 - No messages received
2024-06-20 17:16:10,770 - No messages received
2024-06-20 17:16:32,855 - No messages received
2024-06-20 17:16:54,862 - No messages received
2024-06-20 17:17:16,933 - No messages received
2024-06-20 17:17:38,941 - No messages received
2024-06-20 17:18:00,948 - No messages received
2024-06-20 17:18:22,991 - No messages received
2024-06-20 17:18:44,999 - No messages received
2024-06-20 17:19:07,007 - No messages received
2024-06-20 17:19:29,015 - No messages received
2024-06-20 17:19:51,023 - No messages received
2024-06-20 17:20:13,030 - No messages received
2024-06-20 17:20:35,119 - No messages received
2024-06-20 17:20:57,127 - No messages received
2024-06-20 17:21:19,136 - No messages received
2024-06-20 17:21:41,145 - No messages received
2024-06-20 17:22:03,155 - No messages received
2024-06-20 17:22:25,163 - No messages received
2024-06-20 17:22:47,172 - No messages received
2024-06-20 17:23:09,181 - No messages received
2024-06-20 17:23:31,190 - No messages received
2024-06-20 17:23:53,199 - No messages received
2024-06-20 17:24:15,208 - No messages received
2024-06-20 17:24:37,295 - No messages received
2024-06-20 17:24:59,304 - No messages received
2024-06-20 17:25:21,313 - No messages received
2024-06-20 17:25:43,322 - No messages received
2024-06-20 17:26:05,332 - No messages received
2024-06-20 17:26:27,341 - No messages received
2024-06-20 17:26:49,350 - No messages received
2024-06-20 17:27:11,359 - No messages received
2024-06-20 17:27:33,368 - No messages received
2024-06-20 17:27:55,377 - No messages received
2024-06-20 17:28:17,386 - No messages received
2024-06-20 17:28:39,476 - No messages received
2024-06-20 17:29:01,485 - No messages received
2024-06-20 17:29:23,494 - No messages received
2024-06-20 17:29:45,504 - No messages received
2024-06-20 17:30:07,513 - No messages received
2024-06-20 17:30:29,522 - No messages received
2024-06-20 17:30:51,531 - No messages received
2024-06-20 17:31:13,541 - No messages received
2024-06-20 17:31:35,551 - No messages received
2024-06-20 17:31:57,560 - No messages received
2024-06-20 17:32:19,570 - No messages received
2024-06-20 17:32:41,654 - No messages received
2024-06-20 17:33:03,663 - No messages received
2024-06-20 17:33:25,671 - No messages received
2024-06-20 17:33:47,678 - No messages received
2024-06-20 17:34:09,686 - No messages received
2024-06-20 17:34:31,694 - No messages received
2024-06-20 17:34:53,702 - No messages received
2024-06-20 17:35:15,710 - No messages received
2024-06-20 17:35:37,717 - No messages received
2024-06-20 17:35:59,725 - No messages received
2024-06-20 17:36:21,733 - No messages received
2024-06-20 17:36:43,821 - No messages received
2024-06-20 17:37:05,830 - No messages received
2024-06-20 17:37:27,839 - No messages received
2024-06-20 17:37:49,848 - No messages received
2024-06-20 17:38:11,857 - No messages received
2024-06-20 17:38:33,866 - No messages received
2024-06-20 17:38:55,875 - No messages received
2024-06-20 17:39:17,884 - No messages received
2024-06-20 17:39:39,893 - No messages received
2024-06-20 17:40:01,902 - No messages received
2024-06-20 17:40:23,911 - No messages received
2024-06-20 17:40:45,998 - No messages received
2024-06-20 17:41:08,006 - No messages received
2024-06-20 17:41:30,014 - No messages received
2024-06-20 17:41:52,022 - No messages received
2024-06-20 17:42:14,030 - No messages received
2024-06-20 17:42:36,037 - No messages received
2024-06-20 17:42:58,046 - No messages received
2024-06-20 17:43:20,053 - No messages received
2024-06-20 17:43:42,061 - No messages received
2024-06-20 17:44:04,069 - No messages received
2024-06-20 17:44:26,082 - No messages received
2024-06-20 17:44:48,168 - No messages received
2024-06-20 17:45:10,176 - No messages received
2024-06-20 17:45:32,184 - No messages received
2024-06-20 17:45:54,192 - No messages received
2024-06-20 17:46:16,199 - No messages received
2024-06-20 17:46:38,207 - No messages received
2024-06-20 17:47:00,215 - No messages received
2024-06-20 17:47:22,223 - No messages received
2024-06-20 17:47:44,230 - No messages received
2024-06-20 17:48:06,238 - No messages received
2024-06-20 17:48:28,246 - No messages received
2024-06-20 17:48:50,333 - No messages received
2024-06-20 17:49:12,341 - No messages received
2024-06-20 17:49:34,350 - No messages received
2024-06-20 17:49:56,358 - No messages received
2024-06-20 17:50:18,367 - No messages received
2024-06-20 17:50:40,376 - No messages received
2024-06-20 17:51:02,385 - No messages received
2024-06-20 17:51:24,394 - No messages received
2024-06-20 17:51:46,402 - No messages received
2024-06-20 17:52:08,411 - No messages received
2024-06-20 17:52:30,420 - No messages received
2024-06-20 17:52:52,506 - No messages received
2024-06-20 17:53:14,512 - No messages received
2024-06-20 17:53:36,519 - No messages received
2024-06-20 17:53:58,525 - No messages received
2024-06-20 17:54:20,532 - No messages received
2024-06-20 17:54:42,539 - No messages received
2024-06-20 17:55:04,546 - No messages received
2024-06-20 17:55:26,553 - No messages received
2024-06-20 17:55:48,560 - No messages received
2024-06-20 17:56:10,566 - No messages received
2024-06-20 17:56:32,573 - No messages received
2024-06-20 17:56:54,661 - No messages received
2024-06-20 17:57:16,669 - No messages received
2024-06-20 17:57:38,679 - No messages received
2024-06-20 17:58:00,687 - No messages received
2024-06-20 17:58:22,695 - No messages received
2024-06-20 17:58:44,703 - No messages received
2024-06-20 17:59:06,711 - No messages received
2024-06-20 17:59:28,719 - No messages received
2024-06-20 17:59:50,728 - No messages received
2024-06-20 18:00:12,736 - No messages received
2024-06-20 18:00:34,745 - No messages received
2024-06-20 18:00:56,829 - No messages received
2024-06-20 18:01:18,837 - No messages received
2024-06-20 18:01:40,845 - No messages received
2024-06-20 18:02:02,894 - No messages received
2024-06-20 18:02:24,902 - No messages received
2024-06-20 18:02:46,910 - No messages received
2024-06-20 18:03:08,918 - No messages received
2024-06-20 18:03:30,926 - No messages received
2024-06-20 18:03:52,934 - No messages received
2024-06-20 18:04:14,942 - No messages received
2024-06-20 18:04:36,951 - No messages received
2024-06-20 18:04:59,036 - No messages received
2024-06-20 18:05:21,043 - No messages received
2024-06-20 18:05:43,051 - No messages received
2024-06-20 18:06:05,059 - No messages received
2024-06-20 18:06:27,066 - No messages received
2024-06-20 18:06:49,074 - No messages received
2024-06-20 18:07:11,082 - No messages received
2024-06-20 18:07:33,090 - No messages received
2024-06-20 18:07:55,098 - No messages received
2024-06-20 18:08:17,106 - No messages received
2024-06-20 18:08:39,114 - No messages received
2024-06-20 18:09:01,202 - No messages received
2024-06-20 18:09:23,212 - No messages received
2024-06-20 18:09:45,221 - No messages received
2024-06-20 18:10:07,231 - No messages received
2024-06-20 18:10:29,244 - No messages received
2024-06-20 18:10:51,255 - No messages received
2024-06-20 18:11:13,264 - No messages received
2024-06-20 18:11:35,274 - No messages received
2024-06-20 18:11:57,284 - No messages received
2024-06-20 18:12:19,293 - No messages received
2024-06-20 18:12:41,303 - No messages received
2024-06-20 18:13:03,388 - No messages received
2024-06-20 18:13:25,395 - No messages received
2024-06-20 18:13:47,402 - No messages received
2024-06-20 18:14:09,410 - No messages received
