2024-03-18 12:20:05,432 - response received
2024-03-18 12:20:05,439 - Deleted message from the queue: test_774:Emily
2024-03-18 12:20:05,450 - Message written to db test_774:Emily
2024-03-18 12:20:09,223 - response received
2024-03-18 12:20:09,229 - Deleted message from the queue: test_991:Emily
2024-03-18 12:20:09,234 - Message written to db test_991:Emily
2024-03-18 12:20:09,551 - response received
2024-03-18 12:20:09,557 - Deleted message from the queue: test_628:Bill
2024-03-18 12:20:09,561 - Message written to db test_628:Bill
2024-03-18 12:20:09,946 - response received
2024-03-18 12:20:09,951 - Deleted message from the queue: test_629:Wang
2024-03-18 12:20:09,956 - Message written to db test_629:Wang
2024-03-18 12:20:10,173 - response received
2024-03-18 12:20:10,178 - Deleted message from the queue: test_615:Gerry
2024-03-18 12:20:10,183 - Message written to db test_615:Gerry
2024-03-18 12:20:10,321 - response received
2024-03-18 12:20:10,327 - Deleted message from the queue: test_761:Emily
2024-03-18 12:20:10,333 - Message written to db test_761:Emily
2024-03-18 12:20:11,194 - response received
2024-03-18 12:20:11,200 - Deleted message from the queue: test_832:Bob
2024-03-18 12:20:11,205 - Message written to db test_832:Bob
2024-03-18 12:20:11,356 - response received
2024-03-18 12:20:11,362 - Deleted message from the queue: test_365:Gerry
2024-03-18 12:20:11,369 - Message written to db test_365:Gerry
2024-03-18 12:20:11,501 - response received
2024-03-18 12:20:11,507 - Deleted message from the queue: test_588:Bill
2024-03-18 12:20:11,512 - Message written to db test_588:Bill
2024-03-18 12:20:12,479 - response received
2024-03-18 12:20:12,484 - Deleted message from the queue: test_198:Bill
2024-03-18 12:20:12,490 - Message written to db test_198:Bill
2024-03-18 12:20:13,200 - response received
2024-03-18 12:20:13,206 - Deleted message from the queue: test_826:Gerry
2024-03-18 12:20:13,211 - Message written to db test_826:Gerry
2024-03-18 12:20:13,344 - response received
2024-03-18 12:20:13,350 - Deleted message from the queue: test_952:Bob
2024-03-18 12:20:13,355 - Message written to db test_952:Bob
2024-03-18 12:20:13,475 - response received
2024-03-18 12:20:13,480 - Deleted message from the queue: test_563:German
2024-03-18 12:20:13,485 - Message written to db test_563:German
2024-03-18 12:20:13,603 - response received
2024-03-18 12:20:13,608 - Deleted message from the queue: test_211:Emily
2024-03-18 12:20:13,616 - Message written to db test_211:Emily
2024-03-18 12:20:14,112 - response received
2024-03-18 12:20:14,118 - Deleted message from the queue: test_760:Paul
2024-03-18 12:20:14,122 - Message written to db test_760:Paul
2024-03-18 12:20:14,179 - response received
2024-03-18 12:20:14,185 - Deleted message from the queue: test_577:Ranil
2024-03-18 12:20:14,191 - Message written to db test_577:Ranil
2024-03-18 12:20:16,606 - response received
2024-03-18 12:20:16,612 - Deleted message from the queue: test_205:Gerry
2024-03-18 12:20:16,616 - Message written to db test_205:Gerry
2024-03-18 12:20:16,788 - response received
2024-03-18 12:20:16,794 - Deleted message from the queue: test_173:German
2024-03-18 12:20:16,799 - Message written to db test_173:German
2024-03-18 12:20:16,893 - response received
2024-03-18 12:20:16,899 - Deleted message from the queue: test_371:Emily
2024-03-18 12:20:16,905 - Message written to db test_371:Emily
2024-03-18 12:20:17,430 - response received
2024-03-18 12:20:17,436 - Deleted message from the queue: test_172:Bob
2024-03-18 12:20:17,441 - Message written to db test_172:Bob
2024-03-18 12:20:17,497 - response received
2024-03-18 12:20:17,503 - Deleted message from the queue: test_416:Gerry
2024-03-18 12:20:17,507 - Message written to db test_416:Gerry
2024-03-18 12:20:19,002 - response received
2024-03-18 12:20:19,008 - Deleted message from the queue: test_601:Emily
2024-03-18 12:20:19,013 - Message written to db test_601:Emily
2024-03-18 12:20:19,272 - response received
2024-03-18 12:20:19,277 - Deleted message from the queue: test_775:Gerry
2024-03-18 12:20:19,284 - Message written to db test_775:Gerry
2024-03-18 12:20:19,705 - response received
2024-03-18 12:20:19,710 - Deleted message from the queue: test_359:Wang
2024-03-18 12:20:19,714 - Message written to db test_359:Wang
2024-03-18 12:20:20,104 - response received
2024-03-18 12:20:20,109 - Deleted message from the queue: test_749:Wang
2024-03-18 12:20:20,114 - Message written to db test_749:Wang
2024-03-18 12:20:22,113 - response received
2024-03-18 12:20:22,118 - Deleted message from the queue: test_167:Ranil
2024-03-18 12:20:22,123 - Message written to db test_167:Ranil
2024-03-18 12:20:22,470 - response received
2024-03-18 12:20:22,514 - Deleted message from the queue: test_239:Wang
2024-03-18 12:20:22,519 - Message written to db test_239:Wang
2024-03-18 12:20:22,888 - response received
2024-03-18 12:20:22,893 - Deleted message from the queue: test_748:Bill
2024-03-18 12:20:22,897 - Message written to db test_748:Bill
2024-03-18 12:20:23,017 - response received
2024-03-18 12:20:23,023 - Deleted message from the queue: test_013:German
2024-03-18 12:20:23,027 - Message written to db test_013:German
2024-03-18 12:20:23,091 - response received
2024-03-18 12:20:23,096 - Deleted message from the queue: test_403:German
2024-03-18 12:20:23,102 - Message written to db test_403:German
2024-03-18 12:20:23,425 - response received
2024-03-18 12:20:23,431 - Deleted message from the queue: test_006:Gerry
2024-03-18 12:20:23,435 - Message written to db test_006:Gerry
2024-03-18 12:20:24,879 - response received
2024-03-18 12:20:24,884 - Deleted message from the queue: test_402:Bob
2024-03-18 12:20:24,890 - Message written to db test_402:Bob
2024-03-18 12:20:27,348 - response received
2024-03-18 12:20:27,353 - Deleted message from the queue: test_833:German
2024-03-18 12:20:27,357 - Message written to db test_833:German
2024-03-18 12:20:27,529 - response received
2024-03-18 12:20:27,534 - Deleted message from the queue: test_417:Ranil
2024-03-18 12:20:27,539 - Message written to db test_417:Ranil
2024-03-18 12:20:28,089 - response received
2024-03-18 12:20:28,094 - Deleted message from the queue: test_364:Emily
2024-03-18 12:20:28,099 - Message written to db test_364:Emily
2024-03-18 12:20:28,905 - response received
2024-03-18 12:20:28,911 - Deleted message from the queue: test_614:Emily
2024-03-18 12:20:28,915 - Message written to db test_614:Emily
2024-03-18 12:20:29,135 - response received
2024-03-18 12:20:29,141 - Deleted message from the queue: test_600:Paul
2024-03-18 12:20:29,146 - Message written to db test_600:Paul
2024-03-18 12:20:29,515 - response received
2024-03-18 12:20:29,520 - Deleted message from the queue: test_166:Gerry
2024-03-18 12:20:29,525 - Message written to db test_166:Gerry
2024-03-18 12:20:31,010 - response received
2024-03-18 12:20:31,016 - Deleted message from the queue: test_984:Emily
2024-03-18 12:20:31,021 - Message written to db test_984:Emily
2024-03-18 12:20:31,820 - response received
2024-03-18 12:20:31,826 - Deleted message from the queue: test_827:Ranil
2024-03-18 12:20:31,831 - Message written to db test_827:Ranil
2024-03-18 12:20:32,907 - response received
2024-03-18 12:20:32,912 - Deleted message from the queue: test_947:Ranil
2024-03-18 12:20:32,931 - Message written to db test_947:Ranil
2024-03-18 12:20:33,645 - response received
2024-03-18 12:20:33,651 - Deleted message from the queue: test_990:Paul
2024-03-18 12:20:33,658 - Message written to db test_990:Paul
2024-03-18 12:20:33,925 - response received
2024-03-18 12:20:33,931 - Deleted message from the queue: test_199:Wang
2024-03-18 12:20:33,935 - Message written to db test_199:Wang
2024-03-18 12:20:36,933 - response received
2024-03-18 12:20:36,938 - Deleted message from the queue: test_370:Paul
2024-03-18 12:20:36,942 - Message written to db test_370:Paul
2024-03-18 12:20:37,668 - response received
2024-03-18 12:20:37,673 - Deleted message from the queue: test_358:Bill
2024-03-18 12:20:37,678 - Message written to db test_358:Bill
2024-03-18 12:20:39,971 - response received
2024-03-18 12:20:39,976 - Deleted message from the queue: test_012:Bob
2024-03-18 12:20:39,981 - Message written to db test_012:Bob
2024-03-18 12:30:12,076 - response received
2024-03-18 12:30:12,081 - Deleted message from the queue: test_985:Gerry
2024-03-18 12:30:12,086 - Message written to db test_985:Gerry
2024-03-18 12:30:14,047 - response received
2024-03-18 12:30:14,052 - Deleted message from the queue: test_007:Ranil
2024-03-18 12:30:14,057 - Message written to db test_007:Ranil
2024-03-18 12:30:20,511 - response received
2024-03-18 12:30:20,516 - Deleted message from the queue: test_953:German
2024-03-18 12:30:20,528 - Message written to db test_953:German
2024-03-18 12:30:26,447 - response received
2024-03-18 12:30:26,453 - Deleted message from the queue: test_946:Gerry
2024-03-18 12:30:26,458 - Message written to db test_946:Gerry
2024-03-18 12:38:14,123 - response received
2024-03-18 12:38:14,128 - Deleted message from the queue: test_167:Ranil
2024-03-18 12:38:14,133 - Message written to db test_167:Ranil
2024-03-18 12:38:18,209 - response received
2024-03-18 12:38:18,214 - Deleted message from the queue: test_403:German
2024-03-18 12:38:18,218 - Message written to db test_403:German
2024-03-18 12:38:25,402 - response received
2024-03-18 12:38:25,407 - Deleted message from the queue: test_775:Gerry
2024-03-18 12:38:25,411 - Message written to db test_775:Gerry
2024-03-18 12:38:25,731 - response received
2024-03-18 12:38:25,736 - Deleted message from the queue: test_013:German
2024-03-18 12:38:25,741 - Message written to db test_013:German
2024-03-18 12:38:30,229 - response received
2024-03-18 12:38:30,234 - Deleted message from the queue: test_211:Emily
2024-03-18 12:38:30,239 - Message written to db test_211:Emily
2024-03-18 12:38:35,325 - response received
2024-03-18 12:38:35,330 - Deleted message from the queue: test_946:Gerry
2024-03-18 12:38:35,335 - Message written to db test_946:Gerry
2024-03-18 12:38:36,079 - response received
2024-03-18 12:38:36,084 - Deleted message from the queue: test_239:Wang
2024-03-18 12:38:36,088 - Message written to db test_239:Wang
2024-03-18 12:38:39,147 - response received
2024-03-18 12:38:39,152 - Deleted message from the queue: test_577:Ranil
2024-03-18 12:38:39,159 - Message written to db test_577:Ranil
2024-03-18 12:38:44,560 - response received
2024-03-18 12:38:44,565 - Deleted message from the queue: test_615:Gerry
2024-03-18 12:38:44,569 - Message written to db test_615:Gerry
2024-03-18 12:38:44,923 - response received
2024-03-18 12:38:44,928 - Deleted message from the queue: test_952:Bob
2024-03-18 12:38:44,932 - Message written to db test_952:Bob
2024-03-18 12:38:45,813 - response received
2024-03-18 12:38:45,818 - Deleted message from the queue: test_563:German
2024-03-18 12:38:45,823 - Message written to db test_563:German
2024-03-18 12:38:46,021 - response received
2024-03-18 12:38:46,026 - Deleted message from the queue: test_991:Emily
2024-03-18 12:38:46,031 - Message written to db test_991:Emily
2024-03-18 12:38:47,153 - response received
2024-03-18 12:38:47,158 - Deleted message from the queue: test_417:Ranil
2024-03-18 12:38:47,162 - Message written to db test_417:Ranil
2024-03-18 12:38:47,571 - response received
2024-03-18 12:38:47,576 - Deleted message from the queue: test_985:Gerry
2024-03-18 12:38:47,581 - Message written to db test_985:Gerry
2024-03-18 12:38:48,565 - response received
2024-03-18 12:38:48,570 - Deleted message from the queue: test_205:Gerry
2024-03-18 12:38:48,575 - Message written to db test_205:Gerry
2024-03-18 12:38:48,994 - response received
2024-03-18 12:38:48,999 - Deleted message from the queue: test_365:Gerry
2024-03-18 12:38:49,004 - Message written to db test_365:Gerry
2024-03-18 12:38:50,767 - response received
2024-03-18 12:38:50,771 - Deleted message from the queue: test_749:Wang
2024-03-18 12:38:50,776 - Message written to db test_749:Wang
2024-03-18 12:38:58,717 - response received
2024-03-18 12:38:58,723 - Deleted message from the queue: test_364:Emily
2024-03-18 12:38:58,727 - Message written to db test_364:Emily
2024-03-18 12:38:59,065 - response received
2024-03-18 12:38:59,070 - Deleted message from the queue: test_588:Bill
2024-03-18 12:38:59,075 - Message written to db test_588:Bill
2024-03-18 12:38:59,751 - response received
2024-03-18 12:38:59,756 - Deleted message from the queue: test_173:German
2024-03-18 12:38:59,760 - Message written to db test_173:German
2024-03-18 12:39:01,356 - response received
2024-03-18 12:39:01,362 - Deleted message from the queue: test_601:Emily
2024-03-18 12:39:01,368 - Message written to db test_601:Emily
2024-03-18 12:39:09,152 - response received
2024-03-18 12:39:09,157 - Deleted message from the queue: test_629:Wang
2024-03-18 12:39:09,164 - Message written to db test_629:Wang
2024-03-18 12:39:09,485 - response received
2024-03-18 12:39:09,490 - Deleted message from the queue: test_371:Emily
2024-03-18 12:39:09,494 - Message written to db test_371:Emily
2024-03-18 12:39:13,449 - response received
2024-03-18 12:39:13,454 - Deleted message from the queue: test_832:Bob
2024-03-18 12:39:13,459 - Message written to db test_832:Bob
2024-03-18 12:39:17,913 - response received
2024-03-18 12:39:17,918 - Deleted message from the queue: test_198:Bill
2024-03-18 12:39:17,924 - Message written to db test_198:Bill
2024-03-18 12:39:19,322 - response received
2024-03-18 12:39:19,327 - Deleted message from the queue: test_359:Wang
2024-03-18 12:39:19,332 - Message written to db test_359:Wang
2024-03-18 12:39:20,263 - response received
2024-03-18 12:39:20,267 - Deleted message from the queue: test_761:Emily
2024-03-18 12:39:20,272 - Message written to db test_761:Emily
2024-03-18 12:39:23,191 - response received
2024-03-18 12:39:23,196 - Deleted message from the queue: test_826:Gerry
2024-03-18 12:39:23,200 - Message written to db test_826:Gerry
2024-03-18 12:39:28,126 - response received
2024-03-18 12:39:28,131 - Deleted message from the queue: test_370:Paul
2024-03-18 12:39:28,136 - Message written to db test_370:Paul
2024-03-18 12:39:29,361 - response received
2024-03-18 12:39:29,366 - Deleted message from the queue: test_416:Gerry
2024-03-18 12:39:29,371 - Message written to db test_416:Gerry
2024-03-18 12:39:29,971 - response received
2024-03-18 12:39:29,976 - Deleted message from the queue: test_402:Bob
2024-03-18 12:39:29,983 - Message written to db test_402:Bob
2024-03-18 12:39:31,155 - response received
2024-03-18 12:39:31,160 - Deleted message from the queue: test_172:Bob
2024-03-18 12:39:31,166 - Message written to db test_172:Bob
2024-03-18 12:39:33,136 - response received
2024-03-18 12:39:33,141 - Deleted message from the queue: test_007:Ranil
2024-03-18 12:39:33,146 - Message written to db test_007:Ranil
2024-03-18 12:39:33,601 - response received
2024-03-18 12:39:33,606 - Deleted message from the queue: test_166:Gerry
2024-03-18 12:39:33,611 - Message written to db test_166:Gerry
2024-03-18 12:39:33,996 - response received
2024-03-18 12:39:34,001 - Deleted message from the queue: test_358:Bill
2024-03-18 12:39:34,006 - Message written to db test_358:Bill
2024-03-18 12:39:42,082 - response received
2024-03-18 12:39:42,087 - Deleted message from the queue: test_600:Paul
2024-03-18 12:39:42,091 - Message written to db test_600:Paul
2024-03-18 12:39:43,255 - response received
2024-03-18 12:39:43,260 - Deleted message from the queue: test_827:Ranil
2024-03-18 12:39:43,265 - Message written to db test_827:Ranil
2024-03-18 12:39:52,210 - response received
2024-03-18 12:39:52,302 - Deleted message from the queue: test_774:Emily
2024-03-18 12:39:52,307 - Message written to db test_774:Emily
2024-03-18 12:39:56,171 - response received
2024-03-18 12:39:56,177 - Deleted message from the queue: test_953:German
2024-03-18 12:39:56,181 - Message written to db test_953:German
2024-03-18 12:40:00,176 - response received
2024-03-18 12:40:00,182 - Deleted message from the queue: test_947:Ranil
2024-03-18 12:40:00,186 - Message written to db test_947:Ranil
2024-03-18 12:40:04,915 - response received
2024-03-18 12:40:04,920 - Deleted message from the queue: test_614:Emily
2024-03-18 12:40:04,926 - Message written to db test_614:Emily
2024-03-18 12:40:06,689 - response received
2024-03-18 12:40:06,694 - Deleted message from the queue: test_760:Paul
2024-03-18 12:40:06,700 - Message written to db test_760:Paul
2024-03-18 12:40:07,086 - response received
2024-03-18 12:40:07,092 - Deleted message from the queue: test_628:Bill
2024-03-18 12:40:07,097 - Message written to db test_628:Bill
2024-03-18 12:40:07,266 - response received
2024-03-18 12:40:07,272 - Deleted message from the queue: test_833:German
2024-03-18 12:40:07,277 - Message written to db test_833:German
2024-03-18 12:40:07,576 - response received
2024-03-18 12:40:07,582 - Deleted message from the queue: test_990:Paul
2024-03-18 12:40:07,587 - Message written to db test_990:Paul
2024-03-18 12:40:09,047 - response received
2024-03-18 12:40:09,053 - Deleted message from the queue: test_984:Emily
2024-03-18 12:40:09,058 - Message written to db test_984:Emily
2024-03-18 12:40:10,710 - response received
2024-03-18 12:40:10,715 - Deleted message from the queue: test_012:Bob
2024-03-18 12:40:10,720 - Message written to db test_012:Bob
2024-03-18 12:40:11,251 - response received
2024-03-18 12:40:11,257 - Deleted message from the queue: test_748:Bill
2024-03-18 12:40:11,263 - Message written to db test_748:Bill
2024-03-18 12:40:13,549 - response received
2024-03-18 12:40:13,554 - Deleted message from the queue: test_006:Gerry
2024-03-18 12:40:13,559 - Message written to db test_006:Gerry
2024-03-18 12:40:13,625 - response received
2024-03-18 12:40:13,631 - Deleted message from the queue: test_199:Wang
2024-03-18 12:40:13,635 - Message written to db test_199:Wang
2024-03-18 12:50:34,391 - response received
2024-03-18 12:50:34,396 - Deleted message from the queue: test_370:Paul
2024-03-18 12:50:34,400 - Message written to db test_370:Paul
2024-03-18 12:50:41,723 - response received
2024-03-18 12:50:41,727 - Deleted message from the queue: test_403:German
2024-03-18 12:50:41,739 - Message written to db test_403:German
2024-03-18 12:50:48,889 - response received
2024-03-18 12:50:48,893 - Deleted message from the queue: test_946:Gerry
2024-03-18 12:50:48,898 - Message written to db test_946:Gerry
2024-03-18 12:50:55,947 - response received
2024-03-18 12:50:55,952 - Deleted message from the queue: test_985:Gerry
2024-03-18 12:50:55,956 - Message written to db test_985:Gerry
2024-03-18 12:51:03,188 - response received
2024-03-18 12:51:03,193 - Deleted message from the queue: test_749:Wang
2024-03-18 12:51:03,198 - Message written to db test_749:Wang
2024-03-18 12:51:10,510 - response received
2024-03-18 12:51:10,514 - Deleted message from the queue: test_991:Emily
2024-03-18 12:51:10,518 - Message written to db test_991:Emily
2024-03-18 12:51:17,656 - response received
2024-03-18 12:51:17,663 - Deleted message from the queue: test_826:Gerry
2024-03-18 12:51:17,667 - Message written to db test_826:Gerry
2024-03-18 12:51:24,694 - response received
2024-03-18 12:51:24,700 - Deleted message from the queue: test_629:Wang
2024-03-18 12:51:24,705 - Message written to db test_629:Wang
2024-03-18 12:51:31,709 - response received
2024-03-18 12:51:31,714 - Deleted message from the queue: test_172:Bob
2024-03-18 12:51:31,719 - Message written to db test_172:Bob
2024-03-18 12:51:38,791 - response received
2024-03-18 12:51:38,796 - Deleted message from the queue: test_832:Bob
2024-03-18 12:51:38,801 - Message written to db test_832:Bob
2024-03-18 12:51:45,877 - response received
2024-03-18 12:51:45,975 - Deleted message from the queue: test_007:Ranil
2024-03-18 12:51:45,980 - Message written to db test_007:Ranil
2024-03-18 12:51:52,887 - response received
2024-03-18 12:51:52,894 - Deleted message from the queue: test_365:Gerry
2024-03-18 12:51:52,899 - Message written to db test_365:Gerry
2024-03-18 12:51:59,892 - response received
2024-03-18 12:51:59,897 - Deleted message from the queue: test_601:Emily
2024-03-18 12:51:59,902 - Message written to db test_601:Emily
2024-03-18 12:52:07,045 - response received
2024-03-18 12:52:07,050 - Deleted message from the queue: test_827:Ranil
2024-03-18 12:52:07,066 - Message written to db test_827:Ranil
2024-03-18 12:52:14,165 - response received
2024-03-18 12:52:14,171 - Deleted message from the queue: test_359:Wang
2024-03-18 12:52:14,175 - Message written to db test_359:Wang
2024-03-18 12:52:21,172 - response received
2024-03-18 12:52:21,177 - Deleted message from the queue: test_371:Emily
2024-03-18 12:52:21,181 - Message written to db test_371:Emily
2024-03-18 12:52:28,286 - response received
2024-03-18 12:52:28,292 - Deleted message from the queue: test_417:Ranil
2024-03-18 12:52:28,296 - Message written to db test_417:Ranil
2024-03-18 12:52:35,348 - response received
2024-03-18 12:52:35,354 - Deleted message from the queue: test_416:Gerry
2024-03-18 12:52:35,359 - Message written to db test_416:Gerry
2024-03-18 12:52:42,432 - response received
2024-03-18 12:52:42,438 - Deleted message from the queue: test_760:Paul
2024-03-18 12:52:42,443 - Message written to db test_760:Paul
2024-03-18 12:52:49,451 - response received
2024-03-18 12:52:49,457 - Deleted message from the queue: test_947:Ranil
2024-03-18 12:52:49,462 - Message written to db test_947:Ranil
2024-03-18 12:52:56,423 - response received
2024-03-18 12:52:56,429 - Deleted message from the queue: test_563:German
2024-03-18 12:52:56,433 - Message written to db test_563:German
2024-03-18 12:53:03,475 - response received
2024-03-18 12:53:03,481 - Deleted message from the queue: test_402:Bob
2024-03-18 12:53:03,486 - Message written to db test_402:Bob
2024-03-18 12:53:10,539 - response received
2024-03-18 12:53:10,545 - Deleted message from the queue: test_012:Bob
2024-03-18 12:53:10,550 - Message written to db test_012:Bob
2024-03-18 12:53:17,513 - response received
2024-03-18 12:53:17,519 - Deleted message from the queue: test_952:Bob
2024-03-18 12:53:17,524 - Message written to db test_952:Bob
2024-03-18 12:53:24,599 - response received
2024-03-18 12:53:24,605 - Deleted message from the queue: test_358:Bill
2024-03-18 12:53:24,610 - Message written to db test_358:Bill
2024-03-18 12:53:26,446 - response received
2024-03-18 12:53:26,451 - Deleted message from the queue: test_615:Gerry
2024-03-18 12:53:26,456 - Message written to db test_615:Gerry
2024-03-18 12:53:27,111 - response received
2024-03-18 12:53:27,117 - Deleted message from the queue: test_775:Gerry
2024-03-18 12:53:27,122 - Message written to db test_775:Gerry
2024-03-18 12:53:27,423 - response received
2024-03-18 12:53:27,429 - Deleted message from the queue: test_614:Emily
2024-03-18 12:53:27,435 - Message written to db test_614:Emily
2024-03-18 12:53:31,606 - response received
2024-03-18 12:53:31,612 - Deleted message from the queue: test_364:Emily
2024-03-18 12:53:31,617 - Message written to db test_364:Emily
2024-03-18 12:53:31,696 - response received
2024-03-18 12:53:31,702 - Deleted message from the queue: test_748:Bill
2024-03-18 12:53:31,706 - Message written to db test_748:Bill
2024-03-18 12:53:31,712 - Deleted message from the queue: test_166:Gerry
2024-03-18 12:53:31,716 - Message written to db test_166:Gerry
2024-03-18 12:53:31,840 - response received
2024-03-18 12:53:31,846 - Deleted message from the queue: test_173:German
2024-03-18 12:53:31,850 - Message written to db test_173:German
2024-03-18 12:53:32,118 - response received
2024-03-18 12:53:32,126 - Deleted message from the queue: test_833:German
2024-03-18 12:53:32,130 - Message written to db test_833:German
2024-03-18 12:53:34,124 - response received
2024-03-18 12:53:34,130 - Deleted message from the queue: test_628:Bill
2024-03-18 12:53:34,135 - Message written to db test_628:Bill
2024-03-18 12:53:35,002 - response received
2024-03-18 12:53:35,008 - Deleted message from the queue: test_205:Gerry
2024-03-18 12:53:35,013 - Message written to db test_205:Gerry
2024-03-18 12:53:35,581 - response received
2024-03-18 12:53:35,586 - Deleted message from the queue: test_239:Wang
2024-03-18 12:53:35,591 - Message written to db test_239:Wang
2024-03-18 12:53:40,479 - response received
2024-03-18 12:53:40,484 - Deleted message from the queue: test_990:Paul
2024-03-18 12:53:40,489 - Message written to db test_990:Paul
2024-03-18 12:53:44,275 - response received
2024-03-18 12:53:44,281 - Deleted message from the queue: test_761:Emily
2024-03-18 12:53:44,286 - Message written to db test_761:Emily
2024-03-18 12:53:46,042 - response received
2024-03-18 12:53:46,049 - Deleted message from the queue: test_211:Emily
2024-03-18 12:53:46,053 - Message written to db test_211:Emily
2024-03-18 12:53:54,354 - response received
2024-03-18 12:53:54,360 - Deleted message from the queue: test_577:Ranil
2024-03-18 12:53:54,365 - Message written to db test_577:Ranil
2024-03-18 12:53:54,860 - response received
2024-03-18 12:53:54,866 - Deleted message from the queue: test_013:German
2024-03-18 12:53:54,870 - Message written to db test_013:German
2024-03-18 12:53:56,073 - response received
2024-03-18 12:53:56,079 - Deleted message from the queue: test_600:Paul
2024-03-18 12:53:56,083 - Message written to db test_600:Paul
2024-03-18 12:54:00,654 - response received
2024-03-18 12:54:00,661 - Deleted message from the queue: test_198:Bill
2024-03-18 12:54:00,665 - Message written to db test_198:Bill
2024-03-18 12:54:11,592 - response received
2024-03-18 12:54:11,598 - Deleted message from the queue: test_774:Emily
2024-03-18 12:54:11,602 - Message written to db test_774:Emily
2024-03-18 12:54:12,785 - response received
2024-03-18 12:54:12,790 - Deleted message from the queue: test_588:Bill
2024-03-18 12:54:12,795 - Message written to db test_588:Bill
2024-03-18 12:54:13,822 - response received
2024-03-18 12:54:13,828 - Deleted message from the queue: test_199:Wang
2024-03-18 12:54:13,833 - Message written to db test_199:Wang
2024-03-18 12:54:18,612 - response received
2024-03-18 12:54:18,618 - Deleted message from the queue: test_006:Gerry
2024-03-18 12:54:18,622 - Message written to db test_006:Gerry
2024-03-18 12:54:19,446 - response received
2024-03-18 12:54:19,452 - Deleted message from the queue: test_167:Ranil
2024-03-18 12:54:19,471 - Message written to db test_167:Ranil
2024-03-18 12:54:26,945 - response received
2024-03-18 12:54:26,950 - Deleted message from the queue: test_984:Emily
2024-03-18 12:54:26,955 - Message written to db test_984:Emily
2024-03-18 12:54:55,541 - response received
2024-03-18 12:54:55,547 - Deleted message from the queue: test_953:German
2024-03-18 12:54:55,551 - Message written to db test_953:German
2024-03-18 13:09:08,397 - response received
2024-03-18 13:09:08,404 - Deleted message from the queue: test_601:Emily
2024-03-18 13:09:08,408 - Message written to db test_601:Emily
2024-03-18 13:09:09,889 - response received
2024-03-18 13:09:09,895 - Deleted message from the queue: test_749:Wang
2024-03-18 13:09:09,899 - Message written to db test_749:Wang
2024-03-18 13:09:12,552 - response received
2024-03-18 13:09:12,558 - Deleted message from the queue: test_239:Wang
2024-03-18 13:09:12,562 - Message written to db test_239:Wang
2024-03-18 13:09:15,221 - response received
2024-03-18 13:09:15,227 - Deleted message from the queue: test_211:Emily
2024-03-18 13:09:15,234 - Message written to db test_211:Emily
2024-03-18 13:09:16,103 - response received
2024-03-18 13:09:16,108 - Deleted message from the queue: test_013:German
2024-03-18 13:09:16,113 - Message written to db test_013:German
2024-03-18 13:09:18,149 - response received
2024-03-18 13:09:18,155 - Deleted message from the queue: test_577:Ranil
2024-03-18 13:09:18,160 - Message written to db test_577:Ranil
2024-03-18 13:09:19,644 - response received
2024-03-18 13:09:19,650 - Deleted message from the queue: test_985:Gerry
2024-03-18 13:09:19,656 - Message written to db test_985:Gerry
2024-03-18 13:09:21,894 - response received
2024-03-18 13:09:21,900 - Deleted message from the queue: test_952:Bob
2024-03-18 13:09:21,905 - Message written to db test_952:Bob
2024-03-18 13:09:21,961 - response received
2024-03-18 13:09:21,966 - Deleted message from the queue: test_629:Wang
2024-03-18 13:09:21,971 - Message written to db test_629:Wang
2024-03-18 13:09:22,127 - response received
2024-03-18 13:09:22,133 - Deleted message from the queue: test_826:Gerry
2024-03-18 13:09:22,137 - Message written to db test_826:Gerry
2024-03-18 13:09:30,628 - response received
2024-03-18 13:09:30,634 - Deleted message from the queue: test_588:Bill
2024-03-18 13:09:30,639 - Message written to db test_588:Bill
2024-03-18 13:09:32,086 - response received
2024-03-18 13:09:32,092 - Deleted message from the queue: test_991:Emily
2024-03-18 13:09:32,106 - Message written to db test_991:Emily
2024-03-18 13:09:33,424 - response received
2024-03-18 13:09:33,430 - Deleted message from the queue: test_761:Emily
2024-03-18 13:09:33,435 - Message written to db test_761:Emily
2024-03-18 13:09:37,468 - response received
2024-03-18 13:09:37,474 - Deleted message from the queue: test_007:Ranil
2024-03-18 13:09:37,479 - Message written to db test_007:Ranil
2024-03-18 13:09:39,531 - response received
2024-03-18 13:09:39,536 - Deleted message from the queue: test_832:Bob
2024-03-18 13:09:39,541 - Message written to db test_832:Bob
2024-03-18 13:09:52,395 - response received
2024-03-18 13:09:52,400 - Deleted message from the queue: test_211:Emily
2024-03-18 13:09:52,405 - Message written to db test_211:Emily
2024-03-18 13:09:56,002 - response received
2024-03-18 13:09:56,008 - Deleted message from the queue: test_198:Bill
2024-03-18 13:09:56,013 - Message written to db test_198:Bill
2024-03-18 13:09:57,008 - response received
2024-03-18 13:09:57,013 - Deleted message from the queue: test_205:Gerry
2024-03-18 13:09:57,018 - Message written to db test_205:Gerry
2024-03-18 13:09:59,619 - response received
2024-03-18 13:09:59,624 - Deleted message from the queue: test_775:Gerry
2024-03-18 13:09:59,629 - Message written to db test_775:Gerry
2024-03-18 13:09:59,852 - response received
2024-03-18 13:09:59,858 - Deleted message from the queue: test_946:Gerry
2024-03-18 13:09:59,863 - Message written to db test_946:Gerry
2024-03-18 13:10:10,805 - response received
2024-03-18 13:10:10,811 - Deleted message from the queue: test_563:German
2024-03-18 13:10:10,816 - Message written to db test_563:German
2024-03-18 14:15:20,797 - response received
2024-03-18 14:15:20,803 - Deleted message from the queue: test_588:Bill
2024-03-18 14:15:20,814 - Message written to db test_588:Bill
2024-03-18 18:24:58,051 - response received
2024-03-18 18:24:58,058 - Deleted message from the queue: test_952:Bob
2024-03-18 18:24:58,063 - Message written to db test_952:Bob
2024-03-18 18:24:58,068 - Deleted message from the queue: test_563:German
2024-03-18 18:24:58,072 - Message written to db test_563:German
2024-03-18 18:24:58,105 - response received
2024-03-18 18:24:58,110 - Deleted message from the queue: test_946:Gerry
2024-03-18 18:24:58,114 - Message written to db test_946:Gerry
2024-03-18 18:24:58,119 - Deleted message from the queue: test_239:Wang
2024-03-18 18:24:58,124 - Message written to db test_239:Wang
2024-03-18 18:24:58,177 - Deleted message from the queue: test_211:Emily
2024-03-18 18:24:58,182 - Message written to db test_211:Emily
2024-03-18 18:24:58,187 - Deleted message from the queue: test_991:Emily
2024-03-18 18:24:58,191 - Message written to db test_991:Emily
2024-03-18 18:24:58,229 - response received
2024-03-18 18:24:58,234 - Deleted message from the queue: test_749:Wang
2024-03-18 18:24:58,239 - Message written to db test_749:Wang
2024-03-18 18:24:58,274 - response received
2024-03-18 18:24:58,279 - Deleted message from the queue: test_588:Bill
2024-03-18 18:24:58,283 - Message written to db test_588:Bill
2024-03-18 18:24:58,322 - response received
2024-03-18 18:24:58,327 - Deleted message from the queue: test_577:Ranil
2024-03-18 18:24:58,331 - Message written to db test_577:Ranil
2024-03-18 18:24:58,336 - Deleted message from the queue: test_205:Gerry
2024-03-18 18:24:58,340 - Message written to db test_205:Gerry
2024-03-18 18:29:12,838 - response received
2024-03-18 18:29:12,843 - Deleted message from the queue: test_239:Wang
2024-03-18 18:29:12,850 - Message written to db test_239:Wang
2024-03-18 18:29:24,228 - response received
2024-03-18 18:29:24,234 - Deleted message from the queue: test_577:Ranil
2024-03-18 18:29:24,239 - Message written to db test_577:Ranil
2024-03-18 18:29:26,168 - response received
2024-03-18 18:29:26,173 - Deleted message from the queue: test_588:Bill
2024-03-18 18:29:26,178 - Message written to db test_588:Bill
2024-03-18 18:29:27,501 - response received
2024-03-18 18:29:27,507 - Deleted message from the queue: test_205:Gerry
2024-03-18 18:29:27,511 - Message written to db test_205:Gerry
2024-03-18 18:29:28,433 - response received
2024-03-18 18:29:28,439 - Deleted message from the queue: test_749:Wang
2024-03-18 18:29:28,446 - Message written to db test_749:Wang
2024-03-18 18:29:30,670 - response received
2024-03-18 18:29:30,675 - Deleted message from the queue: test_946:Gerry
2024-03-18 18:29:30,679 - Message written to db test_946:Gerry
2024-03-18 18:29:33,880 - response received
2024-03-18 18:29:33,886 - Deleted message from the queue: test_991:Emily
2024-03-18 18:29:33,891 - Message written to db test_991:Emily
2024-03-18 18:29:36,937 - response received
2024-03-18 18:29:36,943 - Deleted message from the queue: test_952:Bob
2024-03-18 18:29:36,947 - Message written to db test_952:Bob
2024-03-18 18:29:49,883 - response received
2024-03-18 18:29:49,889 - Deleted message from the queue: test_563:German
2024-03-18 18:29:49,893 - Message written to db test_563:German
2024-03-18 18:30:10,300 - response received
2024-03-18 18:30:10,306 - Deleted message from the queue: test_211:Emily
2024-03-18 18:30:10,311 - Message written to db test_211:Emily
2024-03-18 18:35:06,263 - response received
2024-03-18 18:35:06,269 - Deleted message from the queue: test_563:German
2024-03-18 18:35:06,275 - Message written to db test_563:German
2024-03-18 18:35:06,957 - response received
2024-03-18 18:35:06,963 - Deleted message from the queue: test_577:Ranil
2024-03-18 18:35:06,968 - Message written to db test_577:Ranil
2024-03-18 18:35:13,675 - response received
2024-03-18 18:35:13,680 - Deleted message from the queue: test_205:Gerry
2024-03-18 18:35:13,685 - Message written to db test_205:Gerry
2024-03-18 18:35:14,128 - response received
2024-03-18 18:35:14,133 - Deleted message from the queue: test_588:Bill
2024-03-18 18:35:14,138 - Message written to db test_588:Bill
2024-03-18 18:35:14,977 - response received
2024-03-18 18:35:14,982 - Deleted message from the queue: test_991:Emily
2024-03-18 18:35:14,986 - Message written to db test_991:Emily
2024-03-18 18:35:15,097 - response received
2024-03-18 18:35:15,102 - Deleted message from the queue: test_946:Gerry
2024-03-18 18:35:15,107 - Message written to db test_946:Gerry
2024-03-18 18:35:15,374 - response received
2024-03-18 18:35:15,379 - Deleted message from the queue: test_239:Wang
2024-03-18 18:35:15,384 - Message written to db test_239:Wang
2024-03-18 18:35:22,548 - response received
2024-03-18 18:35:22,553 - Deleted message from the queue: test_211:Emily
2024-03-18 18:35:22,558 - Message written to db test_211:Emily
2024-03-18 18:35:22,609 - response received
2024-03-18 18:35:22,614 - Deleted message from the queue: test_952:Bob
2024-03-18 18:35:22,619 - Message written to db test_952:Bob
2024-03-18 18:35:29,385 - response received
2024-03-18 18:35:29,390 - Deleted message from the queue: test_749:Wang
2024-03-18 18:35:29,400 - Message written to db test_749:Wang
2024-03-18 18:40:13,962 - response received
2024-03-18 18:40:13,968 - Deleted message from the queue: test_946:Gerry
2024-03-18 18:40:13,972 - Message written to db test_946:Gerry
2024-03-18 18:40:14,121 - response received
2024-03-18 18:40:14,127 - Deleted message from the queue: test_749:Wang
2024-03-18 18:40:14,132 - Message written to db test_749:Wang
2024-03-18 18:40:15,228 - response received
2024-03-18 18:40:15,234 - Deleted message from the queue: test_239:Wang
2024-03-18 18:40:15,240 - Message written to db test_239:Wang
2024-03-18 18:40:15,494 - response received
2024-03-18 18:40:15,500 - Deleted message from the queue: test_577:Ranil
2024-03-18 18:40:15,505 - Message written to db test_577:Ranil
2024-03-18 18:40:16,360 - response received
2024-03-18 18:40:16,365 - Deleted message from the queue: test_588:Bill
2024-03-18 18:40:16,370 - Message written to db test_588:Bill
2024-03-18 18:40:18,474 - response received
2024-03-18 18:40:18,480 - Deleted message from the queue: test_205:Gerry
2024-03-18 18:40:18,485 - Message written to db test_205:Gerry
2024-03-18 18:40:25,780 - response received
2024-03-18 18:40:25,786 - Deleted message from the queue: test_952:Bob
2024-03-18 18:40:25,790 - Message written to db test_952:Bob
2024-03-18 18:40:32,238 - response received
2024-03-18 18:40:32,244 - Deleted message from the queue: test_991:Emily
2024-03-18 18:40:32,249 - Message written to db test_991:Emily
2024-03-18 18:40:33,797 - response received
2024-03-18 18:40:33,802 - Deleted message from the queue: test_211:Emily
2024-03-18 18:40:33,807 - Message written to db test_211:Emily
2024-03-18 18:40:33,973 - response received
2024-03-18 18:40:33,979 - Deleted message from the queue: test_563:German
2024-03-18 18:40:33,984 - Message written to db test_563:German
2024-03-18 19:05:16,965 - response received
2024-03-18 19:05:16,970 - Deleted message from the queue: test_749:Wang
2024-03-18 19:05:16,977 - Message written to db test_749:Wang
2024-03-18 19:05:18,974 - response received
2024-03-18 19:05:18,978 - Deleted message from the queue: test_205:Gerry
2024-03-18 19:05:18,984 - Message written to db test_205:Gerry
2024-03-18 19:05:21,444 - response received
2024-03-18 19:05:21,449 - Deleted message from the queue: test_946:Gerry
2024-03-18 19:05:21,456 - Message written to db test_946:Gerry
2024-03-18 19:05:22,031 - response received
2024-03-18 19:05:22,036 - Deleted message from the queue: test_563:German
2024-03-18 19:05:22,041 - Message written to db test_563:German
2024-03-18 19:05:22,792 - response received
2024-03-18 19:05:22,797 - Deleted message from the queue: test_211:Emily
2024-03-18 19:05:22,803 - Message written to db test_211:Emily
2024-03-18 19:05:22,995 - response received
2024-03-18 19:05:23,002 - Deleted message from the queue: test_577:Ranil
2024-03-18 19:05:23,008 - Message written to db test_577:Ranil
2024-03-18 19:05:23,422 - response received
2024-03-18 19:05:23,427 - Deleted message from the queue: test_991:Emily
2024-03-18 19:05:23,432 - Message written to db test_991:Emily
2024-03-18 19:05:24,280 - response received
2024-03-18 19:05:24,285 - Deleted message from the queue: test_239:Wang
2024-03-18 19:05:24,291 - Message written to db test_239:Wang
2024-03-18 19:05:24,918 - response received
2024-03-18 19:05:24,923 - Deleted message from the queue: test_588:Bill
2024-03-18 19:05:24,928 - Message written to db test_588:Bill
2024-03-18 19:05:27,312 - response received
2024-03-18 19:05:27,317 - Deleted message from the queue: test_952:Bob
2024-03-18 19:05:27,324 - Message written to db test_952:Bob
2024-03-18 19:18:24,941 - response received
2024-03-18 19:18:24,949 - Deleted message from the queue: test_211:Emily
2024-03-18 19:18:24,954 - Message written to db test_211:Emily
2024-03-18 19:18:50,515 - response received
2024-03-18 19:18:50,521 - Deleted message from the queue: test_749:Wang
2024-03-18 19:18:50,525 - Message written to db test_749:Wang
2024-03-18 19:18:51,162 - response received
2024-03-18 19:18:51,167 - Deleted message from the queue: test_985:Gerry
2024-03-18 19:18:51,172 - Message written to db test_985:Gerry
2024-03-18 19:19:00,638 - response received
2024-03-18 19:19:00,728 - Deleted message from the queue: test_013:German
2024-03-18 19:19:00,733 - Message written to db test_013:German
2024-03-18 19:19:00,934 - response received
2024-03-18 19:19:00,940 - Deleted message from the queue: test_832:Bob
2024-03-18 19:19:00,944 - Message written to db test_832:Bob
2024-03-18 19:19:04,338 - response received
2024-03-18 19:19:04,344 - Deleted message from the queue: test_588:Bill
2024-03-18 19:19:04,349 - Message written to db test_588:Bill
2024-03-18 19:19:04,446 - response received
2024-03-18 19:19:04,452 - Deleted message from the queue: test_198:Bill
2024-03-18 19:19:04,457 - Message written to db test_198:Bill
2024-03-18 19:19:05,887 - response received
2024-03-18 19:19:05,893 - Deleted message from the queue: test_952:Bob
2024-03-18 19:19:05,897 - Message written to db test_952:Bob
2024-03-18 19:19:06,730 - response received
2024-03-18 19:19:06,735 - Deleted message from the queue: test_615:Gerry
2024-03-18 19:19:06,740 - Message written to db test_615:Gerry
2024-03-18 19:19:08,525 - response received
2024-03-18 19:19:08,530 - Deleted message from the queue: test_946:Gerry
2024-03-18 19:19:08,535 - Message written to db test_946:Gerry
2024-03-18 19:19:08,833 - response received
2024-03-18 19:19:08,839 - Deleted message from the queue: test_991:Emily
2024-03-18 19:19:08,844 - Message written to db test_991:Emily
2024-03-18 19:19:09,009 - response received
2024-03-18 19:19:09,014 - Deleted message from the queue: test_563:German
2024-03-18 19:19:09,019 - Message written to db test_563:German
2024-03-18 19:19:09,140 - response received
2024-03-18 19:19:09,146 - Deleted message from the queue: test_629:Wang
2024-03-18 19:19:09,151 - Message written to db test_629:Wang
2024-03-18 19:19:10,768 - response received
2024-03-18 19:19:10,773 - Deleted message from the queue: test_826:Gerry
2024-03-18 19:19:10,777 - Message written to db test_826:Gerry
2024-03-18 19:19:12,069 - response received
2024-03-18 19:19:12,076 - Deleted message from the queue: test_953:German
2024-03-18 19:19:12,080 - Message written to db test_953:German
2024-03-18 19:19:14,402 - response received
2024-03-18 19:19:14,408 - Deleted message from the queue: test_167:Ranil
2024-03-18 19:19:14,413 - Message written to db test_167:Ranil
2024-03-18 19:19:17,857 - response received
2024-03-18 19:19:17,863 - Deleted message from the queue: test_007:Ranil
2024-03-18 19:19:17,868 - Message written to db test_007:Ranil
2024-03-18 19:19:17,979 - response received
2024-03-18 19:19:17,985 - Deleted message from the queue: test_577:Ranil
2024-03-18 19:19:17,990 - Message written to db test_577:Ranil
2024-03-18 19:19:20,647 - response received
2024-03-18 19:19:20,653 - Deleted message from the queue: test_601:Emily
2024-03-18 19:19:20,658 - Message written to db test_601:Emily
2024-03-18 19:19:30,320 - response received
2024-03-18 19:19:30,326 - Deleted message from the queue: test_205:Gerry
2024-03-18 19:19:30,331 - Message written to db test_205:Gerry
2024-03-18 19:19:36,356 - response received
2024-03-18 19:19:36,362 - Deleted message from the queue: test_775:Gerry
2024-03-18 19:19:36,368 - Message written to db test_775:Gerry
2024-03-18 19:19:36,671 - response received
2024-03-18 19:19:36,677 - Deleted message from the queue: test_761:Emily
2024-03-18 19:19:36,682 - Message written to db test_761:Emily
2024-03-18 19:19:46,618 - response received
2024-03-18 19:19:46,623 - Deleted message from the queue: test_239:Wang
2024-03-18 19:19:46,629 - Message written to db test_239:Wang
2024-03-18 19:19:47,010 - response received
2024-03-18 19:19:47,016 - Deleted message from the queue: test_173:German
2024-03-18 19:19:47,021 - Message written to db test_173:German
2024-03-18 19:19:48,027 - response received
2024-03-18 19:19:48,033 - Deleted message from the queue: test_371:Emily
2024-03-18 19:19:48,038 - Message written to db test_371:Emily
2024-03-18 19:19:50,140 - response received
2024-03-18 19:19:50,146 - Deleted message from the queue: test_359:Wang
2024-03-18 19:19:50,152 - Message written to db test_359:Wang
2024-03-18 19:19:50,554 - response received
2024-03-18 19:19:50,560 - Deleted message from the queue: test_012:Bob
2024-03-18 19:19:50,565 - Message written to db test_012:Bob
2024-03-18 19:20:08,219 - response received
2024-03-18 19:20:08,226 - Deleted message from the queue: test_365:Gerry
2024-03-18 19:20:08,231 - Message written to db test_365:Gerry
2024-03-18 19:20:09,538 - response received
2024-03-18 19:20:09,544 - Deleted message from the queue: test_417:Ranil
2024-03-18 19:20:09,549 - Message written to db test_417:Ranil
2024-03-18 19:20:11,517 - response received
2024-03-18 19:20:11,523 - Deleted message from the queue: test_402:Bob
2024-03-18 19:20:11,528 - Message written to db test_402:Bob
2024-03-18 19:20:11,700 - response received
2024-03-18 19:20:11,706 - Deleted message from the queue: test_358:Bill
2024-03-18 19:20:11,710 - Message written to db test_358:Bill
2024-03-18 19:20:13,116 - response received
2024-03-18 19:20:13,122 - Deleted message from the queue: test_403:German
2024-03-18 19:20:13,127 - Message written to db test_403:German
2024-03-18 19:20:15,781 - response received
2024-03-18 19:20:15,786 - Deleted message from the queue: test_614:Emily
2024-03-18 19:20:15,791 - Message written to db test_614:Emily
2024-03-18 19:20:16,882 - response received
2024-03-18 19:20:16,888 - Deleted message from the queue: test_416:Gerry
2024-03-18 19:20:16,893 - Message written to db test_416:Gerry
2024-03-18 19:20:17,135 - response received
2024-03-18 19:20:17,141 - Deleted message from the queue: test_364:Emily
2024-03-18 19:20:17,145 - Message written to db test_364:Emily
2024-03-18 19:20:17,721 - response received
2024-03-18 19:20:17,727 - Deleted message from the queue: test_172:Bob
2024-03-18 19:20:17,731 - Message written to db test_172:Bob
2024-03-18 19:20:18,218 - response received
2024-03-18 19:20:18,229 - Deleted message from the queue: test_370:Paul
2024-03-18 19:20:18,233 - Message written to db test_370:Paul
2024-03-18 19:20:20,026 - response received
2024-03-18 19:20:20,032 - Deleted message from the queue: test_199:Wang
2024-03-18 19:20:20,038 - Message written to db test_199:Wang
2024-03-18 19:20:21,054 - response received
2024-03-18 19:20:21,059 - Deleted message from the queue: test_827:Ranil
2024-03-18 19:20:21,064 - Message written to db test_827:Ranil
2024-03-18 19:20:22,021 - response received
2024-03-18 19:20:22,026 - Deleted message from the queue: test_774:Emily
2024-03-18 19:20:22,032 - Message written to db test_774:Emily
2024-03-18 19:20:24,024 - response received
2024-03-18 19:20:24,030 - Deleted message from the queue: test_760:Paul
2024-03-18 19:20:24,037 - Message written to db test_760:Paul
2024-03-18 19:20:24,195 - response received
2024-03-18 19:20:24,201 - Deleted message from the queue: test_833:German
2024-03-18 19:20:24,207 - Message written to db test_833:German
2024-03-18 19:20:25,270 - response received
2024-03-18 19:20:25,276 - Deleted message from the queue: test_600:Paul
2024-03-18 19:20:25,281 - Message written to db test_600:Paul
2024-03-18 19:20:28,836 - response received
2024-03-18 19:20:28,924 - Deleted message from the queue: test_628:Bill
2024-03-18 19:20:28,930 - Message written to db test_628:Bill
2024-03-18 19:20:29,667 - response received
2024-03-18 19:20:29,672 - Deleted message from the queue: test_006:Gerry
2024-03-18 19:20:29,677 - Message written to db test_006:Gerry
2024-03-18 19:20:30,002 - response received
2024-03-18 19:20:30,008 - Deleted message from the queue: test_984:Emily
2024-03-18 19:20:30,012 - Message written to db test_984:Emily
2024-03-18 19:20:32,255 - response received
2024-03-18 19:20:32,260 - Deleted message from the queue: test_947:Ranil
2024-03-18 19:20:32,265 - Message written to db test_947:Ranil
2024-03-18 19:20:33,008 - response received
2024-03-18 19:20:33,014 - Deleted message from the queue: test_166:Gerry
2024-03-18 19:20:33,019 - Message written to db test_166:Gerry
2024-03-18 19:20:33,216 - response received
2024-03-18 19:20:33,221 - Deleted message from the queue: test_748:Bill
2024-03-18 19:20:33,226 - Message written to db test_748:Bill
2024-03-18 19:20:34,079 - response received
2024-03-18 19:20:34,084 - Deleted message from the queue: test_990:Paul
2024-03-18 19:20:34,089 - Message written to db test_990:Paul
2024-03-18 20:20:12,453 - response received
2024-03-18 20:20:12,459 - Deleted message from the queue: test_211:Emily
2024-03-18 20:20:12,464 - Message written to db test_211:Emily
2024-03-18 20:20:13,727 - response received
2024-03-18 20:20:13,733 - Deleted message from the queue: test_563:German
2024-03-18 20:20:13,737 - Message written to db test_563:German
2024-03-18 20:20:13,901 - response received
2024-03-18 20:20:13,906 - Deleted message from the queue: test_239:Wang
2024-03-18 20:20:13,912 - Message written to db test_239:Wang
2024-03-18 20:20:14,310 - response received
2024-03-18 20:20:14,315 - Deleted message from the queue: test_991:Emily
2024-03-18 20:20:14,320 - Message written to db test_991:Emily
2024-03-18 20:20:32,971 - response received
2024-03-18 20:20:33,058 - Deleted message from the queue: test_946:Gerry
2024-03-18 20:20:33,064 - Message written to db test_946:Gerry
2024-03-18 20:20:33,106 - response received
2024-03-18 20:20:33,112 - Deleted message from the queue: test_749:Wang
2024-03-18 20:20:33,117 - Message written to db test_749:Wang
2024-03-18 20:20:33,173 - response received
2024-03-18 20:20:33,180 - Deleted message from the queue: test_577:Ranil
2024-03-18 20:20:33,185 - Message written to db test_577:Ranil
2024-03-18 20:20:36,021 - response received
2024-03-18 20:20:36,026 - Deleted message from the queue: test_588:Bill
2024-03-18 20:20:36,031 - Message written to db test_588:Bill
2024-03-18 20:20:36,098 - response received
2024-03-18 20:20:36,107 - Deleted message from the queue: test_952:Bob
2024-03-18 20:20:36,112 - Message written to db test_952:Bob
2024-03-18 20:20:37,475 - response received
2024-03-18 20:20:37,481 - Deleted message from the queue: test_205:Gerry
2024-03-18 20:20:37,485 - Message written to db test_205:Gerry
2024-03-18 20:35:07,622 - response received
2024-03-18 20:35:07,626 - Deleted message from the queue: test_985:Gerry
2024-03-18 20:35:07,632 - Message written to db test_985:Gerry
2024-03-18 20:35:10,861 - response received
2024-03-18 20:35:10,866 - Deleted message from the queue: test_211:Emily
2024-03-18 20:35:10,872 - Message written to db test_211:Emily
2024-03-18 20:35:12,420 - response received
2024-03-18 20:35:12,425 - Deleted message from the queue: test_775:Gerry
2024-03-18 20:35:12,429 - Message written to db test_775:Gerry
2024-03-18 20:35:13,415 - response received
2024-03-18 20:35:13,419 - Deleted message from the queue: test_588:Bill
2024-03-18 20:35:13,424 - Message written to db test_588:Bill
2024-03-18 20:35:14,720 - response received
2024-03-18 20:35:14,724 - Deleted message from the queue: test_239:Wang
2024-03-18 20:35:14,729 - Message written to db test_239:Wang
2024-03-18 20:35:15,721 - response received
2024-03-18 20:35:15,725 - Deleted message from the queue: test_007:Ranil
2024-03-18 20:35:15,730 - Message written to db test_007:Ranil
2024-03-18 20:35:16,613 - response received
2024-03-18 20:35:16,617 - Deleted message from the queue: test_205:Gerry
2024-03-18 20:35:16,622 - Message written to db test_205:Gerry
2024-03-18 20:35:16,714 - response received
2024-03-18 20:35:16,718 - Deleted message from the queue: test_198:Bill
2024-03-18 20:35:16,723 - Message written to db test_198:Bill
2024-03-18 20:35:16,774 - response received
2024-03-18 20:35:16,778 - Deleted message from the queue: test_563:German
2024-03-18 20:35:16,783 - Message written to db test_563:German
2024-03-18 20:35:17,705 - response received
2024-03-18 20:35:17,710 - Deleted message from the queue: test_946:Gerry
2024-03-18 20:35:17,714 - Message written to db test_946:Gerry
2024-03-18 20:35:17,823 - response received
2024-03-18 20:35:17,827 - Deleted message from the queue: test_826:Gerry
2024-03-18 20:35:17,832 - Message written to db test_826:Gerry
2024-03-18 20:35:18,532 - response received
2024-03-18 20:35:18,537 - Deleted message from the queue: test_749:Wang
2024-03-18 20:35:18,542 - Message written to db test_749:Wang
2024-03-18 20:35:18,895 - response received
2024-03-18 20:35:18,901 - Deleted message from the queue: test_991:Emily
2024-03-18 20:35:18,905 - Message written to db test_991:Emily
2024-03-18 20:35:19,234 - response received
2024-03-18 20:35:19,239 - Deleted message from the queue: test_577:Ranil
2024-03-18 20:35:19,244 - Message written to db test_577:Ranil
2024-03-18 20:35:21,601 - response received
2024-03-18 20:35:21,606 - Deleted message from the queue: test_629:Wang
2024-03-18 20:35:21,611 - Message written to db test_629:Wang
2024-03-18 20:35:21,845 - response received
2024-03-18 20:35:21,850 - Deleted message from the queue: test_601:Emily
2024-03-18 20:35:21,855 - Message written to db test_601:Emily
2024-03-18 20:35:24,079 - response received
2024-03-18 20:35:24,084 - Deleted message from the queue: test_761:Emily
2024-03-18 20:35:24,090 - Message written to db test_761:Emily
2024-03-18 20:35:27,399 - response received
2024-03-18 20:35:27,404 - Deleted message from the queue: test_013:German
2024-03-18 20:35:27,409 - Message written to db test_013:German
2024-03-18 20:35:29,854 - response received
2024-03-18 20:35:29,859 - Deleted message from the queue: test_832:Bob
2024-03-18 20:35:29,863 - Message written to db test_832:Bob
2024-03-18 20:35:35,587 - response received
2024-03-18 20:35:35,591 - Deleted message from the queue: test_952:Bob
2024-03-18 20:35:35,596 - Message written to db test_952:Bob
2024-03-18 20:49:39,324 - response received
2024-03-18 20:49:39,329 - Deleted message from the queue: test_167:Ranil
2024-03-18 20:49:39,334 - Message written to db test_167:Ranil
2024-03-18 20:49:41,043 - response received
2024-03-18 20:49:41,048 - Deleted message from the queue: test_749:Wang
2024-03-18 20:49:41,053 - Message written to db test_749:Wang
2024-03-18 20:49:46,344 - response received
2024-03-18 20:49:46,350 - Deleted message from the queue: test_239:Wang
2024-03-18 20:49:46,356 - Message written to db test_239:Wang
2024-03-18 20:49:52,837 - response received
2024-03-18 20:49:52,843 - Deleted message from the queue: test_946:Gerry
2024-03-18 20:49:52,848 - Message written to db test_946:Gerry
2024-03-18 20:49:54,013 - response received
2024-03-18 20:49:54,019 - Deleted message from the queue: test_600:Paul
2024-03-18 20:49:54,023 - Message written to db test_600:Paul
2024-03-18 20:49:54,868 - response received
2024-03-18 20:49:54,874 - Deleted message from the queue: test_563:German
2024-03-18 20:49:54,879 - Message written to db test_563:German
2024-03-18 20:49:58,728 - response received
2024-03-18 20:49:58,733 - Deleted message from the queue: test_371:Emily
2024-03-18 20:49:58,738 - Message written to db test_371:Emily
2024-03-18 20:49:58,743 - Deleted message from the queue: test_629:Wang
2024-03-18 20:49:58,747 - Message written to db test_629:Wang
2024-03-18 20:50:00,408 - response received
2024-03-18 20:50:00,413 - Deleted message from the queue: test_198:Bill
2024-03-18 20:50:00,418 - Message written to db test_198:Bill
2024-03-18 20:50:01,276 - response received
2024-03-18 20:50:01,282 - Deleted message from the queue: test_402:Bob
2024-03-18 20:50:01,287 - Message written to db test_402:Bob
2024-03-18 20:50:01,697 - response received
2024-03-18 20:50:01,703 - Deleted message from the queue: test_364:Emily
2024-03-18 20:50:01,708 - Message written to db test_364:Emily
2024-03-18 20:50:02,185 - response received
2024-03-18 20:50:02,192 - Deleted message from the queue: test_615:Gerry
2024-03-18 20:50:02,197 - Message written to db test_615:Gerry
2024-03-18 20:50:02,716 - response received
2024-03-18 20:50:02,723 - Deleted message from the queue: test_833:German
2024-03-18 20:50:02,728 - Message written to db test_833:German
2024-03-18 20:50:06,840 - response received
2024-03-18 20:50:06,846 - Deleted message from the queue: test_172:Bob
2024-03-18 20:50:06,851 - Message written to db test_172:Bob
2024-03-18 20:50:07,696 - response received
2024-03-18 20:50:07,702 - Deleted message from the queue: test_370:Paul
2024-03-18 20:50:07,707 - Message written to db test_370:Paul
2024-03-18 20:50:07,818 - response received
2024-03-18 20:50:07,823 - Deleted message from the queue: test_588:Bill
2024-03-18 20:50:07,828 - Message written to db test_588:Bill
2024-03-18 20:50:08,116 - response received
2024-03-18 20:50:08,121 - Deleted message from the queue: test_628:Bill
2024-03-18 20:50:08,126 - Message written to db test_628:Bill
2024-03-18 20:50:10,369 - response received
2024-03-18 20:50:10,375 - Deleted message from the queue: test_359:Wang
2024-03-18 20:50:10,380 - Message written to db test_359:Wang
2024-03-18 20:50:10,971 - response received
2024-03-18 20:50:10,977 - Deleted message from the queue: test_199:Wang
2024-03-18 20:50:10,981 - Message written to db test_199:Wang
2024-03-18 20:50:11,032 - response received
2024-03-18 20:50:11,038 - Deleted message from the queue: test_013:German
2024-03-18 20:50:11,042 - Message written to db test_013:German
2024-03-18 20:50:11,171 - response received
2024-03-18 20:50:11,178 - Deleted message from the queue: test_991:Emily
2024-03-18 20:50:11,183 - Message written to db test_991:Emily
2024-03-18 20:50:11,873 - response received
2024-03-18 20:50:11,878 - Deleted message from the queue: test_985:Gerry
2024-03-18 20:50:11,883 - Message written to db test_985:Gerry
2024-03-18 20:50:11,955 - response received
2024-03-18 20:50:11,961 - Deleted message from the queue: test_832:Bob
2024-03-18 20:50:11,966 - Message written to db test_832:Bob
2024-03-18 20:50:12,022 - response received
2024-03-18 20:50:12,028 - Deleted message from the queue: test_365:Gerry
2024-03-18 20:50:12,032 - Message written to db test_365:Gerry
2024-03-18 20:50:12,301 - response received
2024-03-18 20:50:12,306 - Deleted message from the queue: test_173:German
2024-03-18 20:50:12,311 - Message written to db test_173:German
2024-03-18 20:50:12,367 - response received
2024-03-18 20:50:12,373 - Deleted message from the queue: test_417:Ranil
2024-03-18 20:50:12,378 - Message written to db test_417:Ranil
2024-03-18 20:50:12,562 - response received
2024-03-18 20:50:12,568 - Deleted message from the queue: test_358:Bill
2024-03-18 20:50:12,573 - Message written to db test_358:Bill
2024-03-18 20:50:13,225 - response received
2024-03-18 20:50:13,230 - Deleted message from the queue: test_761:Emily
2024-03-18 20:50:13,235 - Message written to db test_761:Emily
2024-03-18 20:50:13,393 - response received
2024-03-18 20:50:13,398 - Deleted message from the queue: test_614:Emily
2024-03-18 20:50:13,403 - Message written to db test_614:Emily
2024-03-18 20:50:13,662 - response received
2024-03-18 20:50:13,668 - Deleted message from the queue: test_403:German
2024-03-18 20:50:13,672 - Message written to db test_403:German
2024-03-18 20:50:14,741 - response received
2024-03-18 20:50:14,747 - Deleted message from the queue: test_205:Gerry
2024-03-18 20:50:14,751 - Message written to db test_205:Gerry
2024-03-18 20:50:16,230 - response received
2024-03-18 20:50:16,235 - Deleted message from the queue: test_577:Ranil
2024-03-18 20:50:16,240 - Message written to db test_577:Ranil
2024-03-18 20:50:17,539 - response received
2024-03-18 20:50:17,545 - Deleted message from the queue: test_166:Gerry
2024-03-18 20:50:17,551 - Message written to db test_166:Gerry
2024-03-18 20:50:18,607 - response received
2024-03-18 20:50:18,612 - Deleted message from the queue: test_952:Bob
2024-03-18 20:50:18,617 - Message written to db test_952:Bob
2024-03-18 20:50:18,717 - response received
2024-03-18 20:50:18,722 - Deleted message from the queue: test_416:Gerry
2024-03-18 20:50:18,726 - Message written to db test_416:Gerry
2024-03-18 20:50:18,852 - response received
2024-03-18 20:50:18,858 - Deleted message from the queue: test_774:Emily
2024-03-18 20:50:18,863 - Message written to db test_774:Emily
2024-03-18 20:50:19,058 - response received
2024-03-18 20:50:19,064 - Deleted message from the queue: test_007:Ranil
2024-03-18 20:50:19,069 - Message written to db test_007:Ranil
2024-03-18 20:50:19,308 - response received
2024-03-18 20:50:19,314 - Deleted message from the queue: test_006:Gerry
2024-03-18 20:50:19,319 - Message written to db test_006:Gerry
2024-03-18 20:50:19,746 - response received
2024-03-18 20:50:19,752 - Deleted message from the queue: test_012:Bob
2024-03-18 20:50:19,758 - Message written to db test_012:Bob
2024-03-18 20:50:20,023 - response received
2024-03-18 20:50:20,029 - Deleted message from the queue: test_760:Paul
2024-03-18 20:50:20,034 - Message written to db test_760:Paul
2024-03-18 20:50:21,420 - response received
2024-03-18 20:50:21,426 - Deleted message from the queue: test_211:Emily
2024-03-18 20:50:21,431 - Message written to db test_211:Emily
2024-03-18 20:50:23,468 - response received
2024-03-18 20:50:23,474 - Deleted message from the queue: test_947:Ranil
2024-03-18 20:50:23,479 - Message written to db test_947:Ranil
2024-03-18 20:50:23,524 - response received
2024-03-18 20:50:23,530 - Deleted message from the queue: test_826:Gerry
2024-03-18 20:50:23,535 - Message written to db test_826:Gerry
2024-03-18 20:50:23,950 - response received
2024-03-18 20:50:23,956 - Deleted message from the queue: test_601:Emily
2024-03-18 20:50:23,963 - Message written to db test_601:Emily
2024-03-18 20:50:24,014 - response received
2024-03-18 20:50:24,020 - Deleted message from the queue: test_984:Emily
2024-03-18 20:50:24,025 - Message written to db test_984:Emily
2024-03-18 20:50:24,278 - response received
2024-03-18 20:50:24,285 - Deleted message from the queue: test_748:Bill
2024-03-18 20:50:24,298 - Message written to db test_748:Bill
2024-03-18 20:50:25,475 - response received
2024-03-18 20:50:25,480 - Deleted message from the queue: test_990:Paul
2024-03-18 20:50:25,485 - Message written to db test_990:Paul
2024-03-18 20:50:26,178 - response received
2024-03-18 20:50:26,184 - Deleted message from the queue: test_827:Ranil
2024-03-18 20:50:26,189 - Message written to db test_827:Ranil
2024-03-18 20:50:27,897 - response received
2024-03-18 20:50:27,903 - Deleted message from the queue: test_953:German
2024-03-18 20:50:27,909 - Message written to db test_953:German
2024-03-18 20:50:28,045 - response received
2024-03-18 20:50:28,051 - Deleted message from the queue: test_775:Gerry
2024-03-18 20:50:28,056 - Message written to db test_775:Gerry
2024-03-18 22:45:13,865 - response received
2024-03-18 22:45:13,872 - Deleted message from the queue: test_588:Bill
2024-03-18 22:45:13,877 - Message written to db test_588:Bill
2024-03-18 22:45:14,403 - response received
2024-03-18 22:45:14,409 - Deleted message from the queue: test_946:Gerry
2024-03-18 22:45:14,413 - Message written to db test_946:Gerry
2024-03-18 22:45:14,762 - response received
2024-03-18 22:45:14,771 - Deleted message from the queue: test_952:Bob
2024-03-18 22:45:14,778 - Message written to db test_952:Bob
2024-03-18 22:45:14,784 - Deleted message from the queue: test_205:Gerry
2024-03-18 22:45:14,788 - Message written to db test_205:Gerry
2024-03-18 22:45:14,872 - response received
2024-03-18 22:45:14,878 - Deleted message from the queue: test_991:Emily
2024-03-18 22:45:14,883 - Message written to db test_991:Emily
2024-03-18 22:45:15,458 - response received
2024-03-18 22:45:15,463 - Deleted message from the queue: test_239:Wang
2024-03-18 22:45:15,469 - Message written to db test_239:Wang
2024-03-18 22:45:15,727 - response received
2024-03-18 22:45:15,732 - Deleted message from the queue: test_211:Emily
2024-03-18 22:45:15,737 - Message written to db test_211:Emily
2024-03-18 22:45:18,122 - response received
2024-03-18 22:45:18,128 - Deleted message from the queue: test_749:Wang
2024-03-18 22:45:18,138 - Message written to db test_749:Wang
2024-03-18 22:45:18,591 - response received
2024-03-18 22:45:18,597 - Deleted message from the queue: test_563:German
2024-03-18 22:45:18,601 - Message written to db test_563:German
2024-03-18 22:45:19,149 - response received
2024-03-18 22:45:19,155 - Deleted message from the queue: test_577:Ranil
2024-03-18 22:45:19,160 - Message written to db test_577:Ranil
2024-03-18 22:58:17,454 - response received
2024-03-18 22:58:17,460 - Deleted message from the queue: test_946:Gerry
2024-03-18 22:58:17,466 - Message written to db test_946:Gerry
2024-03-18 22:58:19,276 - response received
2024-03-18 22:58:19,316 - Deleted message from the queue: test_205:Gerry
2024-03-18 22:58:19,322 - Message written to db test_205:Gerry
2024-03-18 22:58:21,850 - response received
2024-03-18 22:58:21,855 - Deleted message from the queue: test_239:Wang
2024-03-18 22:58:21,860 - Message written to db test_239:Wang
2024-03-18 22:58:25,277 - response received
2024-03-18 22:58:25,283 - Deleted message from the queue: test_211:Emily
2024-03-18 22:58:25,289 - Message written to db test_211:Emily
2024-03-18 22:58:28,584 - response received
2024-03-18 22:58:28,590 - Deleted message from the queue: test_749:Wang
2024-03-18 22:58:28,595 - Message written to db test_749:Wang
2024-03-18 22:58:30,847 - response received
2024-03-18 22:58:30,937 - Deleted message from the queue: test_952:Bob
2024-03-18 22:58:30,942 - Message written to db test_952:Bob
2024-03-18 22:58:30,978 - response received
2024-03-18 22:58:30,983 - Deleted message from the queue: test_588:Bill
2024-03-18 22:58:30,987 - Message written to db test_588:Bill
2024-03-18 22:58:31,336 - response received
2024-03-18 22:58:31,342 - Deleted message from the queue: test_563:German
2024-03-18 22:58:31,350 - Message written to db test_563:German
2024-03-18 22:58:31,667 - response received
2024-03-18 22:58:31,675 - Deleted message from the queue: test_991:Emily
2024-03-18 22:58:31,680 - Message written to db test_991:Emily
2024-03-18 22:58:32,459 - response received
2024-03-18 22:58:32,465 - Deleted message from the queue: test_577:Ranil
2024-03-18 22:58:32,470 - Message written to db test_577:Ranil
2024-03-18 23:09:26,585 - response received
2024-03-18 23:09:26,590 - Deleted message from the queue: test_577:Ranil
2024-03-18 23:09:26,597 - Message written to db test_577:Ranil
2024-03-18 23:09:30,291 - response received
2024-03-18 23:09:30,295 - Deleted message from the queue: test_749:Wang
2024-03-18 23:09:30,301 - Message written to db test_749:Wang
2024-03-18 23:09:31,511 - response received
2024-03-18 23:09:31,517 - Deleted message from the queue: test_991:Emily
2024-03-18 23:09:31,522 - Message written to db test_991:Emily
2024-03-18 23:09:32,684 - response received
2024-03-18 23:09:32,690 - Deleted message from the queue: test_563:German
2024-03-18 23:09:32,695 - Message written to db test_563:German
2024-03-18 23:09:33,240 - response received
2024-03-18 23:09:33,245 - Deleted message from the queue: test_239:Wang
2024-03-18 23:09:33,250 - Message written to db test_239:Wang
2024-03-18 23:09:34,637 - response received
2024-03-18 23:09:34,641 - Deleted message from the queue: test_205:Gerry
2024-03-18 23:09:34,646 - Message written to db test_205:Gerry
2024-03-18 23:09:35,023 - response received
2024-03-18 23:09:35,028 - Deleted message from the queue: test_211:Emily
2024-03-18 23:09:35,033 - Message written to db test_211:Emily
2024-03-18 23:09:39,724 - response received
2024-03-18 23:09:39,730 - Deleted message from the queue: test_946:Gerry
2024-03-18 23:09:39,735 - Message written to db test_946:Gerry
2024-03-18 23:09:40,120 - response received
2024-03-18 23:09:40,125 - Deleted message from the queue: test_588:Bill
2024-03-18 23:09:40,130 - Message written to db test_588:Bill
2024-03-18 23:09:42,252 - response received
2024-03-18 23:09:42,257 - Deleted message from the queue: test_952:Bob
2024-03-18 23:09:42,262 - Message written to db test_952:Bob
2024-03-18 23:19:27,330 - response received
2024-03-18 23:19:27,336 - Deleted message from the queue: test_832:Bob
2024-03-18 23:19:27,340 - Message written to db test_832:Bob
2024-03-18 23:19:37,485 - response received
2024-03-18 23:19:37,491 - Deleted message from the queue: test_952:Bob
2024-03-18 23:19:37,496 - Message written to db test_952:Bob
2024-03-18 23:19:47,804 - response received
2024-03-18 23:19:47,809 - Deleted message from the queue: test_211:Emily
2024-03-18 23:19:47,814 - Message written to db test_211:Emily
2024-03-18 23:19:48,600 - response received
2024-03-18 23:19:48,606 - Deleted message from the queue: test_761:Emily
2024-03-18 23:19:48,611 - Message written to db test_761:Emily
2024-03-18 23:19:53,759 - response received
2024-03-18 23:19:53,764 - Deleted message from the queue: test_749:Wang
2024-03-18 23:19:53,768 - Message written to db test_749:Wang
2024-03-18 23:19:59,039 - response received
2024-03-18 23:19:59,045 - Deleted message from the queue: test_946:Gerry
2024-03-18 23:19:59,050 - Message written to db test_946:Gerry
2024-03-18 23:20:00,713 - response received
2024-03-18 23:20:00,718 - Deleted message from the queue: test_013:German
2024-03-18 23:20:00,723 - Message written to db test_013:German
2024-03-18 23:20:06,027 - response received
2024-03-18 23:20:06,033 - Deleted message from the queue: test_953:German
2024-03-18 23:20:06,038 - Message written to db test_953:German
2024-03-18 23:20:07,133 - response received
2024-03-18 23:20:07,139 - Deleted message from the queue: test_826:Gerry
2024-03-18 23:20:07,145 - Message written to db test_826:Gerry
2024-03-18 23:20:07,657 - response received
2024-03-18 23:20:07,663 - Deleted message from the queue: test_577:Ranil
2024-03-18 23:20:07,667 - Message written to db test_577:Ranil
2024-03-18 23:20:07,842 - response received
2024-03-18 23:20:07,848 - Deleted message from the queue: test_748:Bill
2024-03-18 23:20:07,852 - Message written to db test_748:Bill
2024-03-18 23:20:08,295 - response received
2024-03-18 23:20:08,300 - Deleted message from the queue: test_601:Emily
2024-03-18 23:20:08,305 - Message written to db test_601:Emily
2024-03-18 23:20:08,579 - response received
2024-03-18 23:20:08,584 - Deleted message from the queue: test_947:Ranil
2024-03-18 23:20:08,589 - Message written to db test_947:Ranil
2024-03-18 23:20:09,144 - response received
2024-03-18 23:20:09,150 - Deleted message from the queue: test_198:Bill
2024-03-18 23:20:09,155 - Message written to db test_198:Bill
2024-03-18 23:20:09,204 - response received
2024-03-18 23:20:09,210 - Deleted message from the queue: test_007:Ranil
2024-03-18 23:20:09,215 - Message written to db test_007:Ranil
2024-03-18 23:20:09,920 - response received
2024-03-18 23:20:09,926 - Deleted message from the queue: test_205:Gerry
2024-03-18 23:20:09,931 - Message written to db test_205:Gerry
2024-03-18 23:20:10,822 - response received
2024-03-18 23:20:10,828 - Deleted message from the queue: test_629:Wang
2024-03-18 23:20:10,832 - Message written to db test_629:Wang
2024-03-18 23:20:10,891 - response received
2024-03-18 23:20:10,896 - Deleted message from the queue: test_563:German
2024-03-18 23:20:10,901 - Message written to db test_563:German
2024-03-18 23:20:11,301 - response received
2024-03-18 23:20:11,306 - Deleted message from the queue: test_990:Paul
2024-03-18 23:20:11,311 - Message written to db test_990:Paul
2024-03-18 23:20:12,587 - response received
2024-03-18 23:20:12,592 - Deleted message from the queue: test_173:German
2024-03-18 23:20:12,597 - Message written to db test_173:German
2024-03-18 23:20:13,029 - response received
2024-03-18 23:20:13,035 - Deleted message from the queue: test_588:Bill
2024-03-18 23:20:13,039 - Message written to db test_588:Bill
2024-03-18 23:20:13,133 - response received
2024-03-18 23:20:13,138 - Deleted message from the queue: test_370:Paul
2024-03-18 23:20:13,143 - Message written to db test_370:Paul
2024-03-18 23:20:13,679 - response received
2024-03-18 23:20:13,685 - Deleted message from the queue: test_364:Emily
2024-03-18 23:20:13,690 - Message written to db test_364:Emily
2024-03-18 23:20:13,842 - response received
2024-03-18 23:20:13,848 - Deleted message from the queue: test_239:Wang
2024-03-18 23:20:13,854 - Message written to db test_239:Wang
2024-03-18 23:20:14,184 - response received
2024-03-18 23:20:14,189 - Deleted message from the queue: test_991:Emily
2024-03-18 23:20:14,194 - Message written to db test_991:Emily
2024-03-18 23:20:15,597 - response received
2024-03-18 23:20:15,603 - Deleted message from the queue: test_985:Gerry
2024-03-18 23:20:15,607 - Message written to db test_985:Gerry
2024-03-18 23:20:16,391 - response received
2024-03-18 23:20:16,397 - Deleted message from the queue: test_775:Gerry
2024-03-18 23:20:16,401 - Message written to db test_775:Gerry
2024-03-18 23:20:16,459 - response received
2024-03-18 23:20:16,464 - Deleted message from the queue: test_416:Gerry
2024-03-18 23:20:16,469 - Message written to db test_416:Gerry
2024-03-18 23:20:17,223 - response received
2024-03-18 23:20:17,229 - Deleted message from the queue: test_417:Ranil
2024-03-18 23:20:17,234 - Message written to db test_417:Ranil
2024-03-18 23:20:20,433 - response received
2024-03-18 23:20:20,438 - Deleted message from the queue: test_167:Ranil
2024-03-18 23:20:20,443 - Message written to db test_167:Ranil
2024-03-18 23:20:21,658 - response received
2024-03-18 23:20:21,664 - Deleted message from the queue: test_371:Emily
2024-03-18 23:20:21,668 - Message written to db test_371:Emily
2024-03-18 23:20:22,023 - response received
2024-03-18 23:20:22,029 - Deleted message from the queue: test_359:Wang
2024-03-18 23:20:22,033 - Message written to db test_359:Wang
2024-03-18 23:20:22,607 - response received
2024-03-18 23:20:22,612 - Deleted message from the queue: test_365:Gerry
2024-03-18 23:20:22,617 - Message written to db test_365:Gerry
2024-03-18 23:20:24,090 - response received
2024-03-18 23:20:24,095 - Deleted message from the queue: test_403:German
2024-03-18 23:20:24,100 - Message written to db test_403:German
2024-03-18 23:20:27,509 - response received
2024-03-18 23:20:27,515 - Deleted message from the queue: test_600:Paul
2024-03-18 23:20:27,520 - Message written to db test_600:Paul
2024-03-18 23:20:28,785 - response received
2024-03-18 23:20:28,790 - Deleted message from the queue: test_402:Bob
2024-03-18 23:20:28,795 - Message written to db test_402:Bob
2024-03-18 23:20:29,031 - response received
2024-03-18 23:20:29,037 - Deleted message from the queue: test_614:Emily
2024-03-18 23:20:29,042 - Message written to db test_614:Emily
2024-03-18 23:20:29,347 - response received
2024-03-18 23:20:29,352 - Deleted message from the queue: test_166:Gerry
2024-03-18 23:20:29,357 - Message written to db test_166:Gerry
2024-03-18 23:20:30,414 - response received
2024-03-18 23:20:30,419 - Deleted message from the queue: test_615:Gerry
2024-03-18 23:20:30,424 - Message written to db test_615:Gerry
2024-03-18 23:20:32,292 - response received
2024-03-18 23:20:32,298 - Deleted message from the queue: test_358:Bill
2024-03-18 23:20:32,303 - Message written to db test_358:Bill
2024-03-18 23:20:33,560 - response received
2024-03-18 23:20:33,565 - Deleted message from the queue: test_172:Bob
2024-03-18 23:20:33,571 - Message written to db test_172:Bob
2024-03-18 23:20:33,637 - response received
2024-03-18 23:20:33,643 - Deleted message from the queue: test_628:Bill
2024-03-18 23:20:33,648 - Message written to db test_628:Bill
2024-03-18 23:20:34,849 - response received
2024-03-18 23:20:34,855 - Deleted message from the queue: test_006:Gerry
2024-03-18 23:20:34,860 - Message written to db test_006:Gerry
2024-03-18 23:20:36,069 - response received
2024-03-18 23:20:36,075 - Deleted message from the queue: test_199:Wang
2024-03-18 23:20:36,082 - Message written to db test_199:Wang
2024-03-18 23:20:37,391 - response received
2024-03-18 23:20:37,398 - Deleted message from the queue: test_833:German
2024-03-18 23:20:37,402 - Message written to db test_833:German
2024-03-18 23:20:39,061 - response received
2024-03-18 23:20:39,067 - Deleted message from the queue: test_760:Paul
2024-03-18 23:20:39,072 - Message written to db test_760:Paul
2024-03-18 23:20:39,675 - response received
2024-03-18 23:20:39,680 - Deleted message from the queue: test_774:Emily
2024-03-18 23:20:39,684 - Message written to db test_774:Emily
2024-03-18 23:20:40,740 - response received
2024-03-18 23:20:40,746 - Deleted message from the queue: test_012:Bob
2024-03-18 23:20:40,751 - Message written to db test_012:Bob
2024-03-18 23:20:41,444 - response received
2024-03-18 23:20:41,450 - Deleted message from the queue: test_827:Ranil
2024-03-18 23:20:41,454 - Message written to db test_827:Ranil
2024-03-18 23:20:44,998 - response received
2024-03-18 23:20:45,004 - Deleted message from the queue: test_984:Emily
2024-03-18 23:20:45,009 - Message written to db test_984:Emily
2024-03-18 23:20:50,130 - response received
2024-03-18 23:20:50,136 - Deleted message from the queue: test_826:Gerry
2024-03-18 23:20:50,140 - Message written to db test_826:Gerry
2024-03-18 23:20:51,937 - response received
2024-03-18 23:20:51,943 - Deleted message from the queue: test_629:Wang
2024-03-18 23:20:51,955 - Message written to db test_629:Wang
2024-03-18 23:20:52,711 - response received
2024-03-18 23:20:52,716 - Deleted message from the queue: test_946:Gerry
2024-03-18 23:20:52,721 - Message written to db test_946:Gerry
2024-03-19 05:19:04,862 - response received
2024-03-19 05:19:04,868 - Deleted message from the queue: test_588:Bill
2024-03-19 05:19:04,873 - Message written to db test_588:Bill
2024-03-19 05:19:07,582 - response received
2024-03-19 05:19:07,588 - Deleted message from the queue: test_629:Wang
2024-03-19 05:19:07,594 - Message written to db test_629:Wang
2024-03-19 05:19:08,268 - response received
2024-03-19 05:19:08,274 - Deleted message from the queue: test_991:Emily
2024-03-19 05:19:08,279 - Message written to db test_991:Emily
2024-03-19 05:19:11,197 - response received
2024-03-19 05:19:11,202 - Deleted message from the queue: test_239:Wang
2024-03-19 05:19:11,208 - Message written to db test_239:Wang
2024-03-19 05:19:12,338 - response received
2024-03-19 05:19:12,344 - Deleted message from the queue: test_205:Gerry
2024-03-19 05:19:12,348 - Message written to db test_205:Gerry
2024-03-19 05:19:12,833 - response received
2024-03-19 05:19:12,840 - Deleted message from the queue: test_601:Emily
2024-03-19 05:19:12,845 - Message written to db test_601:Emily
2024-03-19 05:19:14,875 - response received
2024-03-19 05:19:14,880 - Deleted message from the queue: test_007:Ranil
2024-03-19 05:19:14,885 - Message written to db test_007:Ranil
2024-03-19 05:19:16,178 - response received
2024-03-19 05:19:16,184 - Deleted message from the queue: test_370:Paul
2024-03-19 05:19:16,189 - Message written to db test_370:Paul
2024-03-19 05:19:16,561 - response received
2024-03-19 05:19:16,566 - Deleted message from the queue: test_563:German
2024-03-19 05:19:16,571 - Message written to db test_563:German
2024-03-19 05:19:18,041 - response received
2024-03-19 05:19:18,047 - Deleted message from the queue: test_211:Emily
2024-03-19 05:19:18,052 - Message written to db test_211:Emily
2024-03-19 05:19:18,679 - response received
2024-03-19 05:19:18,684 - Deleted message from the queue: test_761:Emily
2024-03-19 05:19:18,689 - Message written to db test_761:Emily
2024-03-19 05:19:18,747 - response received
2024-03-19 05:19:18,753 - Deleted message from the queue: test_826:Gerry
2024-03-19 05:19:18,757 - Message written to db test_826:Gerry
2024-03-19 05:19:19,345 - response received
2024-03-19 05:19:19,351 - Deleted message from the queue: test_012:Bob
2024-03-19 05:19:19,356 - Message written to db test_012:Bob
2024-03-19 05:19:20,497 - response received
2024-03-19 05:19:20,503 - Deleted message from the queue: test_953:German
2024-03-19 05:19:20,507 - Message written to db test_953:German
2024-03-19 05:19:20,632 - response received
2024-03-19 05:19:20,637 - Deleted message from the queue: test_198:Bill
2024-03-19 05:19:20,642 - Message written to db test_198:Bill
2024-03-19 05:19:21,243 - response received
2024-03-19 05:19:21,248 - Deleted message from the queue: test_749:Wang
2024-03-19 05:19:21,253 - Message written to db test_749:Wang
2024-03-19 05:19:21,778 - response received
2024-03-19 05:19:21,784 - Deleted message from the queue: test_365:Gerry
2024-03-19 05:19:21,789 - Message written to db test_365:Gerry
2024-03-19 05:19:22,790 - response received
2024-03-19 05:19:22,795 - Deleted message from the queue: test_172:Bob
2024-03-19 05:19:22,800 - Message written to db test_172:Bob
2024-03-19 05:19:24,177 - response received
2024-03-19 05:19:24,183 - Deleted message from the queue: test_615:Gerry
2024-03-19 05:19:24,188 - Message written to db test_615:Gerry
2024-03-19 05:19:24,937 - response received
2024-03-19 05:19:24,942 - Deleted message from the queue: test_985:Gerry
2024-03-19 05:19:24,947 - Message written to db test_985:Gerry
2024-03-19 05:19:25,191 - response received
2024-03-19 05:19:25,197 - Deleted message from the queue: test_614:Emily
2024-03-19 05:19:25,201 - Message written to db test_614:Emily
2024-03-19 05:19:25,674 - response received
2024-03-19 05:19:25,679 - Deleted message from the queue: test_775:Gerry
2024-03-19 05:19:25,684 - Message written to db test_775:Gerry
2024-03-19 05:19:26,097 - response received
2024-03-19 05:19:26,105 - Deleted message from the queue: test_577:Ranil
2024-03-19 05:19:26,110 - Message written to db test_577:Ranil
2024-03-19 05:19:26,264 - response received
2024-03-19 05:19:26,270 - Deleted message from the queue: test_364:Emily
2024-03-19 05:19:26,274 - Message written to db test_364:Emily
2024-03-19 05:19:26,736 - response received
2024-03-19 05:19:26,742 - Deleted message from the queue: test_402:Bob
2024-03-19 05:19:26,747 - Message written to db test_402:Bob
2024-03-19 05:19:26,752 - Deleted message from the queue: test_952:Bob
2024-03-19 05:19:26,756 - Message written to db test_952:Bob
2024-03-19 05:19:27,356 - response received
2024-03-19 05:19:27,362 - Deleted message from the queue: test_946:Gerry
2024-03-19 05:19:27,367 - Message written to db test_946:Gerry
2024-03-19 05:19:28,129 - response received
2024-03-19 05:19:28,135 - Deleted message from the queue: test_417:Ranil
2024-03-19 05:19:28,140 - Message written to db test_417:Ranil
2024-03-19 05:19:28,432 - response received
2024-03-19 05:19:28,438 - Deleted message from the queue: test_013:German
2024-03-19 05:19:28,442 - Message written to db test_013:German
2024-03-19 05:19:28,978 - response received
2024-03-19 05:19:28,983 - Deleted message from the queue: test_358:Bill
2024-03-19 05:19:28,988 - Message written to db test_358:Bill
2024-03-19 05:19:29,575 - response received
2024-03-19 05:19:29,580 - Deleted message from the queue: test_173:German
2024-03-19 05:19:29,586 - Message written to db test_173:German
2024-03-19 05:19:30,458 - response received
2024-03-19 05:19:30,463 - Deleted message from the queue: test_947:Ranil
2024-03-19 05:19:30,468 - Message written to db test_947:Ranil
2024-03-19 05:19:30,655 - response received
2024-03-19 05:19:30,661 - Deleted message from the queue: test_774:Emily
2024-03-19 05:19:30,667 - Message written to db test_774:Emily
2024-03-19 05:19:31,426 - response received
2024-03-19 05:19:31,432 - Deleted message from the queue: test_167:Ranil
2024-03-19 05:19:31,452 - Message written to db test_167:Ranil
2024-03-19 05:19:31,717 - response received
2024-03-19 05:19:31,722 - Deleted message from the queue: test_416:Gerry
2024-03-19 05:19:31,727 - Message written to db test_416:Gerry
2024-03-19 05:19:32,210 - response received
2024-03-19 05:19:32,215 - Deleted message from the queue: test_166:Gerry
2024-03-19 05:19:32,220 - Message written to db test_166:Gerry
2024-03-19 05:19:32,738 - response received
2024-03-19 05:19:32,744 - Deleted message from the queue: test_628:Bill
2024-03-19 05:19:32,750 - Message written to db test_628:Bill
2024-03-19 05:19:33,004 - response received
2024-03-19 05:19:33,097 - Deleted message from the queue: test_760:Paul
2024-03-19 05:19:33,101 - Message written to db test_760:Paul
2024-03-19 05:19:33,192 - response received
2024-03-19 05:19:33,198 - Deleted message from the queue: test_371:Emily
2024-03-19 05:19:33,203 - Message written to db test_371:Emily
2024-03-19 05:19:34,012 - response received
2024-03-19 05:19:34,019 - Deleted message from the queue: test_403:German
2024-03-19 05:19:34,024 - Message written to db test_403:German
2024-03-19 05:19:35,048 - response received
2024-03-19 05:19:35,054 - Deleted message from the queue: test_359:Wang
2024-03-19 05:19:35,059 - Message written to db test_359:Wang
2024-03-19 05:19:35,158 - response received
2024-03-19 05:19:35,164 - Deleted message from the queue: test_827:Ranil
2024-03-19 05:19:35,169 - Message written to db test_827:Ranil
2024-03-19 05:19:35,234 - response received
2024-03-19 05:19:35,239 - Deleted message from the queue: test_199:Wang
2024-03-19 05:19:35,244 - Message written to db test_199:Wang
2024-03-19 05:19:36,510 - response received
2024-03-19 05:19:36,517 - Deleted message from the queue: test_984:Emily
2024-03-19 05:19:36,522 - Message written to db test_984:Emily
2024-03-19 05:19:36,558 - response received
2024-03-19 05:19:36,564 - Deleted message from the queue: test_833:German
2024-03-19 05:19:36,569 - Message written to db test_833:German
2024-03-19 05:19:37,245 - response received
2024-03-19 05:19:37,252 - Deleted message from the queue: test_990:Paul
2024-03-19 05:19:37,257 - Message written to db test_990:Paul
2024-03-19 05:19:37,810 - response received
2024-03-19 05:19:37,816 - Deleted message from the queue: test_748:Bill
2024-03-19 05:19:37,832 - Message written to db test_748:Bill
2024-03-19 05:19:38,264 - response received
2024-03-19 05:19:38,270 - Deleted message from the queue: test_600:Paul
2024-03-19 05:19:38,275 - Message written to db test_600:Paul
2024-03-19 05:19:38,777 - response received
2024-03-19 05:19:38,783 - Deleted message from the queue: test_006:Gerry
2024-03-19 05:19:38,788 - Message written to db test_006:Gerry
2024-03-19 05:19:40,780 - response received
2024-03-19 05:19:40,786 - Deleted message from the queue: test_832:Bob
2024-03-19 05:19:40,791 - Message written to db test_832:Bob
2024-03-22 18:47:39,698 - response received
2024-03-22 18:47:39,704 - Deleted message from the queue: test_827:Ranil
2024-03-22 18:47:39,709 - Message written to db test_827:Ranil
2024-03-22 18:47:40,183 - response received
2024-03-22 18:47:40,189 - Deleted message from the queue: test_749:Wang
2024-03-22 18:47:40,193 - Message written to db test_749:Wang
2024-03-22 18:47:44,113 - response received
2024-03-22 18:47:44,119 - Deleted message from the queue: test_205:Gerry
2024-03-22 18:47:44,124 - Message written to db test_205:Gerry
2024-03-22 18:47:44,705 - response received
2024-03-22 18:47:44,711 - Deleted message from the queue: test_211:Emily
2024-03-22 18:47:44,716 - Message written to db test_211:Emily
2024-03-22 18:47:46,130 - response received
2024-03-22 18:47:46,135 - Deleted message from the queue: test_774:Emily
2024-03-22 18:47:46,140 - Message written to db test_774:Emily
2024-03-22 18:47:46,539 - response received
2024-03-22 18:47:46,545 - Deleted message from the queue: test_991:Emily
2024-03-22 18:47:46,549 - Message written to db test_991:Emily
2024-03-22 18:47:47,415 - response received
2024-03-22 18:47:47,421 - Deleted message from the queue: test_577:Ranil
2024-03-22 18:47:47,426 - Message written to db test_577:Ranil
2024-03-22 18:47:48,019 - response received
2024-03-22 18:47:48,024 - Deleted message from the queue: test_953:German
2024-03-22 18:47:48,029 - Message written to db test_953:German
2024-03-22 18:47:48,348 - response received
2024-03-22 18:47:48,354 - Deleted message from the queue: test_416:Gerry
2024-03-22 18:47:48,358 - Message written to db test_416:Gerry
2024-03-22 18:47:51,358 - response received
2024-03-22 18:47:51,363 - Deleted message from the queue: test_371:Emily
2024-03-22 18:47:51,368 - Message written to db test_371:Emily
2024-03-22 18:47:52,154 - response received
2024-03-22 18:47:52,159 - Deleted message from the queue: test_239:Wang
2024-03-22 18:47:52,164 - Message written to db test_239:Wang
2024-03-22 18:47:52,343 - response received
2024-03-22 18:47:52,349 - Deleted message from the queue: test_403:German
2024-03-22 18:47:52,353 - Message written to db test_403:German
2024-03-22 18:47:53,128 - response received
2024-03-22 18:47:53,133 - Deleted message from the queue: test_172:Bob
2024-03-22 18:47:53,138 - Message written to db test_172:Bob
2024-03-22 18:47:53,456 - response received
2024-03-22 18:47:53,462 - Deleted message from the queue: test_601:Emily
2024-03-22 18:47:53,466 - Message written to db test_601:Emily
2024-03-22 18:47:53,881 - response received
2024-03-22 18:47:53,887 - Deleted message from the queue: test_833:German
2024-03-22 18:47:53,891 - Message written to db test_833:German
2024-03-22 18:47:54,150 - response received
2024-03-22 18:47:54,156 - Deleted message from the queue: test_006:Gerry
2024-03-22 18:47:54,160 - Message written to db test_006:Gerry
2024-03-22 18:47:54,333 - response received
2024-03-22 18:47:54,338 - Deleted message from the queue: test_990:Paul
2024-03-22 18:47:54,343 - Message written to db test_990:Paul
2024-03-22 18:47:54,508 - response received
2024-03-22 18:47:54,513 - Deleted message from the queue: test_629:Wang
2024-03-22 18:47:54,517 - Message written to db test_629:Wang
2024-03-22 18:47:55,284 - response received
2024-03-22 18:47:55,289 - Deleted message from the queue: test_173:German
2024-03-22 18:47:55,293 - Message written to db test_173:German
2024-03-22 18:47:55,986 - response received
2024-03-22 18:47:55,992 - Deleted message from the queue: test_013:German
2024-03-22 18:47:55,996 - Message written to db test_013:German
2024-03-22 18:47:56,040 - response received
2024-03-22 18:47:56,045 - Deleted message from the queue: test_775:Gerry
2024-03-22 18:47:56,051 - Message written to db test_775:Gerry
2024-03-22 18:47:56,225 - response received
2024-03-22 18:47:56,231 - Deleted message from the queue: test_359:Wang
2024-03-22 18:47:56,235 - Message written to db test_359:Wang
2024-03-22 18:47:56,286 - response received
2024-03-22 18:47:56,291 - Deleted message from the queue: test_760:Paul
2024-03-22 18:47:56,296 - Message written to db test_760:Paul
2024-03-22 18:47:56,901 - response received
2024-03-22 18:47:56,907 - Deleted message from the queue: test_365:Gerry
2024-03-22 18:47:56,911 - Message written to db test_365:Gerry
2024-03-22 18:47:57,700 - response received
2024-03-22 18:47:57,705 - Deleted message from the queue: test_628:Bill
2024-03-22 18:47:57,710 - Message written to db test_628:Bill
2024-03-22 18:47:58,983 - response received
2024-03-22 18:47:58,988 - Deleted message from the queue: test_946:Gerry
2024-03-22 18:47:58,993 - Message written to db test_946:Gerry
2024-03-22 18:47:59,248 - response received
2024-03-22 18:47:59,254 - Deleted message from the queue: test_012:Bob
2024-03-22 18:47:59,259 - Message written to db test_012:Bob
2024-03-22 18:47:59,615 - response received
2024-03-22 18:47:59,620 - Deleted message from the queue: test_358:Bill
2024-03-22 18:47:59,624 - Message written to db test_358:Bill
2024-03-22 18:48:00,563 - response received
2024-03-22 18:48:00,569 - Deleted message from the queue: test_364:Emily
2024-03-22 18:48:00,573 - Message written to db test_364:Emily
2024-03-22 18:48:00,693 - response received
2024-03-22 18:48:00,698 - Deleted message from the queue: test_832:Bob
2024-03-22 18:48:00,704 - Message written to db test_832:Bob
2024-03-22 18:48:00,770 - response received
2024-03-22 18:48:00,776 - Deleted message from the queue: test_167:Ranil
2024-03-22 18:48:00,788 - Message written to db test_167:Ranil
2024-03-22 18:48:00,863 - response received
2024-03-22 18:48:00,868 - Deleted message from the queue: test_166:Gerry
2024-03-22 18:48:00,873 - Message written to db test_166:Gerry
2024-03-22 18:48:01,138 - response received
2024-03-22 18:48:01,195 - Deleted message from the queue: test_199:Wang
2024-03-22 18:48:01,200 - Message written to db test_199:Wang
2024-03-22 18:48:01,245 - response received
2024-03-22 18:48:01,251 - Deleted message from the queue: test_615:Gerry
2024-03-22 18:48:01,255 - Message written to db test_615:Gerry
2024-03-22 18:48:01,686 - response received
2024-03-22 18:48:01,691 - Deleted message from the queue: test_563:German
2024-03-22 18:48:01,696 - Message written to db test_563:German
2024-03-22 18:48:02,134 - response received
2024-03-22 18:48:02,139 - Deleted message from the queue: test_984:Emily
2024-03-22 18:48:02,143 - Message written to db test_984:Emily
2024-03-22 18:48:02,895 - response received
2024-03-22 18:48:02,901 - Deleted message from the queue: test_370:Paul
2024-03-22 18:48:02,907 - Message written to db test_370:Paul
2024-03-22 18:48:03,170 - response received
2024-03-22 18:48:03,176 - Deleted message from the queue: test_417:Ranil
2024-03-22 18:48:03,180 - Message written to db test_417:Ranil
2024-03-22 18:48:03,816 - response received
2024-03-22 18:48:03,821 - Deleted message from the queue: test_007:Ranil
2024-03-22 18:48:03,826 - Message written to db test_007:Ranil
2024-03-22 18:48:04,992 - response received
2024-03-22 18:48:05,073 - Deleted message from the queue: test_985:Gerry
2024-03-22 18:48:05,079 - Message written to db test_985:Gerry
2024-03-22 18:48:05,119 - response received
2024-03-22 18:48:05,124 - Deleted message from the queue: test_588:Bill
2024-03-22 18:48:05,128 - Message written to db test_588:Bill
2024-03-22 18:48:05,718 - response received
2024-03-22 18:48:05,723 - Deleted message from the queue: test_600:Paul
2024-03-22 18:48:05,728 - Message written to db test_600:Paul
2024-03-22 18:48:05,903 - response received
2024-03-22 18:48:05,907 - Deleted message from the queue: test_614:Emily
2024-03-22 18:48:05,912 - Message written to db test_614:Emily
2024-03-22 18:48:06,294 - response received
2024-03-22 18:48:06,298 - Deleted message from the queue: test_952:Bob
2024-03-22 18:48:06,303 - Message written to db test_952:Bob
2024-03-22 18:48:06,673 - response received
2024-03-22 18:48:06,677 - Deleted message from the queue: test_402:Bob
2024-03-22 18:48:06,682 - Message written to db test_402:Bob
2024-03-22 18:48:07,009 - response received
2024-03-22 18:48:07,014 - Deleted message from the queue: test_198:Bill
2024-03-22 18:48:07,019 - Message written to db test_198:Bill
2024-03-22 18:48:09,135 - response received
2024-03-22 18:48:09,140 - Deleted message from the queue: test_826:Gerry
2024-03-22 18:48:09,145 - Message written to db test_826:Gerry
2024-03-22 18:48:09,916 - response received
2024-03-22 18:48:09,921 - Deleted message from the queue: test_947:Ranil
2024-03-22 18:48:09,926 - Message written to db test_947:Ranil
2024-03-22 18:48:10,918 - response received
2024-03-22 18:48:10,923 - Deleted message from the queue: test_761:Emily
2024-03-22 18:48:10,928 - Message written to db test_761:Emily
2024-03-22 18:48:11,620 - response received
2024-03-22 18:48:11,625 - Deleted message from the queue: test_748:Bill
2024-03-22 18:48:11,629 - Message written to db test_748:Bill
